[0.672s] Invoking command in '/home/kakurrix/Documents/Robotica/ejemplo1_ws/src/my_package': PYTHONPATH=/home/kakurrix/Documents/Robotica/ejemplo1_ws/build/my_package/prefix_override:/usr/lib/python3/dist-packages/colcon_core/task/python/colcon_distutils_commands:/home/kakurrix/Documents/Robotica/ejemplo1_ws/install/my_package/lib/python3.10/site-packages:${PYTHONPATH} /usr/bin/python3 -W ignore:setup.py install is deprecated -W ignore:easy_install command is deprecated setup.py egg_info --egg-base ../../build/my_package build --build-base /home/kakurrix/Documents/Robotica/ejemplo1_ws/build/my_package/build install --record /home/kakurrix/Documents/Robotica/ejemplo1_ws/build/my_package/install.log --single-version-externally-managed install_data
[0.948s] running egg_info
[0.949s] writing ../../build/my_package/my_package.egg-info/PKG-INFO
[0.949s] writing dependency_links to ../../build/my_package/my_package.egg-info/dependency_links.txt
[0.949s] writing entry points to ../../build/my_package/my_package.egg-info/entry_points.txt
[0.949s] writing requirements to ../../build/my_package/my_package.egg-info/requires.txt
[0.949s] writing top-level names to ../../build/my_package/my_package.egg-info/top_level.txt
[0.951s] reading manifest file '../../build/my_package/my_package.egg-info/SOURCES.txt'
[0.952s] writing manifest file '../../build/my_package/my_package.egg-info/SOURCES.txt'
[0.952s] running build
[0.952s] running build_py
[0.953s] copying my_package/pub.py -> /home/kakurrix/Documents/Robotica/ejemplo1_ws/build/my_package/build/lib/my_package
[0.953s] running install
[0.953s] running install_lib
[0.954s] copying /home/kakurrix/Documents/Robotica/ejemplo1_ws/build/my_package/build/lib/my_package/pub.py -> /home/kakurrix/Documents/Robotica/ejemplo1_ws/install/my_package/lib/python3.10/site-packages/my_package
[0.954s] byte-compiling /home/kakurrix/Documents/Robotica/ejemplo1_ws/install/my_package/lib/python3.10/site-packages/my_package/pub.py to pub.cpython-310.pyc
[0.955s] running install_data
[0.955s] running install_egg_info
[0.957s] removing '/home/kakurrix/Documents/Robotica/ejemplo1_ws/install/my_package/lib/python3.10/site-packages/my_package-0.0.0-py3.10.egg-info' (and everything under it)
[0.957s] Copying ../../build/my_package/my_package.egg-info to /home/kakurrix/Documents/Robotica/ejemplo1_ws/install/my_package/lib/python3.10/site-packages/my_package-0.0.0-py3.10.egg-info
[0.958s] running install_scripts
[0.978s] Installing ejemplo_pub script to /home/kakurrix/Documents/Robotica/ejemplo1_ws/install/my_package/lib/my_package
[0.979s] writing list of installed files to '/home/kakurrix/Documents/Robotica/ejemplo1_ws/build/my_package/install.log'
[1.000s] Invoked command in '/home/kakurrix/Documents/Robotica/ejemplo1_ws/src/my_package' returned '0': PYTHONPATH=/home/kakurrix/Documents/Robotica/ejemplo1_ws/build/my_package/prefix_override:/usr/lib/python3/dist-packages/colcon_core/task/python/colcon_distutils_commands:/home/kakurrix/Documents/Robotica/ejemplo1_ws/install/my_package/lib/python3.10/site-packages:${PYTHONPATH} /usr/bin/python3 -W ignore:setup.py install is deprecated -W ignore:easy_install command is deprecated setup.py egg_info --egg-base ../../build/my_package build --build-base /home/kakurrix/Documents/Robotica/ejemplo1_ws/build/my_package/build install --record /home/kakurrix/Documents/Robotica/ejemplo1_ws/build/my_package/install.log --single-version-externally-managed install_data
