[0.112s] DEBUG:colcon:Command line arguments: ['/usr/bin/colcon', 'build']
[0.112s] DEBUG:colcon:Parsed command line arguments: Namespace(log_base=None, log_level=None, verb_name='build', build_base='build', install_base='install', merge_install=False, symlink_install=False, test_result_base=None, continue_on_error=False, executor='parallel', parallel_workers=8, event_handlers=None, ignore_user_meta=False, metas=['./colcon.meta'], base_paths=['.'], packages_ignore=None, packages_ignore_regex=None, paths=None, packages_up_to=None, packages_up_to_regex=None, packages_above=None, packages_above_and_dependencies=None, packages_above_depth=None, packages_select_by_dep=None, packages_skip_by_dep=None, packages_skip_up_to=None, packages_select_build_failed=False, packages_skip_build_finished=False, packages_select_test_failures=False, packages_skip_test_passed=False, packages_select=None, packages_skip=None, packages_select_regex=None, packages_skip_regex=None, packages_start=None, packages_end=None, allow_overriding=[], cmake_args=None, cmake_target=None, cmake_target_skip_unavailable=False, cmake_clean_cache=False, cmake_clean_first=False, cmake_force_configure=False, ament_cmake_args=None, catkin_cmake_args=None, catkin_skip_building_tests=False, mixin_files=None, mixin=None, verb_parser=<colcon_mixin.mixin.mixin_argument.MixinArgumentDecorator object at 0x71d9b4a50880>, verb_extension=<colcon_core.verb.build.BuildVerb object at 0x71d9b4a501c0>, main=<bound method BuildVerb.main of <colcon_core.verb.build.BuildVerb object at 0x71d9b4a501c0>>, mixin_verb=('build',))
[0.282s] Level 1:colcon.colcon_core.package_discovery:discover_packages(colcon_meta) check parameters
[0.283s] Level 1:colcon.colcon_core.package_discovery:discover_packages(recursive) check parameters
[0.283s] Level 1:colcon.colcon_core.package_discovery:discover_packages(ignore) check parameters
[0.283s] Level 1:colcon.colcon_core.package_discovery:discover_packages(path) check parameters
[0.283s] Level 1:colcon.colcon_core.package_discovery:discover_packages(colcon_meta) discover
[0.283s] Level 1:colcon.colcon_core.package_discovery:discover_packages(recursive) discover
[0.283s] INFO:colcon.colcon_core.package_discovery:Crawling recursively for packages in '/home/kakurrix/Documents/Robotica/parcial1_ws'
[0.283s] Level 1:colcon.colcon_core.package_identification:_identify(.) by extensions ['ignore', 'ignore_ament_install']
[0.283s] Level 1:colcon.colcon_core.package_identification:_identify(.) by extension 'ignore'
[0.283s] Level 1:colcon.colcon_core.package_identification:_identify(.) by extension 'ignore_ament_install'
[0.283s] Level 1:colcon.colcon_core.package_identification:_identify(.) by extensions ['colcon_pkg']
[0.283s] Level 1:colcon.colcon_core.package_identification:_identify(.) by extension 'colcon_pkg'
[0.283s] Level 1:colcon.colcon_core.package_identification:_identify(.) by extensions ['colcon_meta']
[0.283s] Level 1:colcon.colcon_core.package_identification:_identify(.) by extension 'colcon_meta'
[0.283s] Level 1:colcon.colcon_core.package_identification:_identify(.) by extensions ['ros']
[0.283s] Level 1:colcon.colcon_core.package_identification:_identify(.) by extension 'ros'
[0.294s] Level 1:colcon.colcon_core.package_identification:_identify(.) by extensions ['cmake', 'python']
[0.295s] Level 1:colcon.colcon_core.package_identification:_identify(.) by extension 'cmake'
[0.295s] Level 1:colcon.colcon_core.package_identification:_identify(.) by extension 'python'
[0.295s] Level 1:colcon.colcon_core.package_identification:_identify(.) by extensions ['python_setup_py']
[0.295s] Level 1:colcon.colcon_core.package_identification:_identify(.) by extension 'python_setup_py'
[0.295s] Level 1:colcon.colcon_core.package_identification:_identify(build) by extensions ['ignore', 'ignore_ament_install']
[0.295s] Level 1:colcon.colcon_core.package_identification:_identify(build) by extension 'ignore'
[0.295s] Level 1:colcon.colcon_core.package_identification:_identify(build) ignored
[0.295s] Level 1:colcon.colcon_core.package_identification:_identify(install) by extensions ['ignore', 'ignore_ament_install']
[0.295s] Level 1:colcon.colcon_core.package_identification:_identify(install) by extension 'ignore'
[0.295s] Level 1:colcon.colcon_core.package_identification:_identify(install) ignored
[0.295s] Level 1:colcon.colcon_core.package_identification:_identify(log) by extensions ['ignore', 'ignore_ament_install']
[0.295s] Level 1:colcon.colcon_core.package_identification:_identify(log) by extension 'ignore'
[0.296s] Level 1:colcon.colcon_core.package_identification:_identify(log) ignored
[0.296s] Level 1:colcon.colcon_core.package_identification:_identify(src) by extensions ['ignore', 'ignore_ament_install']
[0.296s] Level 1:colcon.colcon_core.package_identification:_identify(src) by extension 'ignore'
[0.296s] Level 1:colcon.colcon_core.package_identification:_identify(src) by extension 'ignore_ament_install'
[0.296s] Level 1:colcon.colcon_core.package_identification:_identify(src) by extensions ['colcon_pkg']
[0.296s] Level 1:colcon.colcon_core.package_identification:_identify(src) by extension 'colcon_pkg'
[0.296s] Level 1:colcon.colcon_core.package_identification:_identify(src) by extensions ['colcon_meta']
[0.296s] Level 1:colcon.colcon_core.package_identification:_identify(src) by extension 'colcon_meta'
[0.296s] Level 1:colcon.colcon_core.package_identification:_identify(src) by extensions ['ros']
[0.296s] Level 1:colcon.colcon_core.package_identification:_identify(src) by extension 'ros'
[0.296s] Level 1:colcon.colcon_core.package_identification:_identify(src) by extensions ['cmake', 'python']
[0.296s] Level 1:colcon.colcon_core.package_identification:_identify(src) by extension 'cmake'
[0.296s] Level 1:colcon.colcon_core.package_identification:_identify(src) by extension 'python'
[0.296s] Level 1:colcon.colcon_core.package_identification:_identify(src) by extensions ['python_setup_py']
[0.296s] Level 1:colcon.colcon_core.package_identification:_identify(src) by extension 'python_setup_py'
[0.296s] Level 1:colcon.colcon_core.package_identification:_identify(src/ejer2py) by extensions ['ignore', 'ignore_ament_install']
[0.296s] Level 1:colcon.colcon_core.package_identification:_identify(src/ejer2py) by extension 'ignore'
[0.297s] Level 1:colcon.colcon_core.package_identification:_identify(src/ejer2py) by extension 'ignore_ament_install'
[0.297s] Level 1:colcon.colcon_core.package_identification:_identify(src/ejer2py) by extensions ['colcon_pkg']
[0.297s] Level 1:colcon.colcon_core.package_identification:_identify(src/ejer2py) by extension 'colcon_pkg'
[0.297s] Level 1:colcon.colcon_core.package_identification:_identify(src/ejer2py) by extensions ['colcon_meta']
[0.297s] Level 1:colcon.colcon_core.package_identification:_identify(src/ejer2py) by extension 'colcon_meta'
[0.297s] Level 1:colcon.colcon_core.package_identification:_identify(src/ejer2py) by extensions ['ros']
[0.297s] Level 1:colcon.colcon_core.package_identification:_identify(src/ejer2py) by extension 'ros'
[0.299s] DEBUG:colcon.colcon_core.package_identification:Package 'src/ejer2py' with type 'ros.ament_python' and name 'ejer2py'
[0.299s] Level 1:colcon.colcon_core.package_identification:_identify(src/ejer3py) by extensions ['ignore', 'ignore_ament_install']
[0.300s] Level 1:colcon.colcon_core.package_identification:_identify(src/ejer3py) by extension 'ignore'
[0.300s] Level 1:colcon.colcon_core.package_identification:_identify(src/ejer3py) by extension 'ignore_ament_install'
[0.300s] Level 1:colcon.colcon_core.package_identification:_identify(src/ejer3py) by extensions ['colcon_pkg']
[0.300s] Level 1:colcon.colcon_core.package_identification:_identify(src/ejer3py) by extension 'colcon_pkg'
[0.300s] Level 1:colcon.colcon_core.package_identification:_identify(src/ejer3py) by extensions ['colcon_meta']
[0.300s] Level 1:colcon.colcon_core.package_identification:_identify(src/ejer3py) by extension 'colcon_meta'
[0.300s] Level 1:colcon.colcon_core.package_identification:_identify(src/ejer3py) by extensions ['ros']
[0.300s] Level 1:colcon.colcon_core.package_identification:_identify(src/ejer3py) by extension 'ros'
[0.301s] DEBUG:colcon.colcon_core.package_identification:Package 'src/ejer3py' with type 'ros.ament_python' and name 'ejer3py'
[0.301s] Level 1:colcon.colcon_core.package_identification:_identify(src/mensaje) by extensions ['ignore', 'ignore_ament_install']
[0.301s] Level 1:colcon.colcon_core.package_identification:_identify(src/mensaje) by extension 'ignore'
[0.301s] Level 1:colcon.colcon_core.package_identification:_identify(src/mensaje) by extension 'ignore_ament_install'
[0.301s] Level 1:colcon.colcon_core.package_identification:_identify(src/mensaje) by extensions ['colcon_pkg']
[0.301s] Level 1:colcon.colcon_core.package_identification:_identify(src/mensaje) by extension 'colcon_pkg'
[0.301s] Level 1:colcon.colcon_core.package_identification:_identify(src/mensaje) by extensions ['colcon_meta']
[0.301s] Level 1:colcon.colcon_core.package_identification:_identify(src/mensaje) by extension 'colcon_meta'
[0.301s] Level 1:colcon.colcon_core.package_identification:_identify(src/mensaje) by extensions ['ros']
[0.301s] Level 1:colcon.colcon_core.package_identification:_identify(src/mensaje) by extension 'ros'
[0.302s] DEBUG:colcon.colcon_core.package_identification:Package 'src/mensaje' with type 'ros.ament_cmake' and name 'mensaje'
[0.302s] Level 1:colcon.colcon_core.package_identification:_identify(src/publicador) by extensions ['ignore', 'ignore_ament_install']
[0.302s] Level 1:colcon.colcon_core.package_identification:_identify(src/publicador) by extension 'ignore'
[0.302s] Level 1:colcon.colcon_core.package_identification:_identify(src/publicador) by extension 'ignore_ament_install'
[0.302s] Level 1:colcon.colcon_core.package_identification:_identify(src/publicador) by extensions ['colcon_pkg']
[0.302s] Level 1:colcon.colcon_core.package_identification:_identify(src/publicador) by extension 'colcon_pkg'
[0.302s] Level 1:colcon.colcon_core.package_identification:_identify(src/publicador) by extensions ['colcon_meta']
[0.302s] Level 1:colcon.colcon_core.package_identification:_identify(src/publicador) by extension 'colcon_meta'
[0.302s] Level 1:colcon.colcon_core.package_identification:_identify(src/publicador) by extensions ['ros']
[0.302s] Level 1:colcon.colcon_core.package_identification:_identify(src/publicador) by extension 'ros'
[0.303s] DEBUG:colcon.colcon_core.package_identification:Package 'src/publicador' with type 'ros.ament_python' and name 'publicador'
[0.303s] Level 1:colcon.colcon_core.package_discovery:discover_packages(recursive) using defaults
[0.303s] Level 1:colcon.colcon_core.package_discovery:discover_packages(ignore) discover
[0.303s] Level 1:colcon.colcon_core.package_discovery:discover_packages(ignore) using defaults
[0.303s] Level 1:colcon.colcon_core.package_discovery:discover_packages(path) discover
[0.303s] Level 1:colcon.colcon_core.package_discovery:discover_packages(path) using defaults
[0.332s] Level 1:colcon.colcon_core.package_discovery:discover_packages(prefix_path) check parameters
[0.333s] Level 1:colcon.colcon_core.package_discovery:discover_packages(prefix_path) discover
[0.335s] DEBUG:colcon.colcon_installed_package_information.package_discovery:Found 271 installed packages in /opt/ros/humble
[0.336s] Level 1:colcon.colcon_core.package_discovery:discover_packages(prefix_path) using defaults
[0.374s] Level 5:colcon.colcon_core.verb:set package 'ejer2py' build argument 'cmake_args' from command line to 'None'
[0.374s] Level 5:colcon.colcon_core.verb:set package 'ejer2py' build argument 'cmake_target' from command line to 'None'
[0.374s] Level 5:colcon.colcon_core.verb:set package 'ejer2py' build argument 'cmake_target_skip_unavailable' from command line to 'False'
[0.374s] Level 5:colcon.colcon_core.verb:set package 'ejer2py' build argument 'cmake_clean_cache' from command line to 'False'
[0.374s] Level 5:colcon.colcon_core.verb:set package 'ejer2py' build argument 'cmake_clean_first' from command line to 'False'
[0.374s] Level 5:colcon.colcon_core.verb:set package 'ejer2py' build argument 'cmake_force_configure' from command line to 'False'
[0.374s] Level 5:colcon.colcon_core.verb:set package 'ejer2py' build argument 'ament_cmake_args' from command line to 'None'
[0.374s] Level 5:colcon.colcon_core.verb:set package 'ejer2py' build argument 'catkin_cmake_args' from command line to 'None'
[0.375s] Level 5:colcon.colcon_core.verb:set package 'ejer2py' build argument 'catkin_skip_building_tests' from command line to 'False'
[0.375s] DEBUG:colcon.colcon_core.verb:Building package 'ejer2py' with the following arguments: {'ament_cmake_args': None, 'build_base': '/home/kakurrix/Documents/Robotica/parcial1_ws/build/ejer2py', 'catkin_cmake_args': None, 'catkin_skip_building_tests': False, 'cmake_args': None, 'cmake_clean_cache': False, 'cmake_clean_first': False, 'cmake_force_configure': False, 'cmake_target': None, 'cmake_target_skip_unavailable': False, 'install_base': '/home/kakurrix/Documents/Robotica/parcial1_ws/install/ejer2py', 'merge_install': False, 'path': '/home/kakurrix/Documents/Robotica/parcial1_ws/src/ejer2py', 'symlink_install': False, 'test_result_base': None}
[0.375s] Level 5:colcon.colcon_core.verb:set package 'ejer3py' build argument 'cmake_args' from command line to 'None'
[0.375s] Level 5:colcon.colcon_core.verb:set package 'ejer3py' build argument 'cmake_target' from command line to 'None'
[0.375s] Level 5:colcon.colcon_core.verb:set package 'ejer3py' build argument 'cmake_target_skip_unavailable' from command line to 'False'
[0.375s] Level 5:colcon.colcon_core.verb:set package 'ejer3py' build argument 'cmake_clean_cache' from command line to 'False'
[0.375s] Level 5:colcon.colcon_core.verb:set package 'ejer3py' build argument 'cmake_clean_first' from command line to 'False'
[0.375s] Level 5:colcon.colcon_core.verb:set package 'ejer3py' build argument 'cmake_force_configure' from command line to 'False'
[0.375s] Level 5:colcon.colcon_core.verb:set package 'ejer3py' build argument 'ament_cmake_args' from command line to 'None'
[0.375s] Level 5:colcon.colcon_core.verb:set package 'ejer3py' build argument 'catkin_cmake_args' from command line to 'None'
[0.375s] Level 5:colcon.colcon_core.verb:set package 'ejer3py' build argument 'catkin_skip_building_tests' from command line to 'False'
[0.375s] DEBUG:colcon.colcon_core.verb:Building package 'ejer3py' with the following arguments: {'ament_cmake_args': None, 'build_base': '/home/kakurrix/Documents/Robotica/parcial1_ws/build/ejer3py', 'catkin_cmake_args': None, 'catkin_skip_building_tests': False, 'cmake_args': None, 'cmake_clean_cache': False, 'cmake_clean_first': False, 'cmake_force_configure': False, 'cmake_target': None, 'cmake_target_skip_unavailable': False, 'install_base': '/home/kakurrix/Documents/Robotica/parcial1_ws/install/ejer3py', 'merge_install': False, 'path': '/home/kakurrix/Documents/Robotica/parcial1_ws/src/ejer3py', 'symlink_install': False, 'test_result_base': None}
[0.376s] Level 5:colcon.colcon_core.verb:set package 'mensaje' build argument 'cmake_args' from command line to 'None'
[0.376s] Level 5:colcon.colcon_core.verb:set package 'mensaje' build argument 'cmake_target' from command line to 'None'
[0.376s] Level 5:colcon.colcon_core.verb:set package 'mensaje' build argument 'cmake_target_skip_unavailable' from command line to 'False'
[0.376s] Level 5:colcon.colcon_core.verb:set package 'mensaje' build argument 'cmake_clean_cache' from command line to 'False'
[0.376s] Level 5:colcon.colcon_core.verb:set package 'mensaje' build argument 'cmake_clean_first' from command line to 'False'
[0.376s] Level 5:colcon.colcon_core.verb:set package 'mensaje' build argument 'cmake_force_configure' from command line to 'False'
[0.376s] Level 5:colcon.colcon_core.verb:set package 'mensaje' build argument 'ament_cmake_args' from command line to 'None'
[0.376s] Level 5:colcon.colcon_core.verb:set package 'mensaje' build argument 'catkin_cmake_args' from command line to 'None'
[0.376s] Level 5:colcon.colcon_core.verb:set package 'mensaje' build argument 'catkin_skip_building_tests' from command line to 'False'
[0.376s] DEBUG:colcon.colcon_core.verb:Building package 'mensaje' with the following arguments: {'ament_cmake_args': None, 'build_base': '/home/kakurrix/Documents/Robotica/parcial1_ws/build/mensaje', 'catkin_cmake_args': None, 'catkin_skip_building_tests': False, 'cmake_args': None, 'cmake_clean_cache': False, 'cmake_clean_first': False, 'cmake_force_configure': False, 'cmake_target': None, 'cmake_target_skip_unavailable': False, 'install_base': '/home/kakurrix/Documents/Robotica/parcial1_ws/install/mensaje', 'merge_install': False, 'path': '/home/kakurrix/Documents/Robotica/parcial1_ws/src/mensaje', 'symlink_install': False, 'test_result_base': None}
[0.376s] Level 5:colcon.colcon_core.verb:set package 'publicador' build argument 'cmake_args' from command line to 'None'
[0.376s] Level 5:colcon.colcon_core.verb:set package 'publicador' build argument 'cmake_target' from command line to 'None'
[0.376s] Level 5:colcon.colcon_core.verb:set package 'publicador' build argument 'cmake_target_skip_unavailable' from command line to 'False'
[0.376s] Level 5:colcon.colcon_core.verb:set package 'publicador' build argument 'cmake_clean_cache' from command line to 'False'
[0.376s] Level 5:colcon.colcon_core.verb:set package 'publicador' build argument 'cmake_clean_first' from command line to 'False'
[0.376s] Level 5:colcon.colcon_core.verb:set package 'publicador' build argument 'cmake_force_configure' from command line to 'False'
[0.376s] Level 5:colcon.colcon_core.verb:set package 'publicador' build argument 'ament_cmake_args' from command line to 'None'
[0.376s] Level 5:colcon.colcon_core.verb:set package 'publicador' build argument 'catkin_cmake_args' from command line to 'None'
[0.376s] Level 5:colcon.colcon_core.verb:set package 'publicador' build argument 'catkin_skip_building_tests' from command line to 'False'
[0.377s] DEBUG:colcon.colcon_core.verb:Building package 'publicador' with the following arguments: {'ament_cmake_args': None, 'build_base': '/home/kakurrix/Documents/Robotica/parcial1_ws/build/publicador', 'catkin_cmake_args': None, 'catkin_skip_building_tests': False, 'cmake_args': None, 'cmake_clean_cache': False, 'cmake_clean_first': False, 'cmake_force_configure': False, 'cmake_target': None, 'cmake_target_skip_unavailable': False, 'install_base': '/home/kakurrix/Documents/Robotica/parcial1_ws/install/publicador', 'merge_install': False, 'path': '/home/kakurrix/Documents/Robotica/parcial1_ws/src/publicador', 'symlink_install': False, 'test_result_base': None}
[0.377s] INFO:colcon.colcon_core.executor:Executing jobs using 'parallel' executor
[0.378s] DEBUG:colcon.colcon_parallel_executor.executor.parallel:run_until_complete
[0.378s] INFO:colcon.colcon_ros.task.ament_python.build:Building ROS package in '/home/kakurrix/Documents/Robotica/parcial1_ws/src/ejer2py' with build type 'ament_python'
[0.378s] Level 1:colcon.colcon_core.shell:create_environment_hook('ejer2py', 'ament_prefix_path')
[0.380s] INFO:colcon.colcon_core.plugin_system:Skipping extension 'colcon_core.shell.bat': Not used on non-Windows systems
[0.380s] INFO:colcon.colcon_core.shell:Creating environment hook '/home/kakurrix/Documents/Robotica/parcial1_ws/install/ejer2py/share/ejer2py/hook/ament_prefix_path.ps1'
[0.381s] INFO:colcon.colcon_core.shell:Creating environment descriptor '/home/kakurrix/Documents/Robotica/parcial1_ws/install/ejer2py/share/ejer2py/hook/ament_prefix_path.dsv'
[0.382s] INFO:colcon.colcon_core.shell:Creating environment hook '/home/kakurrix/Documents/Robotica/parcial1_ws/install/ejer2py/share/ejer2py/hook/ament_prefix_path.sh'
[0.382s] INFO:colcon.colcon_core.shell:Skip shell extension 'powershell' for command environment: Not usable outside of PowerShell
[0.382s] DEBUG:colcon.colcon_core.shell:Skip shell extension 'dsv' for command environment
[0.385s] INFO:colcon.colcon_ros.task.ament_python.build:Building ROS package in '/home/kakurrix/Documents/Robotica/parcial1_ws/src/ejer3py' with build type 'ament_python'
[0.385s] Level 1:colcon.colcon_core.shell:create_environment_hook('ejer3py', 'ament_prefix_path')
[0.385s] INFO:colcon.colcon_core.shell:Creating environment hook '/home/kakurrix/Documents/Robotica/parcial1_ws/install/ejer3py/share/ejer3py/hook/ament_prefix_path.ps1'
[0.386s] INFO:colcon.colcon_core.shell:Creating environment descriptor '/home/kakurrix/Documents/Robotica/parcial1_ws/install/ejer3py/share/ejer3py/hook/ament_prefix_path.dsv'
[0.386s] INFO:colcon.colcon_core.shell:Creating environment hook '/home/kakurrix/Documents/Robotica/parcial1_ws/install/ejer3py/share/ejer3py/hook/ament_prefix_path.sh'
[0.387s] INFO:colcon.colcon_core.shell:Skip shell extension 'powershell' for command environment: Not usable outside of PowerShell
[0.387s] DEBUG:colcon.colcon_core.shell:Skip shell extension 'dsv' for command environment
[0.389s] INFO:colcon.colcon_ros.task.ament_cmake.build:Building ROS package in '/home/kakurrix/Documents/Robotica/parcial1_ws/src/mensaje' with build type 'ament_cmake'
[0.389s] INFO:colcon.colcon_cmake.task.cmake.build:Building CMake package in '/home/kakurrix/Documents/Robotica/parcial1_ws/src/mensaje'
[0.390s] INFO:colcon.colcon_core.shell:Skip shell extension 'powershell' for command environment: Not usable outside of PowerShell
[0.390s] DEBUG:colcon.colcon_core.shell:Skip shell extension 'dsv' for command environment
[0.393s] INFO:colcon.colcon_ros.task.ament_python.build:Building ROS package in '/home/kakurrix/Documents/Robotica/parcial1_ws/src/publicador' with build type 'ament_python'
[0.393s] Level 1:colcon.colcon_core.shell:create_environment_hook('publicador', 'ament_prefix_path')
[0.394s] INFO:colcon.colcon_core.shell:Creating environment hook '/home/kakurrix/Documents/Robotica/parcial1_ws/install/publicador/share/publicador/hook/ament_prefix_path.ps1'
[0.395s] INFO:colcon.colcon_core.shell:Creating environment descriptor '/home/kakurrix/Documents/Robotica/parcial1_ws/install/publicador/share/publicador/hook/ament_prefix_path.dsv'
[0.395s] INFO:colcon.colcon_core.shell:Creating environment hook '/home/kakurrix/Documents/Robotica/parcial1_ws/install/publicador/share/publicador/hook/ament_prefix_path.sh'
[0.396s] INFO:colcon.colcon_core.shell:Skip shell extension 'powershell' for command environment: Not usable outside of PowerShell
[0.396s] DEBUG:colcon.colcon_core.shell:Skip shell extension 'dsv' for command environment
[0.654s] INFO:colcon.colcon_core.task.python.build:Building Python package in '/home/kakurrix/Documents/Robotica/parcial1_ws/src/ejer2py'
[0.654s] INFO:colcon.colcon_core.shell:Skip shell extension 'powershell' for command environment: Not usable outside of PowerShell
[0.654s] DEBUG:colcon.colcon_core.shell:Skip shell extension 'dsv' for command environment
[0.913s] INFO:colcon.colcon_core.task.python.build:Building Python package in '/home/kakurrix/Documents/Robotica/parcial1_ws/src/ejer3py'
[0.913s] INFO:colcon.colcon_core.shell:Skip shell extension 'powershell' for command environment: Not usable outside of PowerShell
[0.914s] DEBUG:colcon.colcon_core.shell:Skip shell extension 'dsv' for command environment
[0.921s] DEBUG:colcon.colcon_core.event_handler.log_command:Invoking command in '/home/kakurrix/Documents/Robotica/parcial1_ws/build/mensaje': CMAKE_PREFIX_PATH=/opt/ros/humble /usr/bin/cmake --build /home/kakurrix/Documents/Robotica/parcial1_ws/build/mensaje -- -j8 -l8
[1.203s] INFO:colcon.colcon_core.task.python.build:Building Python package in '/home/kakurrix/Documents/Robotica/parcial1_ws/src/publicador'
[1.203s] INFO:colcon.colcon_core.shell:Skip shell extension 'powershell' for command environment: Not usable outside of PowerShell
[1.203s] DEBUG:colcon.colcon_core.shell:Skip shell extension 'dsv' for command environment
[1.284s] DEBUG:colcon.colcon_core.event_handler.log_command:Invoked command in '/home/kakurrix/Documents/Robotica/parcial1_ws/build/mensaje' returned '0': CMAKE_PREFIX_PATH=/opt/ros/humble /usr/bin/cmake --build /home/kakurrix/Documents/Robotica/parcial1_ws/build/mensaje -- -j8 -l8
[1.294s] DEBUG:colcon.colcon_core.event_handler.log_command:Invoking command in '/home/kakurrix/Documents/Robotica/parcial1_ws/build/mensaje': CMAKE_PREFIX_PATH=/opt/ros/humble /usr/bin/cmake --install /home/kakurrix/Documents/Robotica/parcial1_ws/build/mensaje
[1.371s] Level 1:colcon.colcon_core.environment:create_environment_scripts_only(mensaje)
[1.371s] DEBUG:colcon.colcon_core.event_handler.log_command:Invoked command in '/home/kakurrix/Documents/Robotica/parcial1_ws/build/mensaje' returned '0': CMAKE_PREFIX_PATH=/opt/ros/humble /usr/bin/cmake --install /home/kakurrix/Documents/Robotica/parcial1_ws/build/mensaje
[1.373s] Level 1:colcon.colcon_core.environment:checking '/home/kakurrix/Documents/Robotica/parcial1_ws/install/mensaje' for CMake module files
[1.374s] Level 1:colcon.colcon_core.environment:checking '/home/kakurrix/Documents/Robotica/parcial1_ws/install/mensaje' for CMake config files
[1.375s] Level 1:colcon.colcon_core.shell:create_environment_hook('mensaje', 'cmake_prefix_path')
[1.375s] INFO:colcon.colcon_core.shell:Creating environment hook '/home/kakurrix/Documents/Robotica/parcial1_ws/install/mensaje/share/mensaje/hook/cmake_prefix_path.ps1'
[1.376s] INFO:colcon.colcon_core.shell:Creating environment descriptor '/home/kakurrix/Documents/Robotica/parcial1_ws/install/mensaje/share/mensaje/hook/cmake_prefix_path.dsv'
[1.376s] INFO:colcon.colcon_core.shell:Creating environment hook '/home/kakurrix/Documents/Robotica/parcial1_ws/install/mensaje/share/mensaje/hook/cmake_prefix_path.sh'
[1.377s] Level 1:colcon.colcon_core.environment:checking '/home/kakurrix/Documents/Robotica/parcial1_ws/install/mensaje/lib'
[1.377s] Level 1:colcon.colcon_core.shell:create_environment_hook('mensaje', 'ld_library_path_lib')
[1.377s] INFO:colcon.colcon_core.shell:Creating environment hook '/home/kakurrix/Documents/Robotica/parcial1_ws/install/mensaje/share/mensaje/hook/ld_library_path_lib.ps1'
[1.377s] INFO:colcon.colcon_core.shell:Creating environment descriptor '/home/kakurrix/Documents/Robotica/parcial1_ws/install/mensaje/share/mensaje/hook/ld_library_path_lib.dsv'
[1.378s] INFO:colcon.colcon_core.shell:Creating environment hook '/home/kakurrix/Documents/Robotica/parcial1_ws/install/mensaje/share/mensaje/hook/ld_library_path_lib.sh'
[1.378s] Level 1:colcon.colcon_core.environment:checking '/home/kakurrix/Documents/Robotica/parcial1_ws/install/mensaje/bin'
[1.378s] Level 1:colcon.colcon_core.environment:checking '/home/kakurrix/Documents/Robotica/parcial1_ws/install/mensaje/lib/pkgconfig/mensaje.pc'
[1.378s] Level 1:colcon.colcon_core.environment:checking '/home/kakurrix/Documents/Robotica/parcial1_ws/install/mensaje/lib/python3.10/site-packages'
[1.379s] Level 1:colcon.colcon_core.environment:checking '/home/kakurrix/Documents/Robotica/parcial1_ws/install/mensaje/bin'
[1.379s] INFO:colcon.colcon_core.shell:Creating package script '/home/kakurrix/Documents/Robotica/parcial1_ws/install/mensaje/share/mensaje/package.ps1'
[1.380s] INFO:colcon.colcon_core.shell:Creating package descriptor '/home/kakurrix/Documents/Robotica/parcial1_ws/install/mensaje/share/mensaje/package.dsv'
[1.381s] INFO:colcon.colcon_core.shell:Creating package script '/home/kakurrix/Documents/Robotica/parcial1_ws/install/mensaje/share/mensaje/package.sh'
[1.381s] INFO:colcon.colcon_core.shell:Creating package script '/home/kakurrix/Documents/Robotica/parcial1_ws/install/mensaje/share/mensaje/package.bash'
[1.382s] INFO:colcon.colcon_core.shell:Creating package script '/home/kakurrix/Documents/Robotica/parcial1_ws/install/mensaje/share/mensaje/package.zsh'
[1.383s] Level 1:colcon.colcon_core.environment:create_file_with_runtime_dependencies(/home/kakurrix/Documents/Robotica/parcial1_ws/install/mensaje/share/colcon-core/packages/mensaje)
[1.383s] Level 1:colcon.colcon_core.environment:create_environment_scripts_only(mensaje)
[1.384s] Level 1:colcon.colcon_core.environment:checking '/home/kakurrix/Documents/Robotica/parcial1_ws/install/mensaje' for CMake module files
[1.384s] Level 1:colcon.colcon_core.environment:checking '/home/kakurrix/Documents/Robotica/parcial1_ws/install/mensaje' for CMake config files
[1.385s] Level 1:colcon.colcon_core.shell:create_environment_hook('mensaje', 'cmake_prefix_path')
[1.385s] INFO:colcon.colcon_core.shell:Creating environment hook '/home/kakurrix/Documents/Robotica/parcial1_ws/install/mensaje/share/mensaje/hook/cmake_prefix_path.ps1'
[1.385s] INFO:colcon.colcon_core.shell:Creating environment descriptor '/home/kakurrix/Documents/Robotica/parcial1_ws/install/mensaje/share/mensaje/hook/cmake_prefix_path.dsv'
[1.386s] INFO:colcon.colcon_core.shell:Creating environment hook '/home/kakurrix/Documents/Robotica/parcial1_ws/install/mensaje/share/mensaje/hook/cmake_prefix_path.sh'
[1.386s] Level 1:colcon.colcon_core.environment:checking '/home/kakurrix/Documents/Robotica/parcial1_ws/install/mensaje/lib'
[1.386s] Level 1:colcon.colcon_core.shell:create_environment_hook('mensaje', 'ld_library_path_lib')
[1.387s] INFO:colcon.colcon_core.shell:Creating environment hook '/home/kakurrix/Documents/Robotica/parcial1_ws/install/mensaje/share/mensaje/hook/ld_library_path_lib.ps1'
[1.387s] INFO:colcon.colcon_core.shell:Creating environment descriptor '/home/kakurrix/Documents/Robotica/parcial1_ws/install/mensaje/share/mensaje/hook/ld_library_path_lib.dsv'
[1.387s] INFO:colcon.colcon_core.shell:Creating environment hook '/home/kakurrix/Documents/Robotica/parcial1_ws/install/mensaje/share/mensaje/hook/ld_library_path_lib.sh'
[1.388s] Level 1:colcon.colcon_core.environment:checking '/home/kakurrix/Documents/Robotica/parcial1_ws/install/mensaje/bin'
[1.388s] Level 1:colcon.colcon_core.environment:checking '/home/kakurrix/Documents/Robotica/parcial1_ws/install/mensaje/lib/pkgconfig/mensaje.pc'
[1.388s] Level 1:colcon.colcon_core.environment:checking '/home/kakurrix/Documents/Robotica/parcial1_ws/install/mensaje/lib/python3.10/site-packages'
[1.388s] Level 1:colcon.colcon_core.environment:checking '/home/kakurrix/Documents/Robotica/parcial1_ws/install/mensaje/bin'
[1.389s] INFO:colcon.colcon_core.shell:Creating package script '/home/kakurrix/Documents/Robotica/parcial1_ws/install/mensaje/share/mensaje/package.ps1'
[1.389s] INFO:colcon.colcon_core.shell:Creating package descriptor '/home/kakurrix/Documents/Robotica/parcial1_ws/install/mensaje/share/mensaje/package.dsv'
[1.390s] INFO:colcon.colcon_core.shell:Creating package script '/home/kakurrix/Documents/Robotica/parcial1_ws/install/mensaje/share/mensaje/package.sh'
[1.390s] INFO:colcon.colcon_core.shell:Creating package script '/home/kakurrix/Documents/Robotica/parcial1_ws/install/mensaje/share/mensaje/package.bash'
[1.390s] INFO:colcon.colcon_core.shell:Creating package script '/home/kakurrix/Documents/Robotica/parcial1_ws/install/mensaje/share/mensaje/package.zsh'
[1.391s] Level 1:colcon.colcon_core.environment:create_file_with_runtime_dependencies(/home/kakurrix/Documents/Robotica/parcial1_ws/install/mensaje/share/colcon-core/packages/mensaje)
[1.564s] DEBUG:colcon.colcon_core.event_handler.log_command:Invoking command in '/home/kakurrix/Documents/Robotica/parcial1_ws/src/ejer3py': PYTHONPATH=/home/kakurrix/Documents/Robotica/parcial1_ws/build/ejer3py/prefix_override:/usr/lib/python3/dist-packages/colcon_core/task/python/colcon_distutils_commands:/home/kakurrix/Documents/Robotica/parcial1_ws/install/ejer3py/lib/python3.10/site-packages:${PYTHONPATH} /usr/bin/python3 -W ignore:setup.py install is deprecated -W ignore:easy_install command is deprecated setup.py egg_info --egg-base ../../build/ejer3py build --build-base /home/kakurrix/Documents/Robotica/parcial1_ws/build/ejer3py/build install --record /home/kakurrix/Documents/Robotica/parcial1_ws/build/ejer3py/install.log --single-version-externally-managed install_data
[1.566s] DEBUG:colcon.colcon_core.event_handler.log_command:Invoking command in '/home/kakurrix/Documents/Robotica/parcial1_ws/src/publicador': PYTHONPATH=/home/kakurrix/Documents/Robotica/parcial1_ws/build/publicador/prefix_override:/usr/lib/python3/dist-packages/colcon_core/task/python/colcon_distutils_commands:/home/kakurrix/Documents/Robotica/parcial1_ws/install/publicador/lib/python3.10/site-packages:${PYTHONPATH} /usr/bin/python3 -W ignore:setup.py install is deprecated -W ignore:easy_install command is deprecated setup.py egg_info --egg-base ../../build/publicador build --build-base /home/kakurrix/Documents/Robotica/parcial1_ws/build/publicador/build install --record /home/kakurrix/Documents/Robotica/parcial1_ws/build/publicador/install.log --single-version-externally-managed install_data
[1.595s] DEBUG:colcon.colcon_core.event_handler.log_command:Invoking command in '/home/kakurrix/Documents/Robotica/parcial1_ws/src/ejer2py': PYTHONPATH=/home/kakurrix/Documents/Robotica/parcial1_ws/build/ejer2py/prefix_override:/usr/lib/python3/dist-packages/colcon_core/task/python/colcon_distutils_commands:/home/kakurrix/Documents/Robotica/parcial1_ws/install/ejer2py/lib/python3.10/site-packages:${PYTHONPATH} /usr/bin/python3 -W ignore:setup.py install is deprecated -W ignore:easy_install command is deprecated setup.py egg_info --egg-base ../../build/ejer2py build --build-base /home/kakurrix/Documents/Robotica/parcial1_ws/build/ejer2py/build install --record /home/kakurrix/Documents/Robotica/parcial1_ws/build/ejer2py/install.log --single-version-externally-managed install_data
[1.872s] Level 1:colcon.colcon_core.environment:checking '/home/kakurrix/Documents/Robotica/parcial1_ws/install/publicador' for CMake module files
[1.873s] DEBUG:colcon.colcon_core.event_handler.log_command:Invoked command in '/home/kakurrix/Documents/Robotica/parcial1_ws/src/publicador' returned '0': PYTHONPATH=/home/kakurrix/Documents/Robotica/parcial1_ws/build/publicador/prefix_override:/usr/lib/python3/dist-packages/colcon_core/task/python/colcon_distutils_commands:/home/kakurrix/Documents/Robotica/parcial1_ws/install/publicador/lib/python3.10/site-packages:${PYTHONPATH} /usr/bin/python3 -W ignore:setup.py install is deprecated -W ignore:easy_install command is deprecated setup.py egg_info --egg-base ../../build/publicador build --build-base /home/kakurrix/Documents/Robotica/parcial1_ws/build/publicador/build install --record /home/kakurrix/Documents/Robotica/parcial1_ws/build/publicador/install.log --single-version-externally-managed install_data
[1.873s] Level 1:colcon.colcon_core.environment:checking '/home/kakurrix/Documents/Robotica/parcial1_ws/install/publicador' for CMake config files
[1.874s] Level 1:colcon.colcon_core.environment:checking '/home/kakurrix/Documents/Robotica/parcial1_ws/install/publicador/lib'
[1.874s] Level 1:colcon.colcon_core.environment:checking '/home/kakurrix/Documents/Robotica/parcial1_ws/install/publicador/bin'
[1.874s] Level 1:colcon.colcon_core.environment:checking '/home/kakurrix/Documents/Robotica/parcial1_ws/install/publicador/lib/pkgconfig/publicador.pc'
[1.875s] Level 1:colcon.colcon_core.environment:checking '/home/kakurrix/Documents/Robotica/parcial1_ws/install/publicador/lib/python3.10/site-packages'
[1.875s] Level 1:colcon.colcon_core.shell:create_environment_hook('publicador', 'pythonpath')
[1.875s] INFO:colcon.colcon_core.shell:Creating environment hook '/home/kakurrix/Documents/Robotica/parcial1_ws/install/publicador/share/publicador/hook/pythonpath.ps1'
[1.876s] INFO:colcon.colcon_core.shell:Creating environment descriptor '/home/kakurrix/Documents/Robotica/parcial1_ws/install/publicador/share/publicador/hook/pythonpath.dsv'
[1.877s] INFO:colcon.colcon_core.shell:Creating environment hook '/home/kakurrix/Documents/Robotica/parcial1_ws/install/publicador/share/publicador/hook/pythonpath.sh'
[1.877s] Level 1:colcon.colcon_core.environment:checking '/home/kakurrix/Documents/Robotica/parcial1_ws/install/publicador/bin'
[1.878s] Level 1:colcon.colcon_core.environment:create_environment_scripts_only(publicador)
[1.878s] INFO:colcon.colcon_core.shell:Creating package script '/home/kakurrix/Documents/Robotica/parcial1_ws/install/publicador/share/publicador/package.ps1'
[1.879s] INFO:colcon.colcon_core.shell:Creating package descriptor '/home/kakurrix/Documents/Robotica/parcial1_ws/install/publicador/share/publicador/package.dsv'
[1.880s] INFO:colcon.colcon_core.shell:Creating package script '/home/kakurrix/Documents/Robotica/parcial1_ws/install/publicador/share/publicador/package.sh'
[1.881s] INFO:colcon.colcon_core.shell:Creating package script '/home/kakurrix/Documents/Robotica/parcial1_ws/install/publicador/share/publicador/package.bash'
[1.882s] INFO:colcon.colcon_core.shell:Creating package script '/home/kakurrix/Documents/Robotica/parcial1_ws/install/publicador/share/publicador/package.zsh'
[1.882s] Level 1:colcon.colcon_core.environment:create_file_with_runtime_dependencies(/home/kakurrix/Documents/Robotica/parcial1_ws/install/publicador/share/colcon-core/packages/publicador)
[1.884s] Level 1:colcon.colcon_core.environment:checking '/home/kakurrix/Documents/Robotica/parcial1_ws/install/ejer3py' for CMake module files
[1.885s] DEBUG:colcon.colcon_core.event_handler.log_command:Invoked command in '/home/kakurrix/Documents/Robotica/parcial1_ws/src/ejer3py' returned '0': PYTHONPATH=/home/kakurrix/Documents/Robotica/parcial1_ws/build/ejer3py/prefix_override:/usr/lib/python3/dist-packages/colcon_core/task/python/colcon_distutils_commands:/home/kakurrix/Documents/Robotica/parcial1_ws/install/ejer3py/lib/python3.10/site-packages:${PYTHONPATH} /usr/bin/python3 -W ignore:setup.py install is deprecated -W ignore:easy_install command is deprecated setup.py egg_info --egg-base ../../build/ejer3py build --build-base /home/kakurrix/Documents/Robotica/parcial1_ws/build/ejer3py/build install --record /home/kakurrix/Documents/Robotica/parcial1_ws/build/ejer3py/install.log --single-version-externally-managed install_data
[1.885s] Level 1:colcon.colcon_core.environment:checking '/home/kakurrix/Documents/Robotica/parcial1_ws/install/ejer3py' for CMake config files
[1.886s] Level 1:colcon.colcon_core.environment:checking '/home/kakurrix/Documents/Robotica/parcial1_ws/install/ejer3py/lib'
[1.886s] Level 1:colcon.colcon_core.environment:checking '/home/kakurrix/Documents/Robotica/parcial1_ws/install/ejer3py/bin'
[1.886s] Level 1:colcon.colcon_core.environment:checking '/home/kakurrix/Documents/Robotica/parcial1_ws/install/ejer3py/lib/pkgconfig/ejer3py.pc'
[1.886s] Level 1:colcon.colcon_core.environment:checking '/home/kakurrix/Documents/Robotica/parcial1_ws/install/ejer3py/lib/python3.10/site-packages'
[1.887s] Level 1:colcon.colcon_core.shell:create_environment_hook('ejer3py', 'pythonpath')
[1.887s] INFO:colcon.colcon_core.shell:Creating environment hook '/home/kakurrix/Documents/Robotica/parcial1_ws/install/ejer3py/share/ejer3py/hook/pythonpath.ps1'
[1.888s] INFO:colcon.colcon_core.shell:Creating environment descriptor '/home/kakurrix/Documents/Robotica/parcial1_ws/install/ejer3py/share/ejer3py/hook/pythonpath.dsv'
[1.888s] INFO:colcon.colcon_core.shell:Creating environment hook '/home/kakurrix/Documents/Robotica/parcial1_ws/install/ejer3py/share/ejer3py/hook/pythonpath.sh'
[1.889s] Level 1:colcon.colcon_core.environment:checking '/home/kakurrix/Documents/Robotica/parcial1_ws/install/ejer3py/bin'
[1.889s] Level 1:colcon.colcon_core.environment:create_environment_scripts_only(ejer3py)
[1.890s] INFO:colcon.colcon_core.shell:Creating package script '/home/kakurrix/Documents/Robotica/parcial1_ws/install/ejer3py/share/ejer3py/package.ps1'
[1.891s] INFO:colcon.colcon_core.shell:Creating package descriptor '/home/kakurrix/Documents/Robotica/parcial1_ws/install/ejer3py/share/ejer3py/package.dsv'
[1.891s] INFO:colcon.colcon_core.shell:Creating package script '/home/kakurrix/Documents/Robotica/parcial1_ws/install/ejer3py/share/ejer3py/package.sh'
[1.892s] INFO:colcon.colcon_core.shell:Creating package script '/home/kakurrix/Documents/Robotica/parcial1_ws/install/ejer3py/share/ejer3py/package.bash'
[1.892s] INFO:colcon.colcon_core.shell:Creating package script '/home/kakurrix/Documents/Robotica/parcial1_ws/install/ejer3py/share/ejer3py/package.zsh'
[1.893s] Level 1:colcon.colcon_core.environment:create_file_with_runtime_dependencies(/home/kakurrix/Documents/Robotica/parcial1_ws/install/ejer3py/share/colcon-core/packages/ejer3py)
[1.908s] Level 1:colcon.colcon_core.environment:checking '/home/kakurrix/Documents/Robotica/parcial1_ws/install/ejer2py' for CMake module files
[1.909s] DEBUG:colcon.colcon_core.event_handler.log_command:Invoked command in '/home/kakurrix/Documents/Robotica/parcial1_ws/src/ejer2py' returned '0': PYTHONPATH=/home/kakurrix/Documents/Robotica/parcial1_ws/build/ejer2py/prefix_override:/usr/lib/python3/dist-packages/colcon_core/task/python/colcon_distutils_commands:/home/kakurrix/Documents/Robotica/parcial1_ws/install/ejer2py/lib/python3.10/site-packages:${PYTHONPATH} /usr/bin/python3 -W ignore:setup.py install is deprecated -W ignore:easy_install command is deprecated setup.py egg_info --egg-base ../../build/ejer2py build --build-base /home/kakurrix/Documents/Robotica/parcial1_ws/build/ejer2py/build install --record /home/kakurrix/Documents/Robotica/parcial1_ws/build/ejer2py/install.log --single-version-externally-managed install_data
[1.909s] Level 1:colcon.colcon_core.environment:checking '/home/kakurrix/Documents/Robotica/parcial1_ws/install/ejer2py' for CMake config files
[1.910s] Level 1:colcon.colcon_core.environment:checking '/home/kakurrix/Documents/Robotica/parcial1_ws/install/ejer2py/lib'
[1.910s] Level 1:colcon.colcon_core.environment:checking '/home/kakurrix/Documents/Robotica/parcial1_ws/install/ejer2py/bin'
[1.910s] Level 1:colcon.colcon_core.environment:checking '/home/kakurrix/Documents/Robotica/parcial1_ws/install/ejer2py/lib/pkgconfig/ejer2py.pc'
[1.910s] Level 1:colcon.colcon_core.environment:checking '/home/kakurrix/Documents/Robotica/parcial1_ws/install/ejer2py/lib/python3.10/site-packages'
[1.910s] Level 1:colcon.colcon_core.shell:create_environment_hook('ejer2py', 'pythonpath')
[1.911s] INFO:colcon.colcon_core.shell:Creating environment hook '/home/kakurrix/Documents/Robotica/parcial1_ws/install/ejer2py/share/ejer2py/hook/pythonpath.ps1'
[1.911s] INFO:colcon.colcon_core.shell:Creating environment descriptor '/home/kakurrix/Documents/Robotica/parcial1_ws/install/ejer2py/share/ejer2py/hook/pythonpath.dsv'
[1.912s] INFO:colcon.colcon_core.shell:Creating environment hook '/home/kakurrix/Documents/Robotica/parcial1_ws/install/ejer2py/share/ejer2py/hook/pythonpath.sh'
[1.912s] Level 1:colcon.colcon_core.environment:checking '/home/kakurrix/Documents/Robotica/parcial1_ws/install/ejer2py/bin'
[1.912s] Level 1:colcon.colcon_core.environment:create_environment_scripts_only(ejer2py)
[1.913s] INFO:colcon.colcon_core.shell:Creating package script '/home/kakurrix/Documents/Robotica/parcial1_ws/install/ejer2py/share/ejer2py/package.ps1'
[1.913s] INFO:colcon.colcon_core.shell:Creating package descriptor '/home/kakurrix/Documents/Robotica/parcial1_ws/install/ejer2py/share/ejer2py/package.dsv'
[1.914s] INFO:colcon.colcon_core.shell:Creating package script '/home/kakurrix/Documents/Robotica/parcial1_ws/install/ejer2py/share/ejer2py/package.sh'
[1.915s] INFO:colcon.colcon_core.shell:Creating package script '/home/kakurrix/Documents/Robotica/parcial1_ws/install/ejer2py/share/ejer2py/package.bash'
[1.915s] INFO:colcon.colcon_core.shell:Creating package script '/home/kakurrix/Documents/Robotica/parcial1_ws/install/ejer2py/share/ejer2py/package.zsh'
[1.915s] Level 1:colcon.colcon_core.environment:create_file_with_runtime_dependencies(/home/kakurrix/Documents/Robotica/parcial1_ws/install/ejer2py/share/colcon-core/packages/ejer2py)
[1.916s] DEBUG:colcon.colcon_parallel_executor.executor.parallel:closing loop
[1.916s] DEBUG:colcon.colcon_parallel_executor.executor.parallel:loop closed
[1.916s] DEBUG:colcon.colcon_parallel_executor.executor.parallel:run_until_complete finished with '0'
[1.916s] DEBUG:colcon.colcon_core.event_reactor:joining thread
[1.921s] INFO:colcon.colcon_core.plugin_system:Skipping extension 'colcon_notification.desktop_notification.terminal_notifier': Not used on non-Darwin systems
[1.921s] INFO:colcon.colcon_core.plugin_system:Skipping extension 'colcon_notification.desktop_notification.win32': Not used on non-Windows systems
[1.921s] INFO:colcon.colcon_notification.desktop_notification:Sending desktop notification using 'notify2'
[1.935s] DEBUG:colcon.colcon_core.event_reactor:joined thread
[1.935s] INFO:colcon.colcon_core.shell:Creating prefix script '/home/kakurrix/Documents/Robotica/parcial1_ws/install/local_setup.ps1'
[1.936s] INFO:colcon.colcon_core.shell:Creating prefix util module '/home/kakurrix/Documents/Robotica/parcial1_ws/install/_local_setup_util_ps1.py'
[1.938s] INFO:colcon.colcon_core.shell:Creating prefix chain script '/home/kakurrix/Documents/Robotica/parcial1_ws/install/setup.ps1'
[1.940s] INFO:colcon.colcon_core.shell:Creating prefix script '/home/kakurrix/Documents/Robotica/parcial1_ws/install/local_setup.sh'
[1.941s] INFO:colcon.colcon_core.shell:Creating prefix util module '/home/kakurrix/Documents/Robotica/parcial1_ws/install/_local_setup_util_sh.py'
[1.941s] INFO:colcon.colcon_core.shell:Creating prefix chain script '/home/kakurrix/Documents/Robotica/parcial1_ws/install/setup.sh'
[1.943s] INFO:colcon.colcon_core.shell:Creating prefix script '/home/kakurrix/Documents/Robotica/parcial1_ws/install/local_setup.bash'
[1.943s] INFO:colcon.colcon_core.shell:Creating prefix chain script '/home/kakurrix/Documents/Robotica/parcial1_ws/install/setup.bash'
[1.944s] INFO:colcon.colcon_core.shell:Creating prefix script '/home/kakurrix/Documents/Robotica/parcial1_ws/install/local_setup.zsh'
[1.945s] INFO:colcon.colcon_core.shell:Creating prefix chain script '/home/kakurrix/Documents/Robotica/parcial1_ws/install/setup.zsh'
