[0.594s] Invoking command in '/home/kakurrix/Documents/Robotica/ejemplo1_ws/src/my_package': PYTHONPATH=/home/kakurrix/Documents/Robotica/ejemplo1_ws/build/my_package/prefix_override:/usr/lib/python3/dist-packages/colcon_core/task/python/colcon_distutils_commands:/home/kakurrix/Documents/Robotica/ejemplo1_ws/install/my_package/lib/python3.10/site-packages:${PYTHONPATH} /usr/bin/python3 -W ignore:setup.py install is deprecated -W ignore:easy_install command is deprecated setup.py egg_info --egg-base ../../build/my_package build --build-base /home/kakurrix/Documents/Robotica/ejemplo1_ws/build/my_package/build install --record /home/kakurrix/Documents/Robotica/ejemplo1_ws/build/my_package/install.log --single-version-externally-managed install_data
[0.837s] running egg_info
[0.838s] writing ../../build/my_package/my_package.egg-info/PKG-INFO
[0.838s] writing dependency_links to ../../build/my_package/my_package.egg-info/dependency_links.txt
[0.838s] writing entry points to ../../build/my_package/my_package.egg-info/entry_points.txt
[0.838s] writing requirements to ../../build/my_package/my_package.egg-info/requires.txt
[0.838s] writing top-level names to ../../build/my_package/my_package.egg-info/top_level.txt
[0.840s] reading manifest file '../../build/my_package/my_package.egg-info/SOURCES.txt'
[0.841s] writing manifest file '../../build/my_package/my_package.egg-info/SOURCES.txt'
[0.842s] running build
[0.842s] running build_py
[0.842s] copying my_package/sub.py -> /home/kakurrix/Documents/Robotica/ejemplo1_ws/build/my_package/build/lib/my_package
[0.842s] running install
[0.842s] running install_lib
[0.843s] copying /home/kakurrix/Documents/Robotica/ejemplo1_ws/build/my_package/build/lib/my_package/sub.py -> /home/kakurrix/Documents/Robotica/ejemplo1_ws/install/my_package/lib/python3.10/site-packages/my_package
[0.843s] byte-compiling /home/kakurrix/Documents/Robotica/ejemplo1_ws/install/my_package/lib/python3.10/site-packages/my_package/sub.py to sub.cpython-310.pyc
[0.844s] running install_data
[0.844s] running install_egg_info
[0.845s] removing '/home/kakurrix/Documents/Robotica/ejemplo1_ws/install/my_package/lib/python3.10/site-packages/my_package-0.0.0-py3.10.egg-info' (and everything under it)
[0.846s] Copying ../../build/my_package/my_package.egg-info to /home/kakurrix/Documents/Robotica/ejemplo1_ws/install/my_package/lib/python3.10/site-packages/my_package-0.0.0-py3.10.egg-info
[0.846s] running install_scripts
[0.867s] Installing ejemplo_pub script to /home/kakurrix/Documents/Robotica/ejemplo1_ws/install/my_package/lib/my_package
[0.867s] Installing ejemplo_sub script to /home/kakurrix/Documents/Robotica/ejemplo1_ws/install/my_package/lib/my_package
[0.867s] writing list of installed files to '/home/kakurrix/Documents/Robotica/ejemplo1_ws/build/my_package/install.log'
[0.888s] Invoked command in '/home/kakurrix/Documents/Robotica/ejemplo1_ws/src/my_package' returned '0': PYTHONPATH=/home/kakurrix/Documents/Robotica/ejemplo1_ws/build/my_package/prefix_override:/usr/lib/python3/dist-packages/colcon_core/task/python/colcon_distutils_commands:/home/kakurrix/Documents/Robotica/ejemplo1_ws/install/my_package/lib/python3.10/site-packages:${PYTHONPATH} /usr/bin/python3 -W ignore:setup.py install is deprecated -W ignore:easy_install command is deprecated setup.py egg_info --egg-base ../../build/my_package build --build-base /home/kakurrix/Documents/Robotica/ejemplo1_ws/build/my_package/build install --record /home/kakurrix/Documents/Robotica/ejemplo1_ws/build/my_package/install.log --single-version-externally-managed install_data
