[0.426s] Invoking command in '/home/kakurrix/Documents/Robotica/parcial1_ws/build/mensaje': CMAKE_PREFIX_PATH=/opt/ros/humble /usr/bin/cmake /home/kakurrix/Documents/Robotica/parcial1_ws/src/mensaje -DAMENT_CMAKE_SYMLINK_INSTALL=1 -DCMAKE_INSTALL_PREFIX=/home/kakurrix/Documents/Robotica/parcial1_ws/install/mensaje
[0.465s] -- The C compiler identification is GNU 11.4.0
[0.506s] -- The CXX compiler identification is GNU 11.4.0
[0.512s] -- Detecting C compiler ABI info
[0.560s] -- Detecting C compiler ABI info - done
[0.567s] -- Check for working C compiler: /usr/bin/cc - skipped
[0.567s] -- Detecting C compile features
[0.567s] -- Detecting C compile features - done
[0.570s] -- Detecting CXX compiler ABI info
[0.630s] -- Detecting CXX compiler ABI info - done
[0.636s] -- Check for working CXX compiler: /usr/bin/c++ - skipped
[0.637s] -- Detecting CXX compile features
[0.637s] -- Detecting CXX compile features - done
[0.639s] -- Found ament_cmake: 1.3.11 (/opt/ros/humble/share/ament_cmake/cmake)
[0.766s] -- Found Python3: /usr/bin/python3 (found version "3.10.12") found components: Interpreter 
[0.819s] -- Override CMake install command with custom implementation using symlinks instead of copying resources
[0.837s] -- Found geometry_msgs: 4.2.4 (/opt/ros/humble/share/geometry_msgs/cmake)
[0.865s] -- Found rosidl_generator_c: 3.1.6 (/opt/ros/humble/share/rosidl_generator_c/cmake)
[0.869s] -- Found rosidl_adapter: 3.1.6 (/opt/ros/humble/share/rosidl_adapter/cmake)
[0.875s] -- Found rosidl_generator_cpp: 3.1.6 (/opt/ros/humble/share/rosidl_generator_cpp/cmake)
[0.886s] -- Using all available rosidl_typesupport_c: rosidl_typesupport_fastrtps_c;rosidl_typesupport_introspection_c
[0.900s] -- Using all available rosidl_typesupport_cpp: rosidl_typesupport_fastrtps_cpp;rosidl_typesupport_introspection_cpp
[0.939s] -- Found rosidl_default_generators: 1.2.0 (/opt/ros/humble/share/rosidl_default_generators/cmake)
[1.212s] -- Found ament_cmake_ros: 0.10.0 (/opt/ros/humble/share/ament_cmake_ros/cmake)
[1.587s] -- Using all available rosidl_typesupport_c: rosidl_typesupport_fastrtps_c;rosidl_typesupport_introspection_c
[1.716s] -- Using all available rosidl_typesupport_cpp: rosidl_typesupport_fastrtps_cpp;rosidl_typesupport_introspection_cpp
[1.734s] -- Found PythonInterp: /usr/bin/python3 (found suitable version "3.10.12", minimum required is "3.6") 
[1.735s] -- Found python_cmake_module: 0.10.0 (/opt/ros/humble/share/python_cmake_module/cmake)
[1.754s] -- Found PythonLibs: /usr/lib/x86_64-linux-gnu/libpython3.10.so (found suitable version "3.10.12", minimum required is "3.5") 
[1.754s] -- Using PYTHON_EXECUTABLE: /usr/bin/python3
[1.754s] -- Using PYTHON_INCLUDE_DIRS: /usr/include/python3.10
[1.754s] -- Using PYTHON_LIBRARIES: /usr/lib/x86_64-linux-gnu/libpython3.10.so
[1.771s] -- Found PythonExtra: .so  
[1.819s] -- Found ament_lint_auto: 0.12.11 (/opt/ros/humble/share/ament_lint_auto/cmake)
[1.832s] -- Added test 'lint_cmake' to check CMake code style
[1.833s] -- Added test 'xmllint' to check XML markup files
[1.836s] -- Configuring done
[1.863s] -- Generating done
[1.873s] -- Build files have been written to: /home/kakurrix/Documents/Robotica/parcial1_ws/build/mensaje
[1.879s] Invoked command in '/home/kakurrix/Documents/Robotica/parcial1_ws/build/mensaje' returned '0': CMAKE_PREFIX_PATH=/opt/ros/humble /usr/bin/cmake /home/kakurrix/Documents/Robotica/parcial1_ws/src/mensaje -DAMENT_CMAKE_SYMLINK_INSTALL=1 -DCMAKE_INSTALL_PREFIX=/home/kakurrix/Documents/Robotica/parcial1_ws/install/mensaje
[1.881s] Invoking command in '/home/kakurrix/Documents/Robotica/parcial1_ws/build/mensaje': CMAKE_PREFIX_PATH=/opt/ros/humble /usr/bin/cmake --build /home/kakurrix/Documents/Robotica/parcial1_ws/build/mensaje -- -j8 -l8
[1.909s] [  2%] [34m[1mGenerating C code for ROS interfaces[0m
[1.916s] [  5%] [34m[1mGenerating C++ code for ROS interfaces[0m
[1.922s] [  5%] Built target ament_cmake_python_symlink_mensaje
[2.125s] running egg_info
[2.126s] creating mensaje.egg-info
[2.126s] writing mensaje.egg-info/PKG-INFO
[2.126s] writing dependency_links to mensaje.egg-info/dependency_links.txt
[2.126s] writing top-level names to mensaje.egg-info/top_level.txt
[2.127s] writing manifest file 'mensaje.egg-info/SOURCES.txt'
[2.128s] reading manifest file 'mensaje.egg-info/SOURCES.txt'
[2.129s] writing manifest file 'mensaje.egg-info/SOURCES.txt'
[2.150s] [  5%] Built target ament_cmake_python_build_mensaje_egg
[2.207s] [ 10%] [32mBuilding C object CMakeFiles/mensaje__rosidl_generator_c.dir/rosidl_generator_c/mensaje/msg/detail/num__functions.c.o[0m
[2.207s] [ 10%] [32mBuilding C object CMakeFiles/mensaje__rosidl_generator_c.dir/rosidl_generator_c/mensaje/srv/detail/kinematics__functions.c.o[0m
[2.210s] [ 10%] Built target mensaje__cpp
[2.217s] [ 15%] [34m[1mGenerating C++ type support for eProsima Fast-RTPS[0m
[2.217s] [ 15%] [34m[1mGenerating C++ type support dispatch for ROS interfaces[0m
[2.220s] [ 17%] [34m[1mGenerating C++ introspection for ROS interfaces[0m
[2.259s] [ 20%] [32m[1mLinking C shared library libmensaje__rosidl_generator_c.so[0m
[2.288s] [ 20%] Built target mensaje__rosidl_generator_c
[2.296s] [ 23%] [34m[1mGenerating C type support dispatch for ROS interfaces[0m
[2.298s] [ 28%] [34m[1mGenerating C type support for eProsima Fast-RTPS[0m
[2.298s] [ 28%] [34m[1mGenerating C introspection for ROS interfaces[0m
[2.457s] [ 33%] [32mBuilding CXX object CMakeFiles/mensaje__rosidl_typesupport_cpp.dir/rosidl_typesupport_cpp/mensaje/srv/kinematics__type_support.cpp.o[0m
[2.457s] [ 33%] [32mBuilding CXX object CMakeFiles/mensaje__rosidl_typesupport_cpp.dir/rosidl_typesupport_cpp/mensaje/msg/num__type_support.cpp.o[0m
[2.533s] [ 38%] [32mBuilding CXX object CMakeFiles/mensaje__rosidl_typesupport_c.dir/rosidl_typesupport_c/mensaje/srv/kinematics__type_support.cpp.o[0m
[2.533s] [ 38%] [32mBuilding CXX object CMakeFiles/mensaje__rosidl_typesupport_c.dir/rosidl_typesupport_c/mensaje/msg/num__type_support.cpp.o[0m
[2.564s] [ 41%] [32m[1mLinking CXX shared library libmensaje__rosidl_typesupport_c.so[0m
[2.599s] [ 41%] Built target mensaje__rosidl_typesupport_c
[2.657s] [ 43%] [32mBuilding CXX object CMakeFiles/mensaje__rosidl_typesupport_introspection_cpp.dir/rosidl_typesupport_introspection_cpp/mensaje/srv/detail/kinematics__type_support.cpp.o[0m
[2.659s] [ 46%] [32mBuilding CXX object CMakeFiles/mensaje__rosidl_typesupport_introspection_cpp.dir/rosidl_typesupport_introspection_cpp/mensaje/msg/detail/num__type_support.cpp.o[0m
[2.692s] [ 48%] [32mBuilding CXX object CMakeFiles/mensaje__rosidl_typesupport_fastrtps_cpp.dir/rosidl_typesupport_fastrtps_cpp/mensaje/srv/detail/dds_fastrtps/kinematics__type_support.cpp.o[0m
[2.693s] [ 51%] [32mBuilding CXX object CMakeFiles/mensaje__rosidl_typesupport_fastrtps_cpp.dir/rosidl_typesupport_fastrtps_cpp/mensaje/msg/detail/dds_fastrtps/num__type_support.cpp.o[0m
[2.786s] [ 53%] [32mBuilding C object CMakeFiles/mensaje__rosidl_typesupport_introspection_c.dir/rosidl_typesupport_introspection_c/mensaje/msg/detail/num__type_support.c.o[0m
[2.800s] [ 56%] [32mBuilding CXX object CMakeFiles/mensaje__rosidl_typesupport_fastrtps_c.dir/rosidl_typesupport_fastrtps_c/mensaje/msg/detail/num__type_support_c.cpp.o[0m
[2.832s] [ 61%] [32mBuilding C object CMakeFiles/mensaje__rosidl_typesupport_introspection_c.dir/rosidl_typesupport_introspection_c/mensaje/srv/detail/kinematics__type_support.c.o[0m
[2.832s] [ 61%] [32m[1mLinking CXX shared library libmensaje__rosidl_typesupport_cpp.so[0m
[2.832s] [ 64%] [32mBuilding CXX object CMakeFiles/mensaje__rosidl_typesupport_fastrtps_c.dir/rosidl_typesupport_fastrtps_c/mensaje/srv/detail/kinematics__type_support_c.cpp.o[0m
[2.873s] [ 66%] [32m[1mLinking C shared library libmensaje__rosidl_typesupport_introspection_c.so[0m
[2.879s] [ 66%] Built target mensaje__rosidl_typesupport_cpp
[2.904s] [ 66%] Built target mensaje__rosidl_typesupport_introspection_c
[3.183s] [ 69%] [32m[1mLinking CXX shared library libmensaje__rosidl_typesupport_fastrtps_c.so[0m
[3.188s] [ 71%] [32m[1mLinking CXX shared library libmensaje__rosidl_typesupport_introspection_cpp.so[0m
[3.224s] [ 74%] [32m[1mLinking CXX shared library libmensaje__rosidl_typesupport_fastrtps_cpp.so[0m
[3.249s] [ 74%] Built target mensaje__rosidl_typesupport_introspection_cpp
[3.255s] [ 74%] Built target mensaje__rosidl_typesupport_fastrtps_c
[3.287s] [ 74%] Built target mensaje__rosidl_typesupport_fastrtps_cpp
[3.301s] [ 74%] Built target mensaje
[3.315s] [ 76%] [34m[1mGenerating Python code for ROS interfaces[0m
[3.682s] [ 76%] Built target mensaje__py
[3.697s] [ 82%] [32mBuilding C object CMakeFiles/mensaje__rosidl_generator_py.dir/rosidl_generator_py/mensaje/srv/_kinematics_s.c.o[0m
[3.697s] [ 82%] [32mBuilding C object CMakeFiles/mensaje__rosidl_generator_py.dir/rosidl_generator_py/mensaje/msg/_num_s.c.o[0m
[3.782s] [ 84%] [32m[1mLinking C shared library rosidl_generator_py/mensaje/libmensaje__rosidl_generator_py.so[0m
[3.812s] [ 84%] Built target mensaje__rosidl_generator_py
[3.827s] [ 92%] [32mBuilding C object CMakeFiles/mensaje__rosidl_typesupport_introspection_c__pyext.dir/rosidl_generator_py/mensaje/_mensaje_s.ep.rosidl_typesupport_introspection_c.c.o[0m
[3.827s] [ 92%] [32mBuilding C object CMakeFiles/mensaje__rosidl_typesupport_fastrtps_c__pyext.dir/rosidl_generator_py/mensaje/_mensaje_s.ep.rosidl_typesupport_fastrtps_c.c.o[0m
[3.827s] [ 92%] [32mBuilding C object CMakeFiles/mensaje__rosidl_typesupport_c__pyext.dir/rosidl_generator_py/mensaje/_mensaje_s.ep.rosidl_typesupport_c.c.o[0m
[3.910s] [100%] [32m[1mLinking C shared library rosidl_generator_py/mensaje/mensaje_s__rosidl_typesupport_c.cpython-310-x86_64-linux-gnu.so[0m
[3.910s] [100%] [32m[1mLinking C shared library rosidl_generator_py/mensaje/mensaje_s__rosidl_typesupport_fastrtps_c.cpython-310-x86_64-linux-gnu.so[0m
[3.910s] [100%] [32m[1mLinking C shared library rosidl_generator_py/mensaje/mensaje_s__rosidl_typesupport_introspection_c.cpython-310-x86_64-linux-gnu.so[0m
[3.941s] [100%] Built target mensaje__rosidl_typesupport_introspection_c__pyext
[3.941s] [100%] Built target mensaje__rosidl_typesupport_c__pyext
[3.941s] [100%] Built target mensaje__rosidl_typesupport_fastrtps_c__pyext
[3.949s] Invoked command in '/home/kakurrix/Documents/Robotica/parcial1_ws/build/mensaje' returned '0': CMAKE_PREFIX_PATH=/opt/ros/humble /usr/bin/cmake --build /home/kakurrix/Documents/Robotica/parcial1_ws/build/mensaje -- -j8 -l8
[3.957s] Invoking command in '/home/kakurrix/Documents/Robotica/parcial1_ws/build/mensaje': CMAKE_PREFIX_PATH=/opt/ros/humble /usr/bin/cmake --install /home/kakurrix/Documents/Robotica/parcial1_ws/build/mensaje
[3.962s] -- Install configuration: ""
[3.963s] -- Execute custom install script
[3.963s] -- Symlinking: /home/kakurrix/Documents/Robotica/parcial1_ws/install/mensaje/share/ament_index/resource_index/rosidl_interfaces/mensaje
[3.969s] -- Symlinking: /home/kakurrix/Documents/Robotica/parcial1_ws/install/mensaje/include/mensaje/mensaje/msg/detail/num__functions.h
[3.975s] -- Symlinking: /home/kakurrix/Documents/Robotica/parcial1_ws/install/mensaje/include/mensaje/mensaje/msg/detail/num__struct.h
[3.981s] -- Symlinking: /home/kakurrix/Documents/Robotica/parcial1_ws/install/mensaje/include/mensaje/mensaje/msg/detail/num__type_support.h
[3.987s] -- Symlinking: /home/kakurrix/Documents/Robotica/parcial1_ws/install/mensaje/include/mensaje/mensaje/msg/num.h
[3.993s] -- Symlinking: /home/kakurrix/Documents/Robotica/parcial1_ws/install/mensaje/include/mensaje/mensaje/msg/rosidl_generator_c__visibility_control.h
[3.999s] -- Symlinking: /home/kakurrix/Documents/Robotica/parcial1_ws/install/mensaje/include/mensaje/mensaje/srv/detail/kinematics__functions.h
[4.005s] -- Symlinking: /home/kakurrix/Documents/Robotica/parcial1_ws/install/mensaje/include/mensaje/mensaje/srv/detail/kinematics__struct.h
[4.011s] -- Symlinking: /home/kakurrix/Documents/Robotica/parcial1_ws/install/mensaje/include/mensaje/mensaje/srv/detail/kinematics__type_support.h
[4.017s] -- Symlinking: /home/kakurrix/Documents/Robotica/parcial1_ws/install/mensaje/include/mensaje/mensaje/srv/kinematics.h
[4.023s] -- Symlinking: /home/kakurrix/Documents/Robotica/parcial1_ws/install/mensaje/share/mensaje/environment/library_path.sh
[4.029s] -- Symlinking: /home/kakurrix/Documents/Robotica/parcial1_ws/install/mensaje/share/mensaje/environment/library_path.dsv
[4.036s] -- Symlinking: /home/kakurrix/Documents/Robotica/parcial1_ws/install/mensaje/include/mensaje/mensaje/msg/detail/num__rosidl_typesupport_fastrtps_c.h
[4.044s] -- Symlinking: /home/kakurrix/Documents/Robotica/parcial1_ws/install/mensaje/include/mensaje/mensaje/msg/rosidl_typesupport_fastrtps_c__visibility_control.h
[4.048s] -- Symlinking: /home/kakurrix/Documents/Robotica/parcial1_ws/install/mensaje/include/mensaje/mensaje/srv/detail/kinematics__rosidl_typesupport_fastrtps_c.h
[4.054s] -- Symlinking: /home/kakurrix/Documents/Robotica/parcial1_ws/install/mensaje/include/mensaje/mensaje/msg/detail/num__builder.hpp
[4.061s] -- Symlinking: /home/kakurrix/Documents/Robotica/parcial1_ws/install/mensaje/include/mensaje/mensaje/msg/detail/num__struct.hpp
[4.067s] -- Symlinking: /home/kakurrix/Documents/Robotica/parcial1_ws/install/mensaje/include/mensaje/mensaje/msg/detail/num__traits.hpp
[4.073s] -- Symlinking: /home/kakurrix/Documents/Robotica/parcial1_ws/install/mensaje/include/mensaje/mensaje/msg/detail/num__type_support.hpp
[4.079s] -- Symlinking: /home/kakurrix/Documents/Robotica/parcial1_ws/install/mensaje/include/mensaje/mensaje/msg/num.hpp
[4.085s] -- Symlinking: /home/kakurrix/Documents/Robotica/parcial1_ws/install/mensaje/include/mensaje/mensaje/msg/rosidl_generator_cpp__visibility_control.hpp
[4.091s] -- Symlinking: /home/kakurrix/Documents/Robotica/parcial1_ws/install/mensaje/include/mensaje/mensaje/srv/detail/kinematics__builder.hpp
[4.097s] -- Symlinking: /home/kakurrix/Documents/Robotica/parcial1_ws/install/mensaje/include/mensaje/mensaje/srv/detail/kinematics__struct.hpp
[4.103s] -- Symlinking: /home/kakurrix/Documents/Robotica/parcial1_ws/install/mensaje/include/mensaje/mensaje/srv/detail/kinematics__traits.hpp
[4.109s] -- Symlinking: /home/kakurrix/Documents/Robotica/parcial1_ws/install/mensaje/include/mensaje/mensaje/srv/detail/kinematics__type_support.hpp
[4.115s] -- Symlinking: /home/kakurrix/Documents/Robotica/parcial1_ws/install/mensaje/include/mensaje/mensaje/srv/kinematics.hpp
[4.121s] -- Symlinking: /home/kakurrix/Documents/Robotica/parcial1_ws/install/mensaje/include/mensaje/mensaje/msg/detail/num__rosidl_typesupport_fastrtps_cpp.hpp
[4.128s] -- Symlinking: /home/kakurrix/Documents/Robotica/parcial1_ws/install/mensaje/include/mensaje/mensaje/msg/rosidl_typesupport_fastrtps_cpp__visibility_control.h
[4.134s] -- Symlinking: /home/kakurrix/Documents/Robotica/parcial1_ws/install/mensaje/include/mensaje/mensaje/srv/detail/kinematics__rosidl_typesupport_fastrtps_cpp.hpp
[4.140s] -- Symlinking: /home/kakurrix/Documents/Robotica/parcial1_ws/install/mensaje/include/mensaje/mensaje/msg/detail/num__rosidl_typesupport_introspection_c.h
[4.146s] -- Symlinking: /home/kakurrix/Documents/Robotica/parcial1_ws/install/mensaje/include/mensaje/mensaje/msg/rosidl_typesupport_introspection_c__visibility_control.h
[4.152s] -- Symlinking: /home/kakurrix/Documents/Robotica/parcial1_ws/install/mensaje/include/mensaje/mensaje/srv/detail/kinematics__rosidl_typesupport_introspection_c.h
[4.158s] -- Symlinking: /home/kakurrix/Documents/Robotica/parcial1_ws/install/mensaje/include/mensaje/mensaje/msg/detail/num__rosidl_typesupport_introspection_cpp.hpp
[4.164s] -- Symlinking: /home/kakurrix/Documents/Robotica/parcial1_ws/install/mensaje/include/mensaje/mensaje/srv/detail/kinematics__rosidl_typesupport_introspection_cpp.hpp
[4.170s] -- Symlinking: /home/kakurrix/Documents/Robotica/parcial1_ws/install/mensaje/share/mensaje/environment/pythonpath.sh
[4.176s] -- Symlinking: /home/kakurrix/Documents/Robotica/parcial1_ws/install/mensaje/share/mensaje/environment/pythonpath.dsv
[4.182s] -- Symlinking: /home/kakurrix/Documents/Robotica/parcial1_ws/install/mensaje/local/lib/python3.10/dist-packages/mensaje-0.0.0-py3.10.egg-info/PKG-INFO
[4.188s] -- Symlinking: /home/kakurrix/Documents/Robotica/parcial1_ws/install/mensaje/local/lib/python3.10/dist-packages/mensaje-0.0.0-py3.10.egg-info/SOURCES.txt
[4.194s] -- Symlinking: /home/kakurrix/Documents/Robotica/parcial1_ws/install/mensaje/local/lib/python3.10/dist-packages/mensaje-0.0.0-py3.10.egg-info/dependency_links.txt
[4.200s] -- Symlinking: /home/kakurrix/Documents/Robotica/parcial1_ws/install/mensaje/local/lib/python3.10/dist-packages/mensaje-0.0.0-py3.10.egg-info/top_level.txt
[4.207s] -- Symlinking: /home/kakurrix/Documents/Robotica/parcial1_ws/install/mensaje/local/lib/python3.10/dist-packages/mensaje/__init__.py
[4.213s] -- Symlinking: /home/kakurrix/Documents/Robotica/parcial1_ws/install/mensaje/local/lib/python3.10/dist-packages/mensaje/_mensaje_s.ep.rosidl_typesupport_c.c
[4.219s] -- Symlinking: /home/kakurrix/Documents/Robotica/parcial1_ws/install/mensaje/local/lib/python3.10/dist-packages/mensaje/_mensaje_s.ep.rosidl_typesupport_fastrtps_c.c
[4.225s] -- Symlinking: /home/kakurrix/Documents/Robotica/parcial1_ws/install/mensaje/local/lib/python3.10/dist-packages/mensaje/_mensaje_s.ep.rosidl_typesupport_introspection_c.c
[4.231s] -- Symlinking: /home/kakurrix/Documents/Robotica/parcial1_ws/install/mensaje/local/lib/python3.10/dist-packages/mensaje/libmensaje__rosidl_generator_py.so
[4.237s] -- Symlinking: /home/kakurrix/Documents/Robotica/parcial1_ws/install/mensaje/local/lib/python3.10/dist-packages/mensaje/mensaje_s__rosidl_typesupport_c.cpython-310-x86_64-linux-gnu.so
[4.243s] -- Symlinking: /home/kakurrix/Documents/Robotica/parcial1_ws/install/mensaje/local/lib/python3.10/dist-packages/mensaje/mensaje_s__rosidl_typesupport_fastrtps_c.cpython-310-x86_64-linux-gnu.so
[4.250s] -- Symlinking: /home/kakurrix/Documents/Robotica/parcial1_ws/install/mensaje/local/lib/python3.10/dist-packages/mensaje/mensaje_s__rosidl_typesupport_introspection_c.cpython-310-x86_64-linux-gnu.so
[4.256s] -- Symlinking: /home/kakurrix/Documents/Robotica/parcial1_ws/install/mensaje/local/lib/python3.10/dist-packages/mensaje/msg/__init__.py
[4.262s] -- Symlinking: /home/kakurrix/Documents/Robotica/parcial1_ws/install/mensaje/local/lib/python3.10/dist-packages/mensaje/msg/_num.py
[4.269s] -- Symlinking: /home/kakurrix/Documents/Robotica/parcial1_ws/install/mensaje/local/lib/python3.10/dist-packages/mensaje/msg/_num_s.c
[4.275s] -- Symlinking: /home/kakurrix/Documents/Robotica/parcial1_ws/install/mensaje/local/lib/python3.10/dist-packages/mensaje/srv/__init__.py
[4.281s] -- Symlinking: /home/kakurrix/Documents/Robotica/parcial1_ws/install/mensaje/local/lib/python3.10/dist-packages/mensaje/srv/_kinematics.py
[4.287s] -- Symlinking: /home/kakurrix/Documents/Robotica/parcial1_ws/install/mensaje/local/lib/python3.10/dist-packages/mensaje/srv/_kinematics_s.c
[4.294s] -- Up-to-date symlink: /home/kakurrix/Documents/Robotica/parcial1_ws/install/mensaje/local/lib/python3.10/dist-packages/mensaje/mensaje_s__rosidl_typesupport_fastrtps_c.cpython-310-x86_64-linux-gnu.so
[4.294s] -- Up-to-date symlink: /home/kakurrix/Documents/Robotica/parcial1_ws/install/mensaje/local/lib/python3.10/dist-packages/mensaje/mensaje_s__rosidl_typesupport_introspection_c.cpython-310-x86_64-linux-gnu.so
[4.294s] -- Up-to-date symlink: /home/kakurrix/Documents/Robotica/parcial1_ws/install/mensaje/local/lib/python3.10/dist-packages/mensaje/mensaje_s__rosidl_typesupport_c.cpython-310-x86_64-linux-gnu.so
[4.294s] -- Symlinking: /home/kakurrix/Documents/Robotica/parcial1_ws/install/mensaje/share/mensaje/msg/Num.idl
[4.300s] -- Symlinking: /home/kakurrix/Documents/Robotica/parcial1_ws/install/mensaje/share/mensaje/srv/Kinematics.idl
[4.306s] -- Symlinking: /home/kakurrix/Documents/Robotica/parcial1_ws/install/mensaje/share/mensaje/msg/Num.msg
[4.312s] -- Symlinking: /home/kakurrix/Documents/Robotica/parcial1_ws/install/mensaje/share/mensaje/srv/Kinematics.srv
[4.319s] -- Symlinking: /home/kakurrix/Documents/Robotica/parcial1_ws/install/mensaje/share/mensaje/srv/Kinematics_Request.msg
[4.325s] -- Symlinking: /home/kakurrix/Documents/Robotica/parcial1_ws/install/mensaje/share/mensaje/srv/Kinematics_Response.msg
[4.331s] -- Symlinking: /home/kakurrix/Documents/Robotica/parcial1_ws/install/mensaje/share/ament_index/resource_index/package_run_dependencies/mensaje
[4.337s] -- Symlinking: /home/kakurrix/Documents/Robotica/parcial1_ws/install/mensaje/share/ament_index/resource_index/parent_prefix_path/mensaje
[4.344s] -- Symlinking: /home/kakurrix/Documents/Robotica/parcial1_ws/install/mensaje/share/mensaje/environment/ament_prefix_path.sh
[4.350s] -- Symlinking: /home/kakurrix/Documents/Robotica/parcial1_ws/install/mensaje/share/mensaje/environment/ament_prefix_path.dsv
[4.356s] -- Symlinking: /home/kakurrix/Documents/Robotica/parcial1_ws/install/mensaje/share/mensaje/environment/path.sh
[4.362s] -- Symlinking: /home/kakurrix/Documents/Robotica/parcial1_ws/install/mensaje/share/mensaje/environment/path.dsv
[4.368s] -- Symlinking: /home/kakurrix/Documents/Robotica/parcial1_ws/install/mensaje/share/mensaje/local_setup.bash
[4.374s] -- Symlinking: /home/kakurrix/Documents/Robotica/parcial1_ws/install/mensaje/share/mensaje/local_setup.sh
[4.380s] -- Symlinking: /home/kakurrix/Documents/Robotica/parcial1_ws/install/mensaje/share/mensaje/local_setup.zsh
[4.386s] -- Symlinking: /home/kakurrix/Documents/Robotica/parcial1_ws/install/mensaje/share/mensaje/local_setup.dsv
[4.392s] -- Symlinking: /home/kakurrix/Documents/Robotica/parcial1_ws/install/mensaje/share/mensaje/package.dsv
[4.398s] -- Symlinking: /home/kakurrix/Documents/Robotica/parcial1_ws/install/mensaje/share/ament_index/resource_index/packages/mensaje
[4.404s] -- Symlinking: /home/kakurrix/Documents/Robotica/parcial1_ws/install/mensaje/share/mensaje/cmake/rosidl_cmake-extras.cmake
[4.410s] -- Symlinking: /home/kakurrix/Documents/Robotica/parcial1_ws/install/mensaje/share/mensaje/cmake/ament_cmake_export_dependencies-extras.cmake
[4.416s] -- Symlinking: /home/kakurrix/Documents/Robotica/parcial1_ws/install/mensaje/share/mensaje/cmake/ament_cmake_export_include_directories-extras.cmake
[4.422s] -- Symlinking: /home/kakurrix/Documents/Robotica/parcial1_ws/install/mensaje/share/mensaje/cmake/ament_cmake_export_libraries-extras.cmake
[4.429s] -- Symlinking: /home/kakurrix/Documents/Robotica/parcial1_ws/install/mensaje/share/mensaje/cmake/ament_cmake_export_targets-extras.cmake
[4.435s] -- Symlinking: /home/kakurrix/Documents/Robotica/parcial1_ws/install/mensaje/share/mensaje/cmake/rosidl_cmake_export_typesupport_targets-extras.cmake
[4.441s] -- Symlinking: /home/kakurrix/Documents/Robotica/parcial1_ws/install/mensaje/share/mensaje/cmake/rosidl_cmake_export_typesupport_libraries-extras.cmake
[4.447s] -- Symlinking: /home/kakurrix/Documents/Robotica/parcial1_ws/install/mensaje/share/mensaje/cmake/mensajeConfig.cmake
[4.453s] -- Symlinking: /home/kakurrix/Documents/Robotica/parcial1_ws/install/mensaje/share/mensaje/cmake/mensajeConfig-version.cmake
[4.460s] -- Symlinking: /home/kakurrix/Documents/Robotica/parcial1_ws/install/mensaje/share/mensaje/package.xml
[4.466s] -- Installing: /home/kakurrix/Documents/Robotica/parcial1_ws/install/mensaje/lib/libmensaje__rosidl_generator_c.so
[4.466s] -- Set runtime path of "/home/kakurrix/Documents/Robotica/parcial1_ws/install/mensaje/lib/libmensaje__rosidl_generator_c.so" to ""
[4.467s] -- Installing: /home/kakurrix/Documents/Robotica/parcial1_ws/install/mensaje/lib/libmensaje__rosidl_typesupport_fastrtps_c.so
[4.467s] -- Set runtime path of "/home/kakurrix/Documents/Robotica/parcial1_ws/install/mensaje/lib/libmensaje__rosidl_typesupport_fastrtps_c.so" to ""
[4.467s] -- Installing: /home/kakurrix/Documents/Robotica/parcial1_ws/install/mensaje/lib/libmensaje__rosidl_typesupport_fastrtps_cpp.so
[4.467s] -- Set runtime path of "/home/kakurrix/Documents/Robotica/parcial1_ws/install/mensaje/lib/libmensaje__rosidl_typesupport_fastrtps_cpp.so" to ""
[4.467s] -- Installing: /home/kakurrix/Documents/Robotica/parcial1_ws/install/mensaje/lib/libmensaje__rosidl_typesupport_introspection_c.so
[4.468s] -- Set runtime path of "/home/kakurrix/Documents/Robotica/parcial1_ws/install/mensaje/lib/libmensaje__rosidl_typesupport_introspection_c.so" to ""
[4.468s] -- Installing: /home/kakurrix/Documents/Robotica/parcial1_ws/install/mensaje/lib/libmensaje__rosidl_typesupport_c.so
[4.468s] -- Set runtime path of "/home/kakurrix/Documents/Robotica/parcial1_ws/install/mensaje/lib/libmensaje__rosidl_typesupport_c.so" to ""
[4.468s] -- Installing: /home/kakurrix/Documents/Robotica/parcial1_ws/install/mensaje/lib/libmensaje__rosidl_typesupport_introspection_cpp.so
[4.469s] -- Set runtime path of "/home/kakurrix/Documents/Robotica/parcial1_ws/install/mensaje/lib/libmensaje__rosidl_typesupport_introspection_cpp.so" to ""
[4.469s] -- Installing: /home/kakurrix/Documents/Robotica/parcial1_ws/install/mensaje/lib/libmensaje__rosidl_typesupport_cpp.so
[4.469s] -- Set runtime path of "/home/kakurrix/Documents/Robotica/parcial1_ws/install/mensaje/lib/libmensaje__rosidl_typesupport_cpp.so" to ""
[4.497s] Listing '/home/kakurrix/Documents/Robotica/parcial1_ws/install/mensaje/local/lib/python3.10/dist-packages/mensaje'...
[4.497s] Compiling '/home/kakurrix/Documents/Robotica/parcial1_ws/install/mensaje/local/lib/python3.10/dist-packages/mensaje/__init__.py'...
[4.497s] Listing '/home/kakurrix/Documents/Robotica/parcial1_ws/install/mensaje/local/lib/python3.10/dist-packages/mensaje/msg'...
[4.497s] Compiling '/home/kakurrix/Documents/Robotica/parcial1_ws/install/mensaje/local/lib/python3.10/dist-packages/mensaje/msg/__init__.py'...
[4.497s] Compiling '/home/kakurrix/Documents/Robotica/parcial1_ws/install/mensaje/local/lib/python3.10/dist-packages/mensaje/msg/_num.py'...
[4.497s] Listing '/home/kakurrix/Documents/Robotica/parcial1_ws/install/mensaje/local/lib/python3.10/dist-packages/mensaje/srv'...
[4.497s] Compiling '/home/kakurrix/Documents/Robotica/parcial1_ws/install/mensaje/local/lib/python3.10/dist-packages/mensaje/srv/__init__.py'...
[4.497s] Compiling '/home/kakurrix/Documents/Robotica/parcial1_ws/install/mensaje/local/lib/python3.10/dist-packages/mensaje/srv/_kinematics.py'...
[4.500s] -- Installing: /home/kakurrix/Documents/Robotica/parcial1_ws/install/mensaje/lib/libmensaje__rosidl_generator_py.so
[4.501s] -- Set runtime path of "/home/kakurrix/Documents/Robotica/parcial1_ws/install/mensaje/lib/libmensaje__rosidl_generator_py.so" to ""
[4.501s] -- Installing: /home/kakurrix/Documents/Robotica/parcial1_ws/install/mensaje/share/mensaje/cmake/export_mensaje__rosidl_generator_cExport.cmake
[4.501s] -- Installing: /home/kakurrix/Documents/Robotica/parcial1_ws/install/mensaje/share/mensaje/cmake/export_mensaje__rosidl_generator_cExport-noconfig.cmake
[4.501s] -- Installing: /home/kakurrix/Documents/Robotica/parcial1_ws/install/mensaje/share/mensaje/cmake/export_mensaje__rosidl_typesupport_fastrtps_cExport.cmake
[4.501s] -- Installing: /home/kakurrix/Documents/Robotica/parcial1_ws/install/mensaje/share/mensaje/cmake/export_mensaje__rosidl_typesupport_fastrtps_cExport-noconfig.cmake
[4.501s] -- Installing: /home/kakurrix/Documents/Robotica/parcial1_ws/install/mensaje/share/mensaje/cmake/export_mensaje__rosidl_generator_cppExport.cmake
[4.502s] -- Installing: /home/kakurrix/Documents/Robotica/parcial1_ws/install/mensaje/share/mensaje/cmake/export_mensaje__rosidl_typesupport_fastrtps_cppExport.cmake
[4.502s] -- Installing: /home/kakurrix/Documents/Robotica/parcial1_ws/install/mensaje/share/mensaje/cmake/export_mensaje__rosidl_typesupport_fastrtps_cppExport-noconfig.cmake
[4.502s] -- Installing: /home/kakurrix/Documents/Robotica/parcial1_ws/install/mensaje/share/mensaje/cmake/mensaje__rosidl_typesupport_introspection_cExport.cmake
[4.502s] -- Installing: /home/kakurrix/Documents/Robotica/parcial1_ws/install/mensaje/share/mensaje/cmake/mensaje__rosidl_typesupport_introspection_cExport-noconfig.cmake
[4.502s] -- Installing: /home/kakurrix/Documents/Robotica/parcial1_ws/install/mensaje/share/mensaje/cmake/mensaje__rosidl_typesupport_cExport.cmake
[4.502s] -- Installing: /home/kakurrix/Documents/Robotica/parcial1_ws/install/mensaje/share/mensaje/cmake/mensaje__rosidl_typesupport_cExport-noconfig.cmake
[4.503s] -- Installing: /home/kakurrix/Documents/Robotica/parcial1_ws/install/mensaje/share/mensaje/cmake/mensaje__rosidl_typesupport_introspection_cppExport.cmake
[4.503s] -- Installing: /home/kakurrix/Documents/Robotica/parcial1_ws/install/mensaje/share/mensaje/cmake/mensaje__rosidl_typesupport_introspection_cppExport-noconfig.cmake
[4.503s] -- Installing: /home/kakurrix/Documents/Robotica/parcial1_ws/install/mensaje/share/mensaje/cmake/mensaje__rosidl_typesupport_cppExport.cmake
[4.503s] -- Installing: /home/kakurrix/Documents/Robotica/parcial1_ws/install/mensaje/share/mensaje/cmake/mensaje__rosidl_typesupport_cppExport-noconfig.cmake
[4.503s] -- Installing: /home/kakurrix/Documents/Robotica/parcial1_ws/install/mensaje/share/mensaje/cmake/export_mensaje__rosidl_generator_pyExport.cmake
[4.503s] -- Installing: /home/kakurrix/Documents/Robotica/parcial1_ws/install/mensaje/share/mensaje/cmake/export_mensaje__rosidl_generator_pyExport-noconfig.cmake
[4.506s] Invoked command in '/home/kakurrix/Documents/Robotica/parcial1_ws/build/mensaje' returned '0': CMAKE_PREFIX_PATH=/opt/ros/humble /usr/bin/cmake --install /home/kakurrix/Documents/Robotica/parcial1_ws/build/mensaje
