/home/kakurrix/Documents/Robotica/ejemplo1_ws/install/my_package/lib/python3.10/site-packages/my_package/pub_custom_msg.py
/home/kakurrix/Documents/Robotica/ejemplo1_ws/install/my_package/lib/python3.10/site-packages/my_package/__init__.py
/home/kakurrix/Documents/Robotica/ejemplo1_ws/install/my_package/lib/python3.10/site-packages/my_package/pub.py
/home/kakurrix/Documents/Robotica/ejemplo1_ws/install/my_package/lib/python3.10/site-packages/my_package/sub.py
/home/kakurrix/Documents/Robotica/ejemplo1_ws/install/my_package/lib/python3.10/site-packages/my_package/int.py
/home/kakurrix/Documents/Robotica/ejemplo1_ws/install/my_package/lib/python3.10/site-packages/my_package/__pycache__/pub_custom_msg.cpython-310.pyc
/home/kakurrix/Documents/Robotica/ejemplo1_ws/install/my_package/lib/python3.10/site-packages/my_package/__pycache__/__init__.cpython-310.pyc
/home/kakurrix/Documents/Robotica/ejemplo1_ws/install/my_package/lib/python3.10/site-packages/my_package/__pycache__/pub.cpython-310.pyc
/home/kakurrix/Documents/Robotica/ejemplo1_ws/install/my_package/lib/python3.10/site-packages/my_package/__pycache__/sub.cpython-310.pyc
/home/kakurrix/Documents/Robotica/ejemplo1_ws/install/my_package/lib/python3.10/site-packages/my_package/__pycache__/int.cpython-310.pyc
/home/kakurrix/Documents/Robotica/ejemplo1_ws/install/my_package/share/ament_index/resource_index/packages/my_package
/home/kakurrix/Documents/Robotica/ejemplo1_ws/install/my_package/share/my_package/package.xml
/home/kakurrix/Documents/Robotica/ejemplo1_ws/install/my_package/lib/python3.10/site-packages/my_package-0.0.0-py3.10.egg-info/entry_points.txt
/home/kakurrix/Documents/Robotica/ejemplo1_ws/install/my_package/lib/python3.10/site-packages/my_package-0.0.0-py3.10.egg-info/SOURCES.txt
/home/kakurrix/Documents/Robotica/ejemplo1_ws/install/my_package/lib/python3.10/site-packages/my_package-0.0.0-py3.10.egg-info/top_level.txt
/home/kakurrix/Documents/Robotica/ejemplo1_ws/install/my_package/lib/python3.10/site-packages/my_package-0.0.0-py3.10.egg-info/dependency_links.txt
/home/kakurrix/Documents/Robotica/ejemplo1_ws/install/my_package/lib/python3.10/site-packages/my_package-0.0.0-py3.10.egg-info/PKG-INFO
/home/kakurrix/Documents/Robotica/ejemplo1_ws/install/my_package/lib/python3.10/site-packages/my_package-0.0.0-py3.10.egg-info/requires.txt
/home/kakurrix/Documents/Robotica/ejemplo1_ws/install/my_package/lib/python3.10/site-packages/my_package-0.0.0-py3.10.egg-info/zip-safe
/home/kakurrix/Documents/Robotica/ejemplo1_ws/install/my_package/lib/my_package/ejemplo_int
/home/kakurrix/Documents/Robotica/ejemplo1_ws/install/my_package/lib/my_package/ejemplo_pub
/home/kakurrix/Documents/Robotica/ejemplo1_ws/install/my_package/lib/my_package/ejemplo_sub
/home/kakurrix/Documents/Robotica/ejemplo1_ws/install/my_package/lib/my_package/pub_custom_msg
