running develop
Removing /home/kakurrix/Documents/Robotica/parcial1_ws/install/publicador/lib/python3.10/site-packages/publicador.egg-link (link to .)
running egg_info
writing ../../build/publicador/publicador.egg-info/PKG-INFO
writing dependency_links to ../../build/publicador/publicador.egg-info/dependency_links.txt
writing entry points to ../../build/publicador/publicador.egg-info/entry_points.txt
writing requirements to ../../build/publicador/publicador.egg-info/requires.txt
writing top-level names to ../../build/publicador/publicador.egg-info/top_level.txt
reading manifest file '../../build/publicador/publicador.egg-info/SOURCES.txt'
writing manifest file '../../build/publicador/publicador.egg-info/SOURCES.txt'
running build
running build_py
creating /home/kakurrix/Documents/Robotica/parcial1_ws/build/publicador/build
creating /home/kakurrix/Documents/Robotica/parcial1_ws/build/publicador/build/lib
creating /home/kakurrix/Documents/Robotica/parcial1_ws/build/publicador/build/lib/publicador
copying publicador/sus_bin.py -> /home/kakurrix/Documents/Robotica/parcial1_ws/build/publicador/build/lib/publicador
copying publicador/__init__.py -> /home/kakurrix/Documents/Robotica/parcial1_ws/build/publicador/build/lib/publicador
copying publicador/pub_bin.py -> /home/kakurrix/Documents/Robotica/parcial1_ws/build/publicador/build/lib/publicador
running install
running install_lib
creating /home/kakurrix/Documents/Robotica/parcial1_ws/install/publicador/lib/python3.10/site-packages/publicador
copying /home/kakurrix/Documents/Robotica/parcial1_ws/build/publicador/build/lib/publicador/sus_bin.py -> /home/kakurrix/Documents/Robotica/parcial1_ws/install/publicador/lib/python3.10/site-packages/publicador
copying /home/kakurrix/Documents/Robotica/parcial1_ws/build/publicador/build/lib/publicador/__init__.py -> /home/kakurrix/Documents/Robotica/parcial1_ws/install/publicador/lib/python3.10/site-packages/publicador
copying /home/kakurrix/Documents/Robotica/parcial1_ws/build/publicador/build/lib/publicador/pub_bin.py -> /home/kakurrix/Documents/Robotica/parcial1_ws/install/publicador/lib/python3.10/site-packages/publicador
byte-compiling /home/kakurrix/Documents/Robotica/parcial1_ws/install/publicador/lib/python3.10/site-packages/publicador/sus_bin.py to sus_bin.cpython-310.pyc
byte-compiling /home/kakurrix/Documents/Robotica/parcial1_ws/install/publicador/lib/python3.10/site-packages/publicador/__init__.py to __init__.cpython-310.pyc
byte-compiling /home/kakurrix/Documents/Robotica/parcial1_ws/install/publicador/lib/python3.10/site-packages/publicador/pub_bin.py to pub_bin.cpython-310.pyc
running install_data
copying resource/publicador -> /home/kakurrix/Documents/Robotica/parcial1_ws/install/publicador/share/ament_index/resource_index/packages
copying package.xml -> /home/kakurrix/Documents/Robotica/parcial1_ws/install/publicador/share/publicador
running install_egg_info
Copying ../../build/publicador/publicador.egg-info to /home/kakurrix/Documents/Robotica/parcial1_ws/install/publicador/lib/python3.10/site-packages/publicador-0.0.0-py3.10.egg-info
running install_scripts
Installing pub_bin script to /home/kakurrix/Documents/Robotica/parcial1_ws/install/publicador/lib/publicador
Installing sus_bin script to /home/kakurrix/Documents/Robotica/parcial1_ws/install/publicador/lib/publicador
writing list of installed files to '/home/kakurrix/Documents/Robotica/parcial1_ws/build/publicador/install.log'
