[0.975s] Invoking command in '/home/kakurrix/Documents/Robotica/parcial1_ws/build/publicador': PYTHONPATH=/home/kakurrix/Documents/Robotica/parcial1_ws/build/publicador/prefix_override:/usr/lib/python3/dist-packages/colcon_core/task/python/colcon_distutils_commands:/home/kakurrix/Documents/Robotica/parcial1_ws/install/publicador/lib/python3.10/site-packages:${PYTHONPATH} /usr/bin/python3 -W ignore:setup.py install is deprecated -W ignore:easy_install command is deprecated setup.py develop --uninstall --editable --build-directory /home/kakurrix/Documents/Robotica/parcial1_ws/build/publicador/build
[1.201s] running develop
[1.340s] Removing /home/kakurrix/Documents/Robotica/parcial1_ws/install/publicador/lib/python3.10/site-packages/publicador.egg-link (link to .)
[1.375s] Invoked command in '/home/kakurrix/Documents/Robotica/parcial1_ws/build/publicador' returned '0': PYTHONPATH=/home/kakurrix/Documents/Robotica/parcial1_ws/build/publicador/prefix_override:/usr/lib/python3/dist-packages/colcon_core/task/python/colcon_distutils_commands:/home/kakurrix/Documents/Robotica/parcial1_ws/install/publicador/lib/python3.10/site-packages:${PYTHONPATH} /usr/bin/python3 -W ignore:setup.py install is deprecated -W ignore:easy_install command is deprecated setup.py develop --uninstall --editable --build-directory /home/kakurrix/Documents/Robotica/parcial1_ws/build/publicador/build
[1.377s] Invoking command in '/home/kakurrix/Documents/Robotica/parcial1_ws/src/publicador': PYTHONPATH=/home/kakurrix/Documents/Robotica/parcial1_ws/build/publicador/prefix_override:/usr/lib/python3/dist-packages/colcon_core/task/python/colcon_distutils_commands:/home/kakurrix/Documents/Robotica/parcial1_ws/install/publicador/lib/python3.10/site-packages:${PYTHONPATH} /usr/bin/python3 -W ignore:setup.py install is deprecated -W ignore:easy_install command is deprecated setup.py egg_info --egg-base ../../build/publicador build --build-base /home/kakurrix/Documents/Robotica/parcial1_ws/build/publicador/build install --record /home/kakurrix/Documents/Robotica/parcial1_ws/build/publicador/install.log --single-version-externally-managed install_data --force
[1.651s] running egg_info
[1.652s] writing ../../build/publicador/publicador.egg-info/PKG-INFO
[1.653s] writing dependency_links to ../../build/publicador/publicador.egg-info/dependency_links.txt
[1.653s] writing entry points to ../../build/publicador/publicador.egg-info/entry_points.txt
[1.653s] writing requirements to ../../build/publicador/publicador.egg-info/requires.txt
[1.653s] writing top-level names to ../../build/publicador/publicador.egg-info/top_level.txt
[1.656s] reading manifest file '../../build/publicador/publicador.egg-info/SOURCES.txt'
[1.657s] writing manifest file '../../build/publicador/publicador.egg-info/SOURCES.txt'
[1.657s] running build
[1.657s] running build_py
[1.657s] creating /home/kakurrix/Documents/Robotica/parcial1_ws/build/publicador/build
[1.657s] creating /home/kakurrix/Documents/Robotica/parcial1_ws/build/publicador/build/lib
[1.658s] creating /home/kakurrix/Documents/Robotica/parcial1_ws/build/publicador/build/lib/publicador
[1.658s] copying publicador/sus_bin.py -> /home/kakurrix/Documents/Robotica/parcial1_ws/build/publicador/build/lib/publicador
[1.658s] copying publicador/__init__.py -> /home/kakurrix/Documents/Robotica/parcial1_ws/build/publicador/build/lib/publicador
[1.658s] copying publicador/pub_bin.py -> /home/kakurrix/Documents/Robotica/parcial1_ws/build/publicador/build/lib/publicador
[1.658s] running install
[1.659s] running install_lib
[1.660s] creating /home/kakurrix/Documents/Robotica/parcial1_ws/install/publicador/lib/python3.10/site-packages/publicador
[1.660s] copying /home/kakurrix/Documents/Robotica/parcial1_ws/build/publicador/build/lib/publicador/sus_bin.py -> /home/kakurrix/Documents/Robotica/parcial1_ws/install/publicador/lib/python3.10/site-packages/publicador
[1.660s] copying /home/kakurrix/Documents/Robotica/parcial1_ws/build/publicador/build/lib/publicador/__init__.py -> /home/kakurrix/Documents/Robotica/parcial1_ws/install/publicador/lib/python3.10/site-packages/publicador
[1.660s] copying /home/kakurrix/Documents/Robotica/parcial1_ws/build/publicador/build/lib/publicador/pub_bin.py -> /home/kakurrix/Documents/Robotica/parcial1_ws/install/publicador/lib/python3.10/site-packages/publicador
[1.661s] byte-compiling /home/kakurrix/Documents/Robotica/parcial1_ws/install/publicador/lib/python3.10/site-packages/publicador/sus_bin.py to sus_bin.cpython-310.pyc
[1.661s] byte-compiling /home/kakurrix/Documents/Robotica/parcial1_ws/install/publicador/lib/python3.10/site-packages/publicador/__init__.py to __init__.cpython-310.pyc
[1.661s] byte-compiling /home/kakurrix/Documents/Robotica/parcial1_ws/install/publicador/lib/python3.10/site-packages/publicador/pub_bin.py to pub_bin.cpython-310.pyc
[1.662s] running install_data
[1.662s] copying resource/publicador -> /home/kakurrix/Documents/Robotica/parcial1_ws/install/publicador/share/ament_index/resource_index/packages
[1.662s] copying package.xml -> /home/kakurrix/Documents/Robotica/parcial1_ws/install/publicador/share/publicador
[1.662s] running install_egg_info
[1.666s] Copying ../../build/publicador/publicador.egg-info to /home/kakurrix/Documents/Robotica/parcial1_ws/install/publicador/lib/python3.10/site-packages/publicador-0.0.0-py3.10.egg-info
[1.667s] running install_scripts
[1.693s] Installing pub_bin script to /home/kakurrix/Documents/Robotica/parcial1_ws/install/publicador/lib/publicador
[1.693s] Installing sus_bin script to /home/kakurrix/Documents/Robotica/parcial1_ws/install/publicador/lib/publicador
[1.694s] writing list of installed files to '/home/kakurrix/Documents/Robotica/parcial1_ws/build/publicador/install.log'
[1.733s] Invoked command in '/home/kakurrix/Documents/Robotica/parcial1_ws/src/publicador' returned '0': PYTHONPATH=/home/kakurrix/Documents/Robotica/parcial1_ws/build/publicador/prefix_override:/usr/lib/python3/dist-packages/colcon_core/task/python/colcon_distutils_commands:/home/kakurrix/Documents/Robotica/parcial1_ws/install/publicador/lib/python3.10/site-packages:${PYTHONPATH} /usr/bin/python3 -W ignore:setup.py install is deprecated -W ignore:easy_install command is deprecated setup.py egg_info --egg-base ../../build/publicador build --build-base /home/kakurrix/Documents/Robotica/parcial1_ws/build/publicador/build install --record /home/kakurrix/Documents/Robotica/parcial1_ws/build/publicador/install.log --single-version-externally-managed install_data --force
