[0.089s] DEBUG:colcon:Command line arguments: ['/usr/bin/colcon', 'build']
[0.089s] DEBUG:colcon:Parsed command line arguments: Namespace(log_base=None, log_level=None, verb_name='build', build_base='build', install_base='install', merge_install=False, symlink_install=False, test_result_base=None, continue_on_error=False, executor='parallel', parallel_workers=8, event_handlers=None, ignore_user_meta=False, metas=['./colcon.meta'], base_paths=['.'], packages_ignore=None, packages_ignore_regex=None, paths=None, packages_up_to=None, packages_up_to_regex=None, packages_above=None, packages_above_and_dependencies=None, packages_above_depth=None, packages_select_by_dep=None, packages_skip_by_dep=None, packages_skip_up_to=None, packages_select_build_failed=False, packages_skip_build_finished=False, packages_select_test_failures=False, packages_skip_test_passed=False, packages_select=None, packages_skip=None, packages_select_regex=None, packages_skip_regex=None, packages_start=None, packages_end=None, allow_overriding=[], cmake_args=None, cmake_target=None, cmake_target_skip_unavailable=False, cmake_clean_cache=False, cmake_clean_first=False, cmake_force_configure=False, ament_cmake_args=None, catkin_cmake_args=None, catkin_skip_building_tests=False, mixin_files=None, mixin=None, verb_parser=<colcon_mixin.mixin.mixin_argument.MixinArgumentDecorator object at 0x73c2ac244b80>, verb_extension=<colcon_core.verb.build.BuildVerb object at 0x73c2ac2444c0>, main=<bound method BuildVerb.main of <colcon_core.verb.build.BuildVerb object at 0x73c2ac2444c0>>, mixin_verb=('build',))
[0.224s] Level 1:colcon.colcon_core.package_discovery:discover_packages(colcon_meta) check parameters
[0.224s] Level 1:colcon.colcon_core.package_discovery:discover_packages(recursive) check parameters
[0.224s] Level 1:colcon.colcon_core.package_discovery:discover_packages(ignore) check parameters
[0.224s] Level 1:colcon.colcon_core.package_discovery:discover_packages(path) check parameters
[0.224s] Level 1:colcon.colcon_core.package_discovery:discover_packages(colcon_meta) discover
[0.224s] Level 1:colcon.colcon_core.package_discovery:discover_packages(recursive) discover
[0.225s] INFO:colcon.colcon_core.package_discovery:Crawling recursively for packages in '/home/kakurrix/Documents/Robotica/ejemplo1_ws'
[0.225s] Level 1:colcon.colcon_core.package_identification:_identify(.) by extensions ['ignore', 'ignore_ament_install']
[0.225s] Level 1:colcon.colcon_core.package_identification:_identify(.) by extension 'ignore'
[0.225s] Level 1:colcon.colcon_core.package_identification:_identify(.) by extension 'ignore_ament_install'
[0.225s] Level 1:colcon.colcon_core.package_identification:_identify(.) by extensions ['colcon_pkg']
[0.225s] Level 1:colcon.colcon_core.package_identification:_identify(.) by extension 'colcon_pkg'
[0.225s] Level 1:colcon.colcon_core.package_identification:_identify(.) by extensions ['colcon_meta']
[0.225s] Level 1:colcon.colcon_core.package_identification:_identify(.) by extension 'colcon_meta'
[0.225s] Level 1:colcon.colcon_core.package_identification:_identify(.) by extensions ['ros']
[0.225s] Level 1:colcon.colcon_core.package_identification:_identify(.) by extension 'ros'
[0.234s] Level 1:colcon.colcon_core.package_identification:_identify(.) by extensions ['cmake', 'python']
[0.234s] Level 1:colcon.colcon_core.package_identification:_identify(.) by extension 'cmake'
[0.234s] Level 1:colcon.colcon_core.package_identification:_identify(.) by extension 'python'
[0.234s] Level 1:colcon.colcon_core.package_identification:_identify(.) by extensions ['python_setup_py']
[0.234s] Level 1:colcon.colcon_core.package_identification:_identify(.) by extension 'python_setup_py'
[0.234s] Level 1:colcon.colcon_core.package_identification:_identify(build) by extensions ['ignore', 'ignore_ament_install']
[0.234s] Level 1:colcon.colcon_core.package_identification:_identify(build) by extension 'ignore'
[0.234s] Level 1:colcon.colcon_core.package_identification:_identify(build) ignored
[0.234s] Level 1:colcon.colcon_core.package_identification:_identify(install) by extensions ['ignore', 'ignore_ament_install']
[0.234s] Level 1:colcon.colcon_core.package_identification:_identify(install) by extension 'ignore'
[0.234s] Level 1:colcon.colcon_core.package_identification:_identify(install) ignored
[0.234s] Level 1:colcon.colcon_core.package_identification:_identify(log) by extensions ['ignore', 'ignore_ament_install']
[0.234s] Level 1:colcon.colcon_core.package_identification:_identify(log) by extension 'ignore'
[0.234s] Level 1:colcon.colcon_core.package_identification:_identify(log) ignored
[0.234s] Level 1:colcon.colcon_core.package_identification:_identify(src) by extensions ['ignore', 'ignore_ament_install']
[0.235s] Level 1:colcon.colcon_core.package_identification:_identify(src) by extension 'ignore'
[0.235s] Level 1:colcon.colcon_core.package_identification:_identify(src) by extension 'ignore_ament_install'
[0.235s] Level 1:colcon.colcon_core.package_identification:_identify(src) by extensions ['colcon_pkg']
[0.235s] Level 1:colcon.colcon_core.package_identification:_identify(src) by extension 'colcon_pkg'
[0.235s] Level 1:colcon.colcon_core.package_identification:_identify(src) by extensions ['colcon_meta']
[0.235s] Level 1:colcon.colcon_core.package_identification:_identify(src) by extension 'colcon_meta'
[0.235s] Level 1:colcon.colcon_core.package_identification:_identify(src) by extensions ['ros']
[0.235s] Level 1:colcon.colcon_core.package_identification:_identify(src) by extension 'ros'
[0.235s] Level 1:colcon.colcon_core.package_identification:_identify(src) by extensions ['cmake', 'python']
[0.235s] Level 1:colcon.colcon_core.package_identification:_identify(src) by extension 'cmake'
[0.235s] Level 1:colcon.colcon_core.package_identification:_identify(src) by extension 'python'
[0.235s] Level 1:colcon.colcon_core.package_identification:_identify(src) by extensions ['python_setup_py']
[0.235s] Level 1:colcon.colcon_core.package_identification:_identify(src) by extension 'python_setup_py'
[0.235s] Level 1:colcon.colcon_core.package_identification:_identify(src/build) by extensions ['ignore', 'ignore_ament_install']
[0.235s] Level 1:colcon.colcon_core.package_identification:_identify(src/build) by extension 'ignore'
[0.235s] Level 1:colcon.colcon_core.package_identification:_identify(src/build) ignored
[0.235s] Level 1:colcon.colcon_core.package_identification:_identify(src/install) by extensions ['ignore', 'ignore_ament_install']
[0.235s] Level 1:colcon.colcon_core.package_identification:_identify(src/install) by extension 'ignore'
[0.235s] Level 1:colcon.colcon_core.package_identification:_identify(src/install) ignored
[0.235s] Level 1:colcon.colcon_core.package_identification:_identify(src/log) by extensions ['ignore', 'ignore_ament_install']
[0.236s] Level 1:colcon.colcon_core.package_identification:_identify(src/log) by extension 'ignore'
[0.236s] Level 1:colcon.colcon_core.package_identification:_identify(src/log) ignored
[0.236s] Level 1:colcon.colcon_core.package_identification:_identify(src/my_package) by extensions ['ignore', 'ignore_ament_install']
[0.236s] Level 1:colcon.colcon_core.package_identification:_identify(src/my_package) by extension 'ignore'
[0.236s] Level 1:colcon.colcon_core.package_identification:_identify(src/my_package) by extension 'ignore_ament_install'
[0.236s] Level 1:colcon.colcon_core.package_identification:_identify(src/my_package) by extensions ['colcon_pkg']
[0.236s] Level 1:colcon.colcon_core.package_identification:_identify(src/my_package) by extension 'colcon_pkg'
[0.236s] Level 1:colcon.colcon_core.package_identification:_identify(src/my_package) by extensions ['colcon_meta']
[0.236s] Level 1:colcon.colcon_core.package_identification:_identify(src/my_package) by extension 'colcon_meta'
[0.236s] Level 1:colcon.colcon_core.package_identification:_identify(src/my_package) by extensions ['ros']
[0.236s] Level 1:colcon.colcon_core.package_identification:_identify(src/my_package) by extension 'ros'
[0.238s] DEBUG:colcon.colcon_core.package_identification:Package 'src/my_package' with type 'ros.ament_python' and name 'my_package'
[0.238s] Level 1:colcon.colcon_core.package_identification:_identify(src/ucb_interface) by extensions ['ignore', 'ignore_ament_install']
[0.238s] Level 1:colcon.colcon_core.package_identification:_identify(src/ucb_interface) by extension 'ignore'
[0.238s] Level 1:colcon.colcon_core.package_identification:_identify(src/ucb_interface) by extension 'ignore_ament_install'
[0.238s] Level 1:colcon.colcon_core.package_identification:_identify(src/ucb_interface) by extensions ['colcon_pkg']
[0.238s] Level 1:colcon.colcon_core.package_identification:_identify(src/ucb_interface) by extension 'colcon_pkg'
[0.238s] Level 1:colcon.colcon_core.package_identification:_identify(src/ucb_interface) by extensions ['colcon_meta']
[0.238s] Level 1:colcon.colcon_core.package_identification:_identify(src/ucb_interface) by extension 'colcon_meta'
[0.238s] Level 1:colcon.colcon_core.package_identification:_identify(src/ucb_interface) by extensions ['ros']
[0.238s] Level 1:colcon.colcon_core.package_identification:_identify(src/ucb_interface) by extension 'ros'
[0.239s] DEBUG:colcon.colcon_core.package_identification:Package 'src/ucb_interface' with type 'ros.ament_cmake' and name 'ucb_interface'
[0.239s] Level 1:colcon.colcon_core.package_discovery:discover_packages(recursive) using defaults
[0.239s] Level 1:colcon.colcon_core.package_discovery:discover_packages(ignore) discover
[0.239s] Level 1:colcon.colcon_core.package_discovery:discover_packages(ignore) using defaults
[0.239s] Level 1:colcon.colcon_core.package_discovery:discover_packages(path) discover
[0.239s] Level 1:colcon.colcon_core.package_discovery:discover_packages(path) using defaults
[0.262s] Level 1:colcon.colcon_core.package_discovery:discover_packages(prefix_path) check parameters
[0.262s] Level 1:colcon.colcon_core.package_discovery:discover_packages(prefix_path) discover
[0.264s] DEBUG:colcon.colcon_installed_package_information.package_discovery:Found 2 installed packages in /home/kakurrix/Documents/Robotica/ejemplo1_ws/install
[0.264s] DEBUG:colcon.colcon_installed_package_information.package_discovery:Found 271 installed packages in /opt/ros/humble
[0.266s] Level 1:colcon.colcon_core.package_discovery:discover_packages(prefix_path) using defaults
[0.296s] Level 5:colcon.colcon_core.verb:set package 'ucb_interface' build argument 'cmake_args' from command line to 'None'
[0.296s] Level 5:colcon.colcon_core.verb:set package 'ucb_interface' build argument 'cmake_target' from command line to 'None'
[0.296s] Level 5:colcon.colcon_core.verb:set package 'ucb_interface' build argument 'cmake_target_skip_unavailable' from command line to 'False'
[0.296s] Level 5:colcon.colcon_core.verb:set package 'ucb_interface' build argument 'cmake_clean_cache' from command line to 'False'
[0.296s] Level 5:colcon.colcon_core.verb:set package 'ucb_interface' build argument 'cmake_clean_first' from command line to 'False'
[0.296s] Level 5:colcon.colcon_core.verb:set package 'ucb_interface' build argument 'cmake_force_configure' from command line to 'False'
[0.296s] Level 5:colcon.colcon_core.verb:set package 'ucb_interface' build argument 'ament_cmake_args' from command line to 'None'
[0.296s] Level 5:colcon.colcon_core.verb:set package 'ucb_interface' build argument 'catkin_cmake_args' from command line to 'None'
[0.296s] Level 5:colcon.colcon_core.verb:set package 'ucb_interface' build argument 'catkin_skip_building_tests' from command line to 'False'
[0.296s] DEBUG:colcon.colcon_core.verb:Building package 'ucb_interface' with the following arguments: {'ament_cmake_args': None, 'build_base': '/home/kakurrix/Documents/Robotica/ejemplo1_ws/build/ucb_interface', 'catkin_cmake_args': None, 'catkin_skip_building_tests': False, 'cmake_args': None, 'cmake_clean_cache': False, 'cmake_clean_first': False, 'cmake_force_configure': False, 'cmake_target': None, 'cmake_target_skip_unavailable': False, 'install_base': '/home/kakurrix/Documents/Robotica/ejemplo1_ws/install/ucb_interface', 'merge_install': False, 'path': '/home/kakurrix/Documents/Robotica/ejemplo1_ws/src/ucb_interface', 'symlink_install': False, 'test_result_base': None}
[0.296s] Level 5:colcon.colcon_core.verb:set package 'my_package' build argument 'cmake_args' from command line to 'None'
[0.296s] Level 5:colcon.colcon_core.verb:set package 'my_package' build argument 'cmake_target' from command line to 'None'
[0.296s] Level 5:colcon.colcon_core.verb:set package 'my_package' build argument 'cmake_target_skip_unavailable' from command line to 'False'
[0.296s] Level 5:colcon.colcon_core.verb:set package 'my_package' build argument 'cmake_clean_cache' from command line to 'False'
[0.296s] Level 5:colcon.colcon_core.verb:set package 'my_package' build argument 'cmake_clean_first' from command line to 'False'
[0.296s] Level 5:colcon.colcon_core.verb:set package 'my_package' build argument 'cmake_force_configure' from command line to 'False'
[0.296s] Level 5:colcon.colcon_core.verb:set package 'my_package' build argument 'ament_cmake_args' from command line to 'None'
[0.296s] Level 5:colcon.colcon_core.verb:set package 'my_package' build argument 'catkin_cmake_args' from command line to 'None'
[0.296s] Level 5:colcon.colcon_core.verb:set package 'my_package' build argument 'catkin_skip_building_tests' from command line to 'False'
[0.296s] DEBUG:colcon.colcon_core.verb:Building package 'my_package' with the following arguments: {'ament_cmake_args': None, 'build_base': '/home/kakurrix/Documents/Robotica/ejemplo1_ws/build/my_package', 'catkin_cmake_args': None, 'catkin_skip_building_tests': False, 'cmake_args': None, 'cmake_clean_cache': False, 'cmake_clean_first': False, 'cmake_force_configure': False, 'cmake_target': None, 'cmake_target_skip_unavailable': False, 'install_base': '/home/kakurrix/Documents/Robotica/ejemplo1_ws/install/my_package', 'merge_install': False, 'path': '/home/kakurrix/Documents/Robotica/ejemplo1_ws/src/my_package', 'symlink_install': False, 'test_result_base': None}
[0.297s] INFO:colcon.colcon_core.executor:Executing jobs using 'parallel' executor
[0.297s] DEBUG:colcon.colcon_parallel_executor.executor.parallel:run_until_complete
[0.298s] INFO:colcon.colcon_ros.task.ament_cmake.build:Building ROS package in '/home/kakurrix/Documents/Robotica/ejemplo1_ws/src/ucb_interface' with build type 'ament_cmake'
[0.298s] INFO:colcon.colcon_cmake.task.cmake.build:Building CMake package in '/home/kakurrix/Documents/Robotica/ejemplo1_ws/src/ucb_interface'
[0.299s] INFO:colcon.colcon_core.plugin_system:Skipping extension 'colcon_core.shell.bat': Not used on non-Windows systems
[0.300s] INFO:colcon.colcon_core.shell:Skip shell extension 'powershell' for command environment: Not usable outside of PowerShell
[0.300s] DEBUG:colcon.colcon_core.shell:Skip shell extension 'dsv' for command environment
[0.307s] DEBUG:colcon.colcon_core.event_handler.log_command:Invoking command in '/home/kakurrix/Documents/Robotica/ejemplo1_ws/build/ucb_interface': CMAKE_PREFIX_PATH=${CMAKE_PREFIX_PATH}:/home/kakurrix/Documents/Robotica/ejemplo1_ws/install/my_package:/opt/ros/humble /usr/bin/cmake --build /home/kakurrix/Documents/Robotica/ejemplo1_ws/build/ucb_interface -- -j8 -l8
[0.335s] DEBUG:colcon.colcon_core.event_handler.log_command:Invoked command in '/home/kakurrix/Documents/Robotica/ejemplo1_ws/build/ucb_interface' returned '0': CMAKE_PREFIX_PATH=${CMAKE_PREFIX_PATH}:/home/kakurrix/Documents/Robotica/ejemplo1_ws/install/my_package:/opt/ros/humble /usr/bin/cmake --build /home/kakurrix/Documents/Robotica/ejemplo1_ws/build/ucb_interface -- -j8 -l8
[0.342s] DEBUG:colcon.colcon_core.event_handler.log_command:Invoking command in '/home/kakurrix/Documents/Robotica/ejemplo1_ws/build/ucb_interface': CMAKE_PREFIX_PATH=${CMAKE_PREFIX_PATH}:/home/kakurrix/Documents/Robotica/ejemplo1_ws/install/my_package:/opt/ros/humble /usr/bin/cmake --install /home/kakurrix/Documents/Robotica/ejemplo1_ws/build/ucb_interface
[0.350s] Level 1:colcon.colcon_core.environment:create_environment_scripts_only(ucb_interface)
[0.350s] DEBUG:colcon.colcon_core.event_handler.log_command:Invoked command in '/home/kakurrix/Documents/Robotica/ejemplo1_ws/build/ucb_interface' returned '0': CMAKE_PREFIX_PATH=${CMAKE_PREFIX_PATH}:/home/kakurrix/Documents/Robotica/ejemplo1_ws/install/my_package:/opt/ros/humble /usr/bin/cmake --install /home/kakurrix/Documents/Robotica/ejemplo1_ws/build/ucb_interface
[0.352s] Level 1:colcon.colcon_core.environment:checking '/home/kakurrix/Documents/Robotica/ejemplo1_ws/install/ucb_interface' for CMake module files
[0.353s] Level 1:colcon.colcon_core.environment:checking '/home/kakurrix/Documents/Robotica/ejemplo1_ws/install/ucb_interface' for CMake config files
[0.353s] Level 1:colcon.colcon_core.shell:create_environment_hook('ucb_interface', 'cmake_prefix_path')
[0.353s] INFO:colcon.colcon_core.shell:Creating environment hook '/home/kakurrix/Documents/Robotica/ejemplo1_ws/install/ucb_interface/share/ucb_interface/hook/cmake_prefix_path.ps1'
[0.354s] INFO:colcon.colcon_core.shell:Creating environment descriptor '/home/kakurrix/Documents/Robotica/ejemplo1_ws/install/ucb_interface/share/ucb_interface/hook/cmake_prefix_path.dsv'
[0.354s] INFO:colcon.colcon_core.shell:Creating environment hook '/home/kakurrix/Documents/Robotica/ejemplo1_ws/install/ucb_interface/share/ucb_interface/hook/cmake_prefix_path.sh'
[0.355s] Level 1:colcon.colcon_core.environment:checking '/home/kakurrix/Documents/Robotica/ejemplo1_ws/install/ucb_interface/bin'
[0.355s] Level 1:colcon.colcon_core.environment:checking '/home/kakurrix/Documents/Robotica/ejemplo1_ws/install/ucb_interface/lib/pkgconfig/ucb_interface.pc'
[0.355s] Level 1:colcon.colcon_core.environment:checking '/home/kakurrix/Documents/Robotica/ejemplo1_ws/install/ucb_interface/lib/python3.10/site-packages'
[0.355s] Level 1:colcon.colcon_core.environment:checking '/home/kakurrix/Documents/Robotica/ejemplo1_ws/install/ucb_interface/bin'
[0.355s] INFO:colcon.colcon_core.shell:Creating package script '/home/kakurrix/Documents/Robotica/ejemplo1_ws/install/ucb_interface/share/ucb_interface/package.ps1'
[0.356s] INFO:colcon.colcon_core.shell:Creating package descriptor '/home/kakurrix/Documents/Robotica/ejemplo1_ws/install/ucb_interface/share/ucb_interface/package.dsv'
[0.356s] INFO:colcon.colcon_core.shell:Creating package script '/home/kakurrix/Documents/Robotica/ejemplo1_ws/install/ucb_interface/share/ucb_interface/package.sh'
[0.357s] INFO:colcon.colcon_core.shell:Creating package script '/home/kakurrix/Documents/Robotica/ejemplo1_ws/install/ucb_interface/share/ucb_interface/package.bash'
[0.357s] INFO:colcon.colcon_core.shell:Creating package script '/home/kakurrix/Documents/Robotica/ejemplo1_ws/install/ucb_interface/share/ucb_interface/package.zsh'
[0.358s] Level 1:colcon.colcon_core.environment:create_file_with_runtime_dependencies(/home/kakurrix/Documents/Robotica/ejemplo1_ws/install/ucb_interface/share/colcon-core/packages/ucb_interface)
[0.358s] Level 1:colcon.colcon_core.environment:create_environment_scripts_only(ucb_interface)
[0.358s] Level 1:colcon.colcon_core.environment:checking '/home/kakurrix/Documents/Robotica/ejemplo1_ws/install/ucb_interface' for CMake module files
[0.359s] Level 1:colcon.colcon_core.environment:checking '/home/kakurrix/Documents/Robotica/ejemplo1_ws/install/ucb_interface' for CMake config files
[0.359s] Level 1:colcon.colcon_core.shell:create_environment_hook('ucb_interface', 'cmake_prefix_path')
[0.359s] INFO:colcon.colcon_core.shell:Creating environment hook '/home/kakurrix/Documents/Robotica/ejemplo1_ws/install/ucb_interface/share/ucb_interface/hook/cmake_prefix_path.ps1'
[0.359s] INFO:colcon.colcon_core.shell:Creating environment descriptor '/home/kakurrix/Documents/Robotica/ejemplo1_ws/install/ucb_interface/share/ucb_interface/hook/cmake_prefix_path.dsv'
[0.360s] INFO:colcon.colcon_core.shell:Creating environment hook '/home/kakurrix/Documents/Robotica/ejemplo1_ws/install/ucb_interface/share/ucb_interface/hook/cmake_prefix_path.sh'
[0.360s] Level 1:colcon.colcon_core.environment:checking '/home/kakurrix/Documents/Robotica/ejemplo1_ws/install/ucb_interface/bin'
[0.360s] Level 1:colcon.colcon_core.environment:checking '/home/kakurrix/Documents/Robotica/ejemplo1_ws/install/ucb_interface/lib/pkgconfig/ucb_interface.pc'
[0.360s] Level 1:colcon.colcon_core.environment:checking '/home/kakurrix/Documents/Robotica/ejemplo1_ws/install/ucb_interface/lib/python3.10/site-packages'
[0.360s] Level 1:colcon.colcon_core.environment:checking '/home/kakurrix/Documents/Robotica/ejemplo1_ws/install/ucb_interface/bin'
[0.361s] INFO:colcon.colcon_core.shell:Creating package script '/home/kakurrix/Documents/Robotica/ejemplo1_ws/install/ucb_interface/share/ucb_interface/package.ps1'
[0.361s] INFO:colcon.colcon_core.shell:Creating package descriptor '/home/kakurrix/Documents/Robotica/ejemplo1_ws/install/ucb_interface/share/ucb_interface/package.dsv'
[0.361s] INFO:colcon.colcon_core.shell:Creating package script '/home/kakurrix/Documents/Robotica/ejemplo1_ws/install/ucb_interface/share/ucb_interface/package.sh'
[0.362s] INFO:colcon.colcon_core.shell:Creating package script '/home/kakurrix/Documents/Robotica/ejemplo1_ws/install/ucb_interface/share/ucb_interface/package.bash'
[0.362s] INFO:colcon.colcon_core.shell:Creating package script '/home/kakurrix/Documents/Robotica/ejemplo1_ws/install/ucb_interface/share/ucb_interface/package.zsh'
[0.362s] Level 1:colcon.colcon_core.environment:create_file_with_runtime_dependencies(/home/kakurrix/Documents/Robotica/ejemplo1_ws/install/ucb_interface/share/colcon-core/packages/ucb_interface)
[0.363s] INFO:colcon.colcon_ros.task.ament_python.build:Building ROS package in '/home/kakurrix/Documents/Robotica/ejemplo1_ws/src/my_package' with build type 'ament_python'
[0.363s] Level 1:colcon.colcon_core.shell:create_environment_hook('my_package', 'ament_prefix_path')
[0.363s] INFO:colcon.colcon_core.shell:Creating environment hook '/home/kakurrix/Documents/Robotica/ejemplo1_ws/install/my_package/share/my_package/hook/ament_prefix_path.ps1'
[0.363s] INFO:colcon.colcon_core.shell:Creating environment descriptor '/home/kakurrix/Documents/Robotica/ejemplo1_ws/install/my_package/share/my_package/hook/ament_prefix_path.dsv'
[0.364s] INFO:colcon.colcon_core.shell:Creating environment hook '/home/kakurrix/Documents/Robotica/ejemplo1_ws/install/my_package/share/my_package/hook/ament_prefix_path.sh'
[0.364s] INFO:colcon.colcon_core.shell:Skip shell extension 'powershell' for command environment: Not usable outside of PowerShell
[0.364s] DEBUG:colcon.colcon_core.shell:Skip shell extension 'dsv' for command environment
[0.597s] INFO:colcon.colcon_core.task.python.build:Building Python package in '/home/kakurrix/Documents/Robotica/ejemplo1_ws/src/my_package'
[0.597s] INFO:colcon.colcon_core.shell:Skip shell extension 'powershell' for command environment: Not usable outside of PowerShell
[0.597s] DEBUG:colcon.colcon_core.shell:Skip shell extension 'dsv' for command environment
[0.856s] DEBUG:colcon.colcon_core.event_handler.log_command:Invoking command in '/home/kakurrix/Documents/Robotica/ejemplo1_ws/src/my_package': PYTHONPATH=/home/kakurrix/Documents/Robotica/ejemplo1_ws/build/my_package/prefix_override:/usr/lib/python3/dist-packages/colcon_core/task/python/colcon_distutils_commands:/home/kakurrix/Documents/Robotica/ejemplo1_ws/install/my_package/lib/python3.10/site-packages:${PYTHONPATH} /usr/bin/python3 -W ignore:setup.py install is deprecated -W ignore:easy_install command is deprecated setup.py egg_info --egg-base ../../build/my_package build --build-base /home/kakurrix/Documents/Robotica/ejemplo1_ws/build/my_package/build install --record /home/kakurrix/Documents/Robotica/ejemplo1_ws/build/my_package/install.log --single-version-externally-managed install_data
[1.092s] Level 1:colcon.colcon_core.environment:checking '/home/kakurrix/Documents/Robotica/ejemplo1_ws/install/my_package' for CMake module files
[1.092s] DEBUG:colcon.colcon_core.event_handler.log_command:Invoked command in '/home/kakurrix/Documents/Robotica/ejemplo1_ws/src/my_package' returned '0': PYTHONPATH=/home/kakurrix/Documents/Robotica/ejemplo1_ws/build/my_package/prefix_override:/usr/lib/python3/dist-packages/colcon_core/task/python/colcon_distutils_commands:/home/kakurrix/Documents/Robotica/ejemplo1_ws/install/my_package/lib/python3.10/site-packages:${PYTHONPATH} /usr/bin/python3 -W ignore:setup.py install is deprecated -W ignore:easy_install command is deprecated setup.py egg_info --egg-base ../../build/my_package build --build-base /home/kakurrix/Documents/Robotica/ejemplo1_ws/build/my_package/build install --record /home/kakurrix/Documents/Robotica/ejemplo1_ws/build/my_package/install.log --single-version-externally-managed install_data
[1.093s] Level 1:colcon.colcon_core.environment:checking '/home/kakurrix/Documents/Robotica/ejemplo1_ws/install/my_package' for CMake config files
[1.093s] Level 1:colcon.colcon_core.environment:checking '/home/kakurrix/Documents/Robotica/ejemplo1_ws/install/my_package/lib'
[1.093s] Level 1:colcon.colcon_core.environment:checking '/home/kakurrix/Documents/Robotica/ejemplo1_ws/install/my_package/bin'
[1.093s] Level 1:colcon.colcon_core.environment:checking '/home/kakurrix/Documents/Robotica/ejemplo1_ws/install/my_package/lib/pkgconfig/my_package.pc'
[1.094s] Level 1:colcon.colcon_core.environment:checking '/home/kakurrix/Documents/Robotica/ejemplo1_ws/install/my_package/lib/python3.10/site-packages'
[1.094s] Level 1:colcon.colcon_core.shell:create_environment_hook('my_package', 'pythonpath')
[1.094s] INFO:colcon.colcon_core.shell:Creating environment hook '/home/kakurrix/Documents/Robotica/ejemplo1_ws/install/my_package/share/my_package/hook/pythonpath.ps1'
[1.094s] INFO:colcon.colcon_core.shell:Creating environment descriptor '/home/kakurrix/Documents/Robotica/ejemplo1_ws/install/my_package/share/my_package/hook/pythonpath.dsv'
[1.095s] INFO:colcon.colcon_core.shell:Creating environment hook '/home/kakurrix/Documents/Robotica/ejemplo1_ws/install/my_package/share/my_package/hook/pythonpath.sh'
[1.095s] Level 1:colcon.colcon_core.environment:checking '/home/kakurrix/Documents/Robotica/ejemplo1_ws/install/my_package/bin'
[1.095s] Level 1:colcon.colcon_core.environment:create_environment_scripts_only(my_package)
[1.095s] INFO:colcon.colcon_core.shell:Creating package script '/home/kakurrix/Documents/Robotica/ejemplo1_ws/install/my_package/share/my_package/package.ps1'
[1.096s] INFO:colcon.colcon_core.shell:Creating package descriptor '/home/kakurrix/Documents/Robotica/ejemplo1_ws/install/my_package/share/my_package/package.dsv'
[1.096s] INFO:colcon.colcon_core.shell:Creating package script '/home/kakurrix/Documents/Robotica/ejemplo1_ws/install/my_package/share/my_package/package.sh'
[1.097s] INFO:colcon.colcon_core.shell:Creating package script '/home/kakurrix/Documents/Robotica/ejemplo1_ws/install/my_package/share/my_package/package.bash'
[1.097s] INFO:colcon.colcon_core.shell:Creating package script '/home/kakurrix/Documents/Robotica/ejemplo1_ws/install/my_package/share/my_package/package.zsh'
[1.097s] Level 1:colcon.colcon_core.environment:create_file_with_runtime_dependencies(/home/kakurrix/Documents/Robotica/ejemplo1_ws/install/my_package/share/colcon-core/packages/my_package)
[1.097s] DEBUG:colcon.colcon_parallel_executor.executor.parallel:closing loop
[1.098s] DEBUG:colcon.colcon_parallel_executor.executor.parallel:loop closed
[1.098s] DEBUG:colcon.colcon_parallel_executor.executor.parallel:run_until_complete finished with '0'
[1.098s] DEBUG:colcon.colcon_core.event_reactor:joining thread
[1.102s] INFO:colcon.colcon_core.plugin_system:Skipping extension 'colcon_notification.desktop_notification.terminal_notifier': Not used on non-Darwin systems
[1.102s] INFO:colcon.colcon_core.plugin_system:Skipping extension 'colcon_notification.desktop_notification.win32': Not used on non-Windows systems
[1.102s] INFO:colcon.colcon_notification.desktop_notification:Sending desktop notification using 'notify2'
[1.113s] DEBUG:colcon.colcon_core.event_reactor:joined thread
[1.113s] INFO:colcon.colcon_core.shell:Creating prefix script '/home/kakurrix/Documents/Robotica/ejemplo1_ws/install/local_setup.ps1'
[1.114s] INFO:colcon.colcon_core.shell:Creating prefix util module '/home/kakurrix/Documents/Robotica/ejemplo1_ws/install/_local_setup_util_ps1.py'
[1.116s] INFO:colcon.colcon_core.shell:Creating prefix chain script '/home/kakurrix/Documents/Robotica/ejemplo1_ws/install/setup.ps1'
[1.118s] INFO:colcon.colcon_core.shell:Creating prefix script '/home/kakurrix/Documents/Robotica/ejemplo1_ws/install/local_setup.sh'
[1.119s] INFO:colcon.colcon_core.shell:Creating prefix util module '/home/kakurrix/Documents/Robotica/ejemplo1_ws/install/_local_setup_util_sh.py'
[1.120s] INFO:colcon.colcon_core.shell:Creating prefix chain script '/home/kakurrix/Documents/Robotica/ejemplo1_ws/install/setup.sh'
[1.121s] INFO:colcon.colcon_core.shell:Creating prefix script '/home/kakurrix/Documents/Robotica/ejemplo1_ws/install/local_setup.bash'
[1.122s] INFO:colcon.colcon_core.shell:Creating prefix chain script '/home/kakurrix/Documents/Robotica/ejemplo1_ws/install/setup.bash'
[1.123s] INFO:colcon.colcon_core.shell:Creating prefix script '/home/kakurrix/Documents/Robotica/ejemplo1_ws/install/local_setup.zsh'
[1.123s] INFO:colcon.colcon_core.shell:Creating prefix chain script '/home/kakurrix/Documents/Robotica/ejemplo1_ws/install/setup.zsh'
