[0.564s] Invoking command in '/home/kakurrix/Documents/Robotica/parcial1_ws/build/mensaje': CMAKE_PREFIX_PATH=/opt/ros/humble /usr/bin/cmake --build /home/kakurrix/Documents/Robotica/parcial1_ws/build/mensaje -- -j8 -l8
[0.608s] [  2%] Built target mensaje__cpp
[0.609s] [ 12%] Built target mensaje__rosidl_generator_c
[0.621s] [ 12%] Built target ament_cmake_python_symlink_mensaje
[0.638s] [ 23%] Built target mensaje__rosidl_typesupport_cpp
[0.638s] [ 43%] Built target mensaje__rosidl_typesupport_fastrtps_c
[0.639s] [ 43%] Built target mensaje__rosidl_typesupport_c
[0.639s] [ 53%] Built target mensaje__rosidl_typesupport_fastrtps_cpp
[0.639s] [ 64%] Built target mensaje__rosidl_typesupport_introspection_cpp
[0.640s] [ 74%] Built target mensaje__rosidl_typesupport_introspection_c
[0.657s] [ 74%] Built target mensaje
[0.676s] [ 76%] Built target mensaje__py
[0.696s] [ 84%] Built target mensaje__rosidl_generator_py
[0.719s] [ 89%] Built target mensaje__rosidl_typesupport_fastrtps_c__pyext
[0.722s] [ 94%] Built target mensaje__rosidl_typesupport_introspection_c__pyext
[0.726s] [100%] Built target mensaje__rosidl_typesupport_c__pyext
[0.896s] running egg_info
[0.897s] writing mensaje.egg-info/PKG-INFO
[0.897s] writing dependency_links to mensaje.egg-info/dependency_links.txt
[0.897s] writing top-level names to mensaje.egg-info/top_level.txt
[0.900s] reading manifest file 'mensaje.egg-info/SOURCES.txt'
[0.901s] writing manifest file 'mensaje.egg-info/SOURCES.txt'
[0.935s] [100%] Built target ament_cmake_python_build_mensaje_egg
[0.948s] Invoked command in '/home/kakurrix/Documents/Robotica/parcial1_ws/build/mensaje' returned '0': CMAKE_PREFIX_PATH=/opt/ros/humble /usr/bin/cmake --build /home/kakurrix/Documents/Robotica/parcial1_ws/build/mensaje -- -j8 -l8
[0.958s] Invoking command in '/home/kakurrix/Documents/Robotica/parcial1_ws/build/mensaje': CMAKE_PREFIX_PATH=/opt/ros/humble /usr/bin/cmake --install /home/kakurrix/Documents/Robotica/parcial1_ws/build/mensaje
[0.965s] -- Install configuration: ""
[0.966s] -- Execute custom install script
[0.966s] -- Up-to-date symlink: /home/kakurrix/Documents/Robotica/parcial1_ws/install/mensaje/share/ament_index/resource_index/rosidl_interfaces/mensaje
[0.967s] -- Up-to-date symlink: /home/kakurrix/Documents/Robotica/parcial1_ws/install/mensaje/include/mensaje/mensaje/msg/detail/num__functions.h
[0.967s] -- Up-to-date symlink: /home/kakurrix/Documents/Robotica/parcial1_ws/install/mensaje/include/mensaje/mensaje/msg/detail/num__struct.h
[0.967s] -- Up-to-date symlink: /home/kakurrix/Documents/Robotica/parcial1_ws/install/mensaje/include/mensaje/mensaje/msg/detail/num__type_support.h
[0.968s] -- Up-to-date symlink: /home/kakurrix/Documents/Robotica/parcial1_ws/install/mensaje/include/mensaje/mensaje/msg/num.h
[0.968s] -- Up-to-date symlink: /home/kakurrix/Documents/Robotica/parcial1_ws/install/mensaje/include/mensaje/mensaje/msg/rosidl_generator_c__visibility_control.h
[0.968s] -- Up-to-date symlink: /home/kakurrix/Documents/Robotica/parcial1_ws/install/mensaje/include/mensaje/mensaje/srv/detail/kinematics__functions.h
[0.968s] -- Up-to-date symlink: /home/kakurrix/Documents/Robotica/parcial1_ws/install/mensaje/include/mensaje/mensaje/srv/detail/kinematics__struct.h
[0.968s] -- Up-to-date symlink: /home/kakurrix/Documents/Robotica/parcial1_ws/install/mensaje/include/mensaje/mensaje/srv/detail/kinematics__type_support.h
[0.969s] -- Up-to-date symlink: /home/kakurrix/Documents/Robotica/parcial1_ws/install/mensaje/include/mensaje/mensaje/srv/kinematics.h
[0.969s] -- Up-to-date symlink: /home/kakurrix/Documents/Robotica/parcial1_ws/install/mensaje/share/mensaje/environment/library_path.sh
[0.969s] -- Up-to-date symlink: /home/kakurrix/Documents/Robotica/parcial1_ws/install/mensaje/share/mensaje/environment/library_path.dsv
[0.970s] -- Up-to-date symlink: /home/kakurrix/Documents/Robotica/parcial1_ws/install/mensaje/include/mensaje/mensaje/msg/detail/num__rosidl_typesupport_fastrtps_c.h
[0.970s] -- Up-to-date symlink: /home/kakurrix/Documents/Robotica/parcial1_ws/install/mensaje/include/mensaje/mensaje/msg/rosidl_typesupport_fastrtps_c__visibility_control.h
[0.970s] -- Up-to-date symlink: /home/kakurrix/Documents/Robotica/parcial1_ws/install/mensaje/include/mensaje/mensaje/srv/detail/kinematics__rosidl_typesupport_fastrtps_c.h
[0.971s] -- Up-to-date symlink: /home/kakurrix/Documents/Robotica/parcial1_ws/install/mensaje/include/mensaje/mensaje/msg/detail/num__builder.hpp
[0.971s] -- Up-to-date symlink: /home/kakurrix/Documents/Robotica/parcial1_ws/install/mensaje/include/mensaje/mensaje/msg/detail/num__struct.hpp
[0.971s] -- Up-to-date symlink: /home/kakurrix/Documents/Robotica/parcial1_ws/install/mensaje/include/mensaje/mensaje/msg/detail/num__traits.hpp
[0.972s] -- Up-to-date symlink: /home/kakurrix/Documents/Robotica/parcial1_ws/install/mensaje/include/mensaje/mensaje/msg/detail/num__type_support.hpp
[0.972s] -- Up-to-date symlink: /home/kakurrix/Documents/Robotica/parcial1_ws/install/mensaje/include/mensaje/mensaje/msg/num.hpp
[0.972s] -- Up-to-date symlink: /home/kakurrix/Documents/Robotica/parcial1_ws/install/mensaje/include/mensaje/mensaje/msg/rosidl_generator_cpp__visibility_control.hpp
[0.972s] -- Up-to-date symlink: /home/kakurrix/Documents/Robotica/parcial1_ws/install/mensaje/include/mensaje/mensaje/srv/detail/kinematics__builder.hpp
[0.972s] -- Up-to-date symlink: /home/kakurrix/Documents/Robotica/parcial1_ws/install/mensaje/include/mensaje/mensaje/srv/detail/kinematics__struct.hpp
[0.973s] -- Up-to-date symlink: /home/kakurrix/Documents/Robotica/parcial1_ws/install/mensaje/include/mensaje/mensaje/srv/detail/kinematics__traits.hpp
[0.973s] -- Up-to-date symlink: /home/kakurrix/Documents/Robotica/parcial1_ws/install/mensaje/include/mensaje/mensaje/srv/detail/kinematics__type_support.hpp
[0.973s] -- Up-to-date symlink: /home/kakurrix/Documents/Robotica/parcial1_ws/install/mensaje/include/mensaje/mensaje/srv/kinematics.hpp
[0.974s] -- Up-to-date symlink: /home/kakurrix/Documents/Robotica/parcial1_ws/install/mensaje/include/mensaje/mensaje/msg/detail/num__rosidl_typesupport_fastrtps_cpp.hpp
[0.974s] -- Up-to-date symlink: /home/kakurrix/Documents/Robotica/parcial1_ws/install/mensaje/include/mensaje/mensaje/msg/rosidl_typesupport_fastrtps_cpp__visibility_control.h
[0.974s] -- Up-to-date symlink: /home/kakurrix/Documents/Robotica/parcial1_ws/install/mensaje/include/mensaje/mensaje/srv/detail/kinematics__rosidl_typesupport_fastrtps_cpp.hpp
[0.975s] -- Up-to-date symlink: /home/kakurrix/Documents/Robotica/parcial1_ws/install/mensaje/include/mensaje/mensaje/msg/detail/num__rosidl_typesupport_introspection_c.h
[0.975s] -- Up-to-date symlink: /home/kakurrix/Documents/Robotica/parcial1_ws/install/mensaje/include/mensaje/mensaje/msg/rosidl_typesupport_introspection_c__visibility_control.h
[0.975s] -- Up-to-date symlink: /home/kakurrix/Documents/Robotica/parcial1_ws/install/mensaje/include/mensaje/mensaje/srv/detail/kinematics__rosidl_typesupport_introspection_c.h
[0.976s] -- Up-to-date symlink: /home/kakurrix/Documents/Robotica/parcial1_ws/install/mensaje/include/mensaje/mensaje/msg/detail/num__rosidl_typesupport_introspection_cpp.hpp
[0.976s] -- Up-to-date symlink: /home/kakurrix/Documents/Robotica/parcial1_ws/install/mensaje/include/mensaje/mensaje/srv/detail/kinematics__rosidl_typesupport_introspection_cpp.hpp
[0.976s] -- Up-to-date symlink: /home/kakurrix/Documents/Robotica/parcial1_ws/install/mensaje/share/mensaje/environment/pythonpath.sh
[0.976s] -- Up-to-date symlink: /home/kakurrix/Documents/Robotica/parcial1_ws/install/mensaje/share/mensaje/environment/pythonpath.dsv
[0.977s] -- Up-to-date symlink: /home/kakurrix/Documents/Robotica/parcial1_ws/install/mensaje/local/lib/python3.10/dist-packages/mensaje-0.0.0-py3.10.egg-info/PKG-INFO
[0.977s] -- Up-to-date symlink: /home/kakurrix/Documents/Robotica/parcial1_ws/install/mensaje/local/lib/python3.10/dist-packages/mensaje-0.0.0-py3.10.egg-info/SOURCES.txt
[0.977s] -- Up-to-date symlink: /home/kakurrix/Documents/Robotica/parcial1_ws/install/mensaje/local/lib/python3.10/dist-packages/mensaje-0.0.0-py3.10.egg-info/dependency_links.txt
[0.977s] -- Up-to-date symlink: /home/kakurrix/Documents/Robotica/parcial1_ws/install/mensaje/local/lib/python3.10/dist-packages/mensaje-0.0.0-py3.10.egg-info/top_level.txt
[0.978s] -- Up-to-date symlink: /home/kakurrix/Documents/Robotica/parcial1_ws/install/mensaje/local/lib/python3.10/dist-packages/mensaje/__init__.py
[0.978s] -- Up-to-date symlink: /home/kakurrix/Documents/Robotica/parcial1_ws/install/mensaje/local/lib/python3.10/dist-packages/mensaje/_mensaje_s.ep.rosidl_typesupport_c.c
[0.979s] -- Up-to-date symlink: /home/kakurrix/Documents/Robotica/parcial1_ws/install/mensaje/local/lib/python3.10/dist-packages/mensaje/_mensaje_s.ep.rosidl_typesupport_fastrtps_c.c
[0.979s] -- Up-to-date symlink: /home/kakurrix/Documents/Robotica/parcial1_ws/install/mensaje/local/lib/python3.10/dist-packages/mensaje/_mensaje_s.ep.rosidl_typesupport_introspection_c.c
[0.979s] -- Up-to-date symlink: /home/kakurrix/Documents/Robotica/parcial1_ws/install/mensaje/local/lib/python3.10/dist-packages/mensaje/libmensaje__rosidl_generator_py.so
[0.979s] -- Up-to-date symlink: /home/kakurrix/Documents/Robotica/parcial1_ws/install/mensaje/local/lib/python3.10/dist-packages/mensaje/mensaje_s__rosidl_typesupport_c.cpython-310-x86_64-linux-gnu.so
[0.979s] -- Up-to-date symlink: /home/kakurrix/Documents/Robotica/parcial1_ws/install/mensaje/local/lib/python3.10/dist-packages/mensaje/mensaje_s__rosidl_typesupport_fastrtps_c.cpython-310-x86_64-linux-gnu.so
[0.980s] -- Up-to-date symlink: /home/kakurrix/Documents/Robotica/parcial1_ws/install/mensaje/local/lib/python3.10/dist-packages/mensaje/mensaje_s__rosidl_typesupport_introspection_c.cpython-310-x86_64-linux-gnu.so
[0.980s] -- Up-to-date symlink: /home/kakurrix/Documents/Robotica/parcial1_ws/install/mensaje/local/lib/python3.10/dist-packages/mensaje/msg/__init__.py
[0.980s] -- Up-to-date symlink: /home/kakurrix/Documents/Robotica/parcial1_ws/install/mensaje/local/lib/python3.10/dist-packages/mensaje/msg/_num.py
[0.980s] -- Up-to-date symlink: /home/kakurrix/Documents/Robotica/parcial1_ws/install/mensaje/local/lib/python3.10/dist-packages/mensaje/msg/_num_s.c
[0.980s] -- Up-to-date symlink: /home/kakurrix/Documents/Robotica/parcial1_ws/install/mensaje/local/lib/python3.10/dist-packages/mensaje/srv/__init__.py
[0.980s] -- Up-to-date symlink: /home/kakurrix/Documents/Robotica/parcial1_ws/install/mensaje/local/lib/python3.10/dist-packages/mensaje/srv/_kinematics.py
[0.981s] -- Up-to-date symlink: /home/kakurrix/Documents/Robotica/parcial1_ws/install/mensaje/local/lib/python3.10/dist-packages/mensaje/srv/_kinematics_s.c
[0.981s] -- Up-to-date symlink: /home/kakurrix/Documents/Robotica/parcial1_ws/install/mensaje/local/lib/python3.10/dist-packages/mensaje/mensaje_s__rosidl_typesupport_fastrtps_c.cpython-310-x86_64-linux-gnu.so
[0.982s] -- Up-to-date symlink: /home/kakurrix/Documents/Robotica/parcial1_ws/install/mensaje/local/lib/python3.10/dist-packages/mensaje/mensaje_s__rosidl_typesupport_introspection_c.cpython-310-x86_64-linux-gnu.so
[0.982s] -- Up-to-date symlink: /home/kakurrix/Documents/Robotica/parcial1_ws/install/mensaje/local/lib/python3.10/dist-packages/mensaje/mensaje_s__rosidl_typesupport_c.cpython-310-x86_64-linux-gnu.so
[0.982s] -- Up-to-date symlink: /home/kakurrix/Documents/Robotica/parcial1_ws/install/mensaje/share/mensaje/msg/Num.idl
[0.982s] -- Up-to-date symlink: /home/kakurrix/Documents/Robotica/parcial1_ws/install/mensaje/share/mensaje/srv/Kinematics.idl
[0.983s] -- Up-to-date symlink: /home/kakurrix/Documents/Robotica/parcial1_ws/install/mensaje/share/mensaje/msg/Num.msg
[0.983s] -- Up-to-date symlink: /home/kakurrix/Documents/Robotica/parcial1_ws/install/mensaje/share/mensaje/srv/Kinematics.srv
[0.983s] -- Up-to-date symlink: /home/kakurrix/Documents/Robotica/parcial1_ws/install/mensaje/share/mensaje/srv/Kinematics_Request.msg
[0.984s] -- Up-to-date symlink: /home/kakurrix/Documents/Robotica/parcial1_ws/install/mensaje/share/mensaje/srv/Kinematics_Response.msg
[0.984s] -- Up-to-date symlink: /home/kakurrix/Documents/Robotica/parcial1_ws/install/mensaje/share/ament_index/resource_index/package_run_dependencies/mensaje
[0.984s] -- Up-to-date symlink: /home/kakurrix/Documents/Robotica/parcial1_ws/install/mensaje/share/ament_index/resource_index/parent_prefix_path/mensaje
[0.984s] -- Up-to-date symlink: /home/kakurrix/Documents/Robotica/parcial1_ws/install/mensaje/share/mensaje/environment/ament_prefix_path.sh
[0.985s] -- Up-to-date symlink: /home/kakurrix/Documents/Robotica/parcial1_ws/install/mensaje/share/mensaje/environment/ament_prefix_path.dsv
[0.985s] -- Up-to-date symlink: /home/kakurrix/Documents/Robotica/parcial1_ws/install/mensaje/share/mensaje/environment/path.sh
[0.985s] -- Up-to-date symlink: /home/kakurrix/Documents/Robotica/parcial1_ws/install/mensaje/share/mensaje/environment/path.dsv
[0.985s] -- Up-to-date symlink: /home/kakurrix/Documents/Robotica/parcial1_ws/install/mensaje/share/mensaje/local_setup.bash
[0.986s] -- Up-to-date symlink: /home/kakurrix/Documents/Robotica/parcial1_ws/install/mensaje/share/mensaje/local_setup.sh
[0.986s] -- Up-to-date symlink: /home/kakurrix/Documents/Robotica/parcial1_ws/install/mensaje/share/mensaje/local_setup.zsh
[0.986s] -- Up-to-date symlink: /home/kakurrix/Documents/Robotica/parcial1_ws/install/mensaje/share/mensaje/local_setup.dsv
[0.986s] -- Symlinking: /home/kakurrix/Documents/Robotica/parcial1_ws/install/mensaje/share/mensaje/package.dsv
[0.999s] -- Up-to-date symlink: /home/kakurrix/Documents/Robotica/parcial1_ws/install/mensaje/share/ament_index/resource_index/packages/mensaje
[0.999s] -- Up-to-date symlink: /home/kakurrix/Documents/Robotica/parcial1_ws/install/mensaje/share/mensaje/cmake/rosidl_cmake-extras.cmake
[0.999s] -- Up-to-date symlink: /home/kakurrix/Documents/Robotica/parcial1_ws/install/mensaje/share/mensaje/cmake/ament_cmake_export_dependencies-extras.cmake
[0.999s] -- Up-to-date symlink: /home/kakurrix/Documents/Robotica/parcial1_ws/install/mensaje/share/mensaje/cmake/ament_cmake_export_include_directories-extras.cmake
[1.000s] -- Up-to-date symlink: /home/kakurrix/Documents/Robotica/parcial1_ws/install/mensaje/share/mensaje/cmake/ament_cmake_export_libraries-extras.cmake
[1.000s] -- Up-to-date symlink: /home/kakurrix/Documents/Robotica/parcial1_ws/install/mensaje/share/mensaje/cmake/ament_cmake_export_targets-extras.cmake
[1.000s] -- Up-to-date symlink: /home/kakurrix/Documents/Robotica/parcial1_ws/install/mensaje/share/mensaje/cmake/rosidl_cmake_export_typesupport_targets-extras.cmake
[1.000s] -- Up-to-date symlink: /home/kakurrix/Documents/Robotica/parcial1_ws/install/mensaje/share/mensaje/cmake/rosidl_cmake_export_typesupport_libraries-extras.cmake
[1.001s] -- Up-to-date symlink: /home/kakurrix/Documents/Robotica/parcial1_ws/install/mensaje/share/mensaje/cmake/mensajeConfig.cmake
[1.001s] -- Up-to-date symlink: /home/kakurrix/Documents/Robotica/parcial1_ws/install/mensaje/share/mensaje/cmake/mensajeConfig-version.cmake
[1.001s] -- Up-to-date symlink: /home/kakurrix/Documents/Robotica/parcial1_ws/install/mensaje/share/mensaje/package.xml
[1.001s] -- Up-to-date: /home/kakurrix/Documents/Robotica/parcial1_ws/install/mensaje/lib/libmensaje__rosidl_generator_c.so
[1.002s] -- Up-to-date: /home/kakurrix/Documents/Robotica/parcial1_ws/install/mensaje/lib/libmensaje__rosidl_typesupport_fastrtps_c.so
[1.002s] -- Up-to-date: /home/kakurrix/Documents/Robotica/parcial1_ws/install/mensaje/lib/libmensaje__rosidl_typesupport_fastrtps_cpp.so
[1.003s] -- Up-to-date: /home/kakurrix/Documents/Robotica/parcial1_ws/install/mensaje/lib/libmensaje__rosidl_typesupport_introspection_c.so
[1.003s] -- Up-to-date: /home/kakurrix/Documents/Robotica/parcial1_ws/install/mensaje/lib/libmensaje__rosidl_typesupport_c.so
[1.003s] -- Up-to-date: /home/kakurrix/Documents/Robotica/parcial1_ws/install/mensaje/lib/libmensaje__rosidl_typesupport_introspection_cpp.so
[1.004s] -- Up-to-date: /home/kakurrix/Documents/Robotica/parcial1_ws/install/mensaje/lib/libmensaje__rosidl_typesupport_cpp.so
[1.052s] Listing '/home/kakurrix/Documents/Robotica/parcial1_ws/install/mensaje/local/lib/python3.10/dist-packages/mensaje'...
[1.053s] Listing '/home/kakurrix/Documents/Robotica/parcial1_ws/install/mensaje/local/lib/python3.10/dist-packages/mensaje/msg'...
[1.053s] Listing '/home/kakurrix/Documents/Robotica/parcial1_ws/install/mensaje/local/lib/python3.10/dist-packages/mensaje/srv'...
[1.058s] -- Up-to-date: /home/kakurrix/Documents/Robotica/parcial1_ws/install/mensaje/lib/libmensaje__rosidl_generator_py.so
[1.058s] -- Up-to-date: /home/kakurrix/Documents/Robotica/parcial1_ws/install/mensaje/share/mensaje/cmake/export_mensaje__rosidl_generator_cExport.cmake
[1.058s] -- Up-to-date: /home/kakurrix/Documents/Robotica/parcial1_ws/install/mensaje/share/mensaje/cmake/export_mensaje__rosidl_generator_cExport-noconfig.cmake
[1.058s] -- Up-to-date: /home/kakurrix/Documents/Robotica/parcial1_ws/install/mensaje/share/mensaje/cmake/export_mensaje__rosidl_typesupport_fastrtps_cExport.cmake
[1.059s] -- Up-to-date: /home/kakurrix/Documents/Robotica/parcial1_ws/install/mensaje/share/mensaje/cmake/export_mensaje__rosidl_typesupport_fastrtps_cExport-noconfig.cmake
[1.059s] -- Up-to-date: /home/kakurrix/Documents/Robotica/parcial1_ws/install/mensaje/share/mensaje/cmake/export_mensaje__rosidl_generator_cppExport.cmake
[1.059s] -- Up-to-date: /home/kakurrix/Documents/Robotica/parcial1_ws/install/mensaje/share/mensaje/cmake/export_mensaje__rosidl_typesupport_fastrtps_cppExport.cmake
[1.059s] -- Up-to-date: /home/kakurrix/Documents/Robotica/parcial1_ws/install/mensaje/share/mensaje/cmake/export_mensaje__rosidl_typesupport_fastrtps_cppExport-noconfig.cmake
[1.059s] -- Up-to-date: /home/kakurrix/Documents/Robotica/parcial1_ws/install/mensaje/share/mensaje/cmake/mensaje__rosidl_typesupport_introspection_cExport.cmake
[1.059s] -- Up-to-date: /home/kakurrix/Documents/Robotica/parcial1_ws/install/mensaje/share/mensaje/cmake/mensaje__rosidl_typesupport_introspection_cExport-noconfig.cmake
[1.059s] -- Up-to-date: /home/kakurrix/Documents/Robotica/parcial1_ws/install/mensaje/share/mensaje/cmake/mensaje__rosidl_typesupport_cExport.cmake
[1.060s] -- Up-to-date: /home/kakurrix/Documents/Robotica/parcial1_ws/install/mensaje/share/mensaje/cmake/mensaje__rosidl_typesupport_cExport-noconfig.cmake
[1.060s] -- Up-to-date: /home/kakurrix/Documents/Robotica/parcial1_ws/install/mensaje/share/mensaje/cmake/mensaje__rosidl_typesupport_introspection_cppExport.cmake
[1.060s] -- Up-to-date: /home/kakurrix/Documents/Robotica/parcial1_ws/install/mensaje/share/mensaje/cmake/mensaje__rosidl_typesupport_introspection_cppExport-noconfig.cmake
[1.060s] -- Up-to-date: /home/kakurrix/Documents/Robotica/parcial1_ws/install/mensaje/share/mensaje/cmake/mensaje__rosidl_typesupport_cppExport.cmake
[1.060s] -- Up-to-date: /home/kakurrix/Documents/Robotica/parcial1_ws/install/mensaje/share/mensaje/cmake/mensaje__rosidl_typesupport_cppExport-noconfig.cmake
[1.060s] -- Up-to-date: /home/kakurrix/Documents/Robotica/parcial1_ws/install/mensaje/share/mensaje/cmake/export_mensaje__rosidl_generator_pyExport.cmake
[1.060s] -- Up-to-date: /home/kakurrix/Documents/Robotica/parcial1_ws/install/mensaje/share/mensaje/cmake/export_mensaje__rosidl_generator_pyExport-noconfig.cmake
[1.063s] Invoked command in '/home/kakurrix/Documents/Robotica/parcial1_ws/build/mensaje' returned '0': CMAKE_PREFIX_PATH=/opt/ros/humble /usr/bin/cmake --install /home/kakurrix/Documents/Robotica/parcial1_ws/build/mensaje
