[0.503s] Invoking command in '/home/kakurrix/Documents/Robotica/ejemplo1_ws/src/my_package': PYTHONPATH=/home/kakurrix/Documents/Robotica/ejemplo1_ws/build/my_package/prefix_override:/usr/lib/python3/dist-packages/colcon_core/task/python/colcon_distutils_commands:/home/kakurrix/Documents/Robotica/ejemplo1_ws/install/my_package/lib/python3.10/site-packages:${PYTHONPATH} /usr/bin/python3 -W ignore:setup.py install is deprecated -W ignore:easy_install command is deprecated setup.py egg_info --egg-base ../../build/my_package build --build-base /home/kakurrix/Documents/Robotica/ejemplo1_ws/build/my_package/build install --record /home/kakurrix/Documents/Robotica/ejemplo1_ws/build/my_package/install.log --single-version-externally-managed install_data
[0.694s] running egg_info
[0.695s] writing ../../build/my_package/my_package.egg-info/PKG-INFO
[0.695s] writing dependency_links to ../../build/my_package/my_package.egg-info/dependency_links.txt
[0.695s] writing entry points to ../../build/my_package/my_package.egg-info/entry_points.txt
[0.695s] writing requirements to ../../build/my_package/my_package.egg-info/requires.txt
[0.695s] writing top-level names to ../../build/my_package/my_package.egg-info/top_level.txt
[0.696s] reading manifest file '../../build/my_package/my_package.egg-info/SOURCES.txt'
[0.697s] writing manifest file '../../build/my_package/my_package.egg-info/SOURCES.txt'
[0.697s] running build
[0.698s] running build_py
[0.698s] running install
[0.698s] running install_lib
[0.699s] running install_data
[0.699s] copying package.xml -> /home/kakurrix/Documents/Robotica/ejemplo1_ws/install/my_package/share/my_package
[0.699s] running install_egg_info
[0.700s] removing '/home/kakurrix/Documents/Robotica/ejemplo1_ws/install/my_package/lib/python3.10/site-packages/my_package-0.0.0-py3.10.egg-info' (and everything under it)
[0.701s] Copying ../../build/my_package/my_package.egg-info to /home/kakurrix/Documents/Robotica/ejemplo1_ws/install/my_package/lib/python3.10/site-packages/my_package-0.0.0-py3.10.egg-info
[0.701s] running install_scripts
[0.718s] Installing ejemplo_int script to /home/kakurrix/Documents/Robotica/ejemplo1_ws/install/my_package/lib/my_package
[0.718s] Installing ejemplo_pub script to /home/kakurrix/Documents/Robotica/ejemplo1_ws/install/my_package/lib/my_package
[0.718s] Installing ejemplo_sub script to /home/kakurrix/Documents/Robotica/ejemplo1_ws/install/my_package/lib/my_package
[0.718s] Installing pub_custom_msg script to /home/kakurrix/Documents/Robotica/ejemplo1_ws/install/my_package/lib/my_package
[0.718s] writing list of installed files to '/home/kakurrix/Documents/Robotica/ejemplo1_ws/build/my_package/install.log'
[0.739s] Invoked command in '/home/kakurrix/Documents/Robotica/ejemplo1_ws/src/my_package' returned '0': PYTHONPATH=/home/kakurrix/Documents/Robotica/ejemplo1_ws/build/my_package/prefix_override:/usr/lib/python3/dist-packages/colcon_core/task/python/colcon_distutils_commands:/home/kakurrix/Documents/Robotica/ejemplo1_ws/install/my_package/lib/python3.10/site-packages:${PYTHONPATH} /usr/bin/python3 -W ignore:setup.py install is deprecated -W ignore:easy_install command is deprecated setup.py egg_info --egg-base ../../build/my_package build --build-base /home/kakurrix/Documents/Robotica/ejemplo1_ws/build/my_package/build install --record /home/kakurrix/Documents/Robotica/ejemplo1_ws/build/my_package/install.log --single-version-externally-managed install_data
