[0.667s] Invoking command in '/home/kakurrix/Documents/Robotica/ejemplo1_ws/src/my_package': PYTHONPATH=/home/kakurrix/Documents/Robotica/ejemplo1_ws/src/build/my_package/prefix_override:/usr/lib/python3/dist-packages/colcon_core/task/python/colcon_distutils_commands:/home/kakurrix/Documents/Robotica/ejemplo1_ws/src/install/my_package/lib/python3.10/site-packages:${PYTHONPATH} /usr/bin/python3 -W ignore:setup.py install is deprecated -W ignore:easy_install command is deprecated setup.py egg_info --egg-base ../build/my_package build --build-base /home/kakurrix/Documents/Robotica/ejemplo1_ws/src/build/my_package/build install --record /home/kakurrix/Documents/Robotica/ejemplo1_ws/src/build/my_package/install.log --single-version-externally-managed install_data
[0.944s] running egg_info
[0.945s] writing ../build/my_package/my_package.egg-info/PKG-INFO
[0.945s] writing dependency_links to ../build/my_package/my_package.egg-info/dependency_links.txt
[0.945s] writing entry points to ../build/my_package/my_package.egg-info/entry_points.txt
[0.945s] writing requirements to ../build/my_package/my_package.egg-info/requires.txt
[0.946s] writing top-level names to ../build/my_package/my_package.egg-info/top_level.txt
[0.947s] reading manifest file '../build/my_package/my_package.egg-info/SOURCES.txt'
[0.948s] writing manifest file '../build/my_package/my_package.egg-info/SOURCES.txt'
[0.949s] running build
[0.949s] running build_py
[0.949s] copying my_package/pub.py -> /home/kakurrix/Documents/Robotica/ejemplo1_ws/src/build/my_package/build/lib/my_package
[0.949s] copying my_package/sub.py -> /home/kakurrix/Documents/Robotica/ejemplo1_ws/src/build/my_package/build/lib/my_package
[0.949s] running install
[0.950s] running install_lib
[0.950s] copying /home/kakurrix/Documents/Robotica/ejemplo1_ws/src/build/my_package/build/lib/my_package/pub.py -> /home/kakurrix/Documents/Robotica/ejemplo1_ws/src/install/my_package/lib/python3.10/site-packages/my_package
[0.950s] copying /home/kakurrix/Documents/Robotica/ejemplo1_ws/src/build/my_package/build/lib/my_package/sub.py -> /home/kakurrix/Documents/Robotica/ejemplo1_ws/src/install/my_package/lib/python3.10/site-packages/my_package
[0.951s] byte-compiling /home/kakurrix/Documents/Robotica/ejemplo1_ws/src/install/my_package/lib/python3.10/site-packages/my_package/pub.py to pub.cpython-310.pyc
[0.952s] byte-compiling /home/kakurrix/Documents/Robotica/ejemplo1_ws/src/install/my_package/lib/python3.10/site-packages/my_package/sub.py to sub.cpython-310.pyc
[0.952s] running install_data
[0.952s] copying package.xml -> /home/kakurrix/Documents/Robotica/ejemplo1_ws/src/install/my_package/share/my_package
[0.952s] running install_egg_info
[0.954s] removing '/home/kakurrix/Documents/Robotica/ejemplo1_ws/src/install/my_package/lib/python3.10/site-packages/my_package-0.0.0-py3.10.egg-info' (and everything under it)
[0.954s] Copying ../build/my_package/my_package.egg-info to /home/kakurrix/Documents/Robotica/ejemplo1_ws/src/install/my_package/lib/python3.10/site-packages/my_package-0.0.0-py3.10.egg-info
[0.955s] running install_scripts
[0.976s] Installing ejemplo_pub script to /home/kakurrix/Documents/Robotica/ejemplo1_ws/src/install/my_package/lib/my_package
[0.976s] Installing ejemplo_sub script to /home/kakurrix/Documents/Robotica/ejemplo1_ws/src/install/my_package/lib/my_package
[0.977s] writing list of installed files to '/home/kakurrix/Documents/Robotica/ejemplo1_ws/src/build/my_package/install.log'
[0.998s] Invoked command in '/home/kakurrix/Documents/Robotica/ejemplo1_ws/src/my_package' returned '0': PYTHONPATH=/home/kakurrix/Documents/Robotica/ejemplo1_ws/src/build/my_package/prefix_override:/usr/lib/python3/dist-packages/colcon_core/task/python/colcon_distutils_commands:/home/kakurrix/Documents/Robotica/ejemplo1_ws/src/install/my_package/lib/python3.10/site-packages:${PYTHONPATH} /usr/bin/python3 -W ignore:setup.py install is deprecated -W ignore:easy_install command is deprecated setup.py egg_info --egg-base ../build/my_package build --build-base /home/kakurrix/Documents/Robotica/ejemplo1_ws/src/build/my_package/build install --record /home/kakurrix/Documents/Robotica/ejemplo1_ws/src/build/my_package/install.log --single-version-externally-managed install_data
