[0.985s] Invoking command in '/home/kakurrix/Documents/Robotica/parcial1_ws/build/ejer3py': PYTHONPATH=/home/kakurrix/Documents/Robotica/parcial1_ws/build/ejer3py/prefix_override:/usr/lib/python3/dist-packages/colcon_core/task/python/colcon_distutils_commands:/home/kakurrix/Documents/Robotica/parcial1_ws/install/ejer3py/lib/python3.10/site-packages:${PYTHONPATH} /usr/bin/python3 -W ignore:setup.py install is deprecated -W ignore:easy_install command is deprecated setup.py develop --uninstall --editable --build-directory /home/kakurrix/Documents/Robotica/parcial1_ws/build/ejer3py/build
[1.207s] running develop
[1.345s] Removing /home/kakurrix/Documents/Robotica/parcial1_ws/install/ejer3py/lib/python3.10/site-packages/ejer3py.egg-link (link to .)
[1.379s] Invoked command in '/home/kakurrix/Documents/Robotica/parcial1_ws/build/ejer3py' returned '0': PYTHONPATH=/home/kakurrix/Documents/Robotica/parcial1_ws/build/ejer3py/prefix_override:/usr/lib/python3/dist-packages/colcon_core/task/python/colcon_distutils_commands:/home/kakurrix/Documents/Robotica/parcial1_ws/install/ejer3py/lib/python3.10/site-packages:${PYTHONPATH} /usr/bin/python3 -W ignore:setup.py install is deprecated -W ignore:easy_install command is deprecated setup.py develop --uninstall --editable --build-directory /home/kakurrix/Documents/Robotica/parcial1_ws/build/ejer3py/build
[1.380s] Invoking command in '/home/kakurrix/Documents/Robotica/parcial1_ws/src/ejer3py': PYTHONPATH=/home/kakurrix/Documents/Robotica/parcial1_ws/build/ejer3py/prefix_override:/usr/lib/python3/dist-packages/colcon_core/task/python/colcon_distutils_commands:/home/kakurrix/Documents/Robotica/parcial1_ws/install/ejer3py/lib/python3.10/site-packages:${PYTHONPATH} /usr/bin/python3 -W ignore:setup.py install is deprecated -W ignore:easy_install command is deprecated setup.py egg_info --egg-base ../../build/ejer3py build --build-base /home/kakurrix/Documents/Robotica/parcial1_ws/build/ejer3py/build install --record /home/kakurrix/Documents/Robotica/parcial1_ws/build/ejer3py/install.log --single-version-externally-managed install_data --force
[1.598s] running egg_info
[1.602s] writing ../../build/ejer3py/ejer3py.egg-info/PKG-INFO
[1.602s] writing dependency_links to ../../build/ejer3py/ejer3py.egg-info/dependency_links.txt
[1.602s] writing entry points to ../../build/ejer3py/ejer3py.egg-info/entry_points.txt
[1.602s] writing requirements to ../../build/ejer3py/ejer3py.egg-info/requires.txt
[1.602s] writing top-level names to ../../build/ejer3py/ejer3py.egg-info/top_level.txt
[1.602s] reading manifest file '../../build/ejer3py/ejer3py.egg-info/SOURCES.txt'
[1.603s] adding license file 'LICENSE'
[1.604s] writing manifest file '../../build/ejer3py/ejer3py.egg-info/SOURCES.txt'
[1.604s] running build
[1.604s] running build_py
[1.604s] creating /home/kakurrix/Documents/Robotica/parcial1_ws/build/ejer3py/build
[1.604s] creating /home/kakurrix/Documents/Robotica/parcial1_ws/build/ejer3py/build/lib
[1.604s] creating /home/kakurrix/Documents/Robotica/parcial1_ws/build/ejer3py/build/lib/ejer3py
[1.605s] copying ejer3py/cinematicaserv.py -> /home/kakurrix/Documents/Robotica/parcial1_ws/build/ejer3py/build/lib/ejer3py
[1.605s] copying ejer3py/__init__.py -> /home/kakurrix/Documents/Robotica/parcial1_ws/build/ejer3py/build/lib/ejer3py
[1.605s] copying ejer3py/cliente.py -> /home/kakurrix/Documents/Robotica/parcial1_ws/build/ejer3py/build/lib/ejer3py
[1.606s] running install
[1.608s] running install_lib
[1.608s] creating /home/kakurrix/Documents/Robotica/parcial1_ws/install/ejer3py/lib/python3.10/site-packages/ejer3py
[1.608s] copying /home/kakurrix/Documents/Robotica/parcial1_ws/build/ejer3py/build/lib/ejer3py/cinematicaserv.py -> /home/kakurrix/Documents/Robotica/parcial1_ws/install/ejer3py/lib/python3.10/site-packages/ejer3py
[1.608s] copying /home/kakurrix/Documents/Robotica/parcial1_ws/build/ejer3py/build/lib/ejer3py/__init__.py -> /home/kakurrix/Documents/Robotica/parcial1_ws/install/ejer3py/lib/python3.10/site-packages/ejer3py
[1.611s] copying /home/kakurrix/Documents/Robotica/parcial1_ws/build/ejer3py/build/lib/ejer3py/cliente.py -> /home/kakurrix/Documents/Robotica/parcial1_ws/install/ejer3py/lib/python3.10/site-packages/ejer3py
[1.611s] byte-compiling /home/kakurrix/Documents/Robotica/parcial1_ws/install/ejer3py/lib/python3.10/site-packages/ejer3py/cinematicaserv.py to cinematicaserv.cpython-310.pyc
[1.612s] byte-compiling /home/kakurrix/Documents/Robotica/parcial1_ws/install/ejer3py/lib/python3.10/site-packages/ejer3py/__init__.py to __init__.cpython-310.pyc
[1.612s] byte-compiling /home/kakurrix/Documents/Robotica/parcial1_ws/install/ejer3py/lib/python3.10/site-packages/ejer3py/cliente.py to cliente.cpython-310.pyc
[1.613s] running install_data
[1.613s] copying resource/ejer3py -> /home/kakurrix/Documents/Robotica/parcial1_ws/install/ejer3py/share/ament_index/resource_index/packages
[1.613s] copying package.xml -> /home/kakurrix/Documents/Robotica/parcial1_ws/install/ejer3py/share/ejer3py
[1.613s] running install_egg_info
[1.617s] Copying ../../build/ejer3py/ejer3py.egg-info to /home/kakurrix/Documents/Robotica/parcial1_ws/install/ejer3py/lib/python3.10/site-packages/ejer3py-0.0.0-py3.10.egg-info
[1.617s] running install_scripts
[1.653s] Installing cinematicaserv script to /home/kakurrix/Documents/Robotica/parcial1_ws/install/ejer3py/lib/ejer3py
[1.654s] Installing cliente script to /home/kakurrix/Documents/Robotica/parcial1_ws/install/ejer3py/lib/ejer3py
[1.654s] writing list of installed files to '/home/kakurrix/Documents/Robotica/parcial1_ws/build/ejer3py/install.log'
[1.694s] Invoked command in '/home/kakurrix/Documents/Robotica/parcial1_ws/src/ejer3py' returned '0': PYTHONPATH=/home/kakurrix/Documents/Robotica/parcial1_ws/build/ejer3py/prefix_override:/usr/lib/python3/dist-packages/colcon_core/task/python/colcon_distutils_commands:/home/kakurrix/Documents/Robotica/parcial1_ws/install/ejer3py/lib/python3.10/site-packages:${PYTHONPATH} /usr/bin/python3 -W ignore:setup.py install is deprecated -W ignore:easy_install command is deprecated setup.py egg_info --egg-base ../../build/ejer3py build --build-base /home/kakurrix/Documents/Robotica/parcial1_ws/build/ejer3py/build install --record /home/kakurrix/Documents/Robotica/parcial1_ws/build/ejer3py/install.log --single-version-externally-managed install_data --force
