/home/kakurrix/Documents/Robotica/parcial1_ws/install/ejer2py/lib/python3.10/site-packages/ejer2py/pubsubprome.py
/home/kakurrix/Documents/Robotica/parcial1_ws/install/ejer2py/lib/python3.10/site-packages/ejer2py/pub2.py
/home/kakurrix/Documents/Robotica/parcial1_ws/install/ejer2py/lib/python3.10/site-packages/ejer2py/pub1.py
/home/kakurrix/Documents/Robotica/parcial1_ws/install/ejer2py/lib/python3.10/site-packages/ejer2py/pub3.py
/home/kakurrix/Documents/Robotica/parcial1_ws/install/ejer2py/lib/python3.10/site-packages/ejer2py/__init__.py
/home/kakurrix/Documents/Robotica/parcial1_ws/install/ejer2py/lib/python3.10/site-packages/ejer2py/versub.py
/home/kakurrix/Documents/Robotica/parcial1_ws/install/ejer2py/lib/python3.10/site-packages/ejer2py/__pycache__/pubsubprome.cpython-310.pyc
/home/kakurrix/Documents/Robotica/parcial1_ws/install/ejer2py/lib/python3.10/site-packages/ejer2py/__pycache__/pub2.cpython-310.pyc
/home/kakurrix/Documents/Robotica/parcial1_ws/install/ejer2py/lib/python3.10/site-packages/ejer2py/__pycache__/pub1.cpython-310.pyc
/home/kakurrix/Documents/Robotica/parcial1_ws/install/ejer2py/lib/python3.10/site-packages/ejer2py/__pycache__/pub3.cpython-310.pyc
/home/kakurrix/Documents/Robotica/parcial1_ws/install/ejer2py/lib/python3.10/site-packages/ejer2py/__pycache__/__init__.cpython-310.pyc
/home/kakurrix/Documents/Robotica/parcial1_ws/install/ejer2py/lib/python3.10/site-packages/ejer2py/__pycache__/versub.cpython-310.pyc
/home/kakurrix/Documents/Robotica/parcial1_ws/install/ejer2py/share/ament_index/resource_index/packages/ejer2py
/home/kakurrix/Documents/Robotica/parcial1_ws/install/ejer2py/share/ejer2py/package.xml
/home/kakurrix/Documents/Robotica/parcial1_ws/install/ejer2py/lib/python3.10/site-packages/ejer2py-0.0.0-py3.10.egg-info/entry_points.txt
/home/kakurrix/Documents/Robotica/parcial1_ws/install/ejer2py/lib/python3.10/site-packages/ejer2py-0.0.0-py3.10.egg-info/SOURCES.txt
/home/kakurrix/Documents/Robotica/parcial1_ws/install/ejer2py/lib/python3.10/site-packages/ejer2py-0.0.0-py3.10.egg-info/top_level.txt
/home/kakurrix/Documents/Robotica/parcial1_ws/install/ejer2py/lib/python3.10/site-packages/ejer2py-0.0.0-py3.10.egg-info/dependency_links.txt
/home/kakurrix/Documents/Robotica/parcial1_ws/install/ejer2py/lib/python3.10/site-packages/ejer2py-0.0.0-py3.10.egg-info/PKG-INFO
/home/kakurrix/Documents/Robotica/parcial1_ws/install/ejer2py/lib/python3.10/site-packages/ejer2py-0.0.0-py3.10.egg-info/requires.txt
/home/kakurrix/Documents/Robotica/parcial1_ws/install/ejer2py/lib/python3.10/site-packages/ejer2py-0.0.0-py3.10.egg-info/zip-safe
/home/kakurrix/Documents/Robotica/parcial1_ws/install/ejer2py/lib/ejer2py/pub1
/home/kakurrix/Documents/Robotica/parcial1_ws/install/ejer2py/lib/ejer2py/pub2
/home/kakurrix/Documents/Robotica/parcial1_ws/install/ejer2py/lib/ejer2py/pub3
/home/kakurrix/Documents/Robotica/parcial1_ws/install/ejer2py/lib/ejer2py/pubsubprome
/home/kakurrix/Documents/Robotica/parcial1_ws/install/ejer2py/lib/ejer2py/versub
