running egg_info
creating ../build/my_package/my_package.egg-info
writing ../build/my_package/my_package.egg-info/PKG-INFO
writing dependency_links to ../build/my_package/my_package.egg-info/dependency_links.txt
writing entry points to ../build/my_package/my_package.egg-info/entry_points.txt
writing requirements to ../build/my_package/my_package.egg-info/requires.txt
writing top-level names to ../build/my_package/my_package.egg-info/top_level.txt
writing manifest file '../build/my_package/my_package.egg-info/SOURCES.txt'
reading manifest file '../build/my_package/my_package.egg-info/SOURCES.txt'
writing manifest file '../build/my_package/my_package.egg-info/SOURCES.txt'
running build
running build_py
creating /home/kakurrix/Documents/Robotica/ejemplo1_ws/src/build/my_package/build
creating /home/kakurrix/Documents/Robotica/ejemplo1_ws/src/build/my_package/build/lib
creating /home/kakurrix/Documents/Robotica/ejemplo1_ws/src/build/my_package/build/lib/my_package
copying my_package/__init__.py -> /home/kakurrix/Documents/Robotica/ejemplo1_ws/src/build/my_package/build/lib/my_package
copying my_package/pub.py -> /home/kakurrix/Documents/Robotica/ejemplo1_ws/src/build/my_package/build/lib/my_package
running install
running install_lib
creating /home/kakurrix/Documents/Robotica/ejemplo1_ws/src/install/my_package/lib/python3.10/site-packages/my_package
copying /home/kakurrix/Documents/Robotica/ejemplo1_ws/src/build/my_package/build/lib/my_package/__init__.py -> /home/kakurrix/Documents/Robotica/ejemplo1_ws/src/install/my_package/lib/python3.10/site-packages/my_package
copying /home/kakurrix/Documents/Robotica/ejemplo1_ws/src/build/my_package/build/lib/my_package/pub.py -> /home/kakurrix/Documents/Robotica/ejemplo1_ws/src/install/my_package/lib/python3.10/site-packages/my_package
byte-compiling /home/kakurrix/Documents/Robotica/ejemplo1_ws/src/install/my_package/lib/python3.10/site-packages/my_package/__init__.py to __init__.cpython-310.pyc
byte-compiling /home/kakurrix/Documents/Robotica/ejemplo1_ws/src/install/my_package/lib/python3.10/site-packages/my_package/pub.py to pub.cpython-310.pyc
running install_data
creating /home/kakurrix/Documents/Robotica/ejemplo1_ws/src/install/my_package/share/ament_index
creating /home/kakurrix/Documents/Robotica/ejemplo1_ws/src/install/my_package/share/ament_index/resource_index
creating /home/kakurrix/Documents/Robotica/ejemplo1_ws/src/install/my_package/share/ament_index/resource_index/packages
copying resource/my_package -> /home/kakurrix/Documents/Robotica/ejemplo1_ws/src/install/my_package/share/ament_index/resource_index/packages
copying package.xml -> /home/kakurrix/Documents/Robotica/ejemplo1_ws/src/install/my_package/share/my_package
running install_egg_info
Copying ../build/my_package/my_package.egg-info to /home/kakurrix/Documents/Robotica/ejemplo1_ws/src/install/my_package/lib/python3.10/site-packages/my_package-0.0.0-py3.10.egg-info
running install_scripts
writing list of installed files to '/home/kakurrix/Documents/Robotica/ejemplo1_ws/src/build/my_package/install.log'
