[0.474s] Invoking command in '/home/kakurrix/Documents/Robotica/ejemplo1_ws/src/my_package': PYTHONPATH=/home/kakurrix/Documents/Robotica/ejemplo1_ws/build/my_package/prefix_override:/usr/lib/python3/dist-packages/colcon_core/task/python/colcon_distutils_commands:/home/kakurrix/Documents/Robotica/ejemplo1_ws/install/my_package/lib/python3.10/site-packages:${PYTHONPATH} /usr/bin/python3 -W ignore:setup.py install is deprecated -W ignore:easy_install command is deprecated setup.py egg_info --egg-base ../../build/my_package build --build-base /home/kakurrix/Documents/Robotica/ejemplo1_ws/build/my_package/build install --record /home/kakurrix/Documents/Robotica/ejemplo1_ws/build/my_package/install.log --single-version-externally-managed install_data
[0.664s] running egg_info
[0.665s] writing ../../build/my_package/my_package.egg-info/PKG-INFO
[0.665s] writing dependency_links to ../../build/my_package/my_package.egg-info/dependency_links.txt
[0.665s] writing entry points to ../../build/my_package/my_package.egg-info/entry_points.txt
[0.665s] writing requirements to ../../build/my_package/my_package.egg-info/requires.txt
[0.665s] writing top-level names to ../../build/my_package/my_package.egg-info/top_level.txt
[0.667s] reading manifest file '../../build/my_package/my_package.egg-info/SOURCES.txt'
[0.669s] writing manifest file '../../build/my_package/my_package.egg-info/SOURCES.txt'
[0.669s] running build
[0.669s] running build_py
[0.669s] running install
[0.670s] running install_lib
[0.671s] running install_data
[0.671s] running install_egg_info
[0.672s] removing '/home/kakurrix/Documents/Robotica/ejemplo1_ws/install/my_package/lib/python3.10/site-packages/my_package-0.0.0-py3.10.egg-info' (and everything under it)
[0.672s] Copying ../../build/my_package/my_package.egg-info to /home/kakurrix/Documents/Robotica/ejemplo1_ws/install/my_package/lib/python3.10/site-packages/my_package-0.0.0-py3.10.egg-info
[0.673s] running install_scripts
[0.690s] Installing ejemplo_int script to /home/kakurrix/Documents/Robotica/ejemplo1_ws/install/my_package/lib/my_package
[0.690s] Installing ejemplo_pub script to /home/kakurrix/Documents/Robotica/ejemplo1_ws/install/my_package/lib/my_package
[0.690s] Installing ejemplo_sub script to /home/kakurrix/Documents/Robotica/ejemplo1_ws/install/my_package/lib/my_package
[0.690s] Installing pub_custom_msg script to /home/kakurrix/Documents/Robotica/ejemplo1_ws/install/my_package/lib/my_package
[0.690s] writing list of installed files to '/home/kakurrix/Documents/Robotica/ejemplo1_ws/build/my_package/install.log'
[0.707s] Invoked command in '/home/kakurrix/Documents/Robotica/ejemplo1_ws/src/my_package' returned '0': PYTHONPATH=/home/kakurrix/Documents/Robotica/ejemplo1_ws/build/my_package/prefix_override:/usr/lib/python3/dist-packages/colcon_core/task/python/colcon_distutils_commands:/home/kakurrix/Documents/Robotica/ejemplo1_ws/install/my_package/lib/python3.10/site-packages:${PYTHONPATH} /usr/bin/python3 -W ignore:setup.py install is deprecated -W ignore:easy_install command is deprecated setup.py egg_info --egg-base ../../build/my_package build --build-base /home/kakurrix/Documents/Robotica/ejemplo1_ws/build/my_package/build install --record /home/kakurrix/Documents/Robotica/ejemplo1_ws/build/my_package/install.log --single-version-externally-managed install_data
