[1.229s] Invoking command in '/home/kakurrix/Documents/Robotica/parcial1_ws/src/ejer3py': PYTHONPATH=/home/kakurrix/Documents/Robotica/parcial1_ws/build/ejer3py/prefix_override:/usr/lib/python3/dist-packages/colcon_core/task/python/colcon_distutils_commands:/home/kakurrix/Documents/Robotica/parcial1_ws/install/ejer3py/lib/python3.10/site-packages:${PYTHONPATH} /usr/bin/python3 -W ignore:setup.py install is deprecated -W ignore:easy_install command is deprecated setup.py egg_info --egg-base ../../build/ejer3py build --build-base /home/kakurrix/Documents/Robotica/parcial1_ws/build/ejer3py/build install --record /home/kakurrix/Documents/Robotica/parcial1_ws/build/ejer3py/install.log --single-version-externally-managed install_data
[1.480s] running egg_info
[1.481s] writing ../../build/ejer3py/ejer3py.egg-info/PKG-INFO
[1.481s] writing dependency_links to ../../build/ejer3py/ejer3py.egg-info/dependency_links.txt
[1.481s] writing entry points to ../../build/ejer3py/ejer3py.egg-info/entry_points.txt
[1.481s] writing requirements to ../../build/ejer3py/ejer3py.egg-info/requires.txt
[1.481s] writing top-level names to ../../build/ejer3py/ejer3py.egg-info/top_level.txt
[1.483s] reading manifest file '../../build/ejer3py/ejer3py.egg-info/SOURCES.txt'
[1.483s] adding license file 'LICENSE'
[1.484s] writing manifest file '../../build/ejer3py/ejer3py.egg-info/SOURCES.txt'
[1.484s] running build
[1.484s] running build_py
[1.484s] running install
[1.485s] running install_lib
[1.486s] running install_data
[1.487s] running install_egg_info
[1.489s] removing '/home/kakurrix/Documents/Robotica/parcial1_ws/install/ejer3py/lib/python3.10/site-packages/ejer3py-0.0.0-py3.10.egg-info' (and everything under it)
[1.489s] Copying ../../build/ejer3py/ejer3py.egg-info to /home/kakurrix/Documents/Robotica/parcial1_ws/install/ejer3py/lib/python3.10/site-packages/ejer3py-0.0.0-py3.10.egg-info
[1.490s] running install_scripts
[1.512s] Installing cinematicaserv script to /home/kakurrix/Documents/Robotica/parcial1_ws/install/ejer3py/lib/ejer3py
[1.512s] Installing cliente script to /home/kakurrix/Documents/Robotica/parcial1_ws/install/ejer3py/lib/ejer3py
[1.513s] writing list of installed files to '/home/kakurrix/Documents/Robotica/parcial1_ws/build/ejer3py/install.log'
[1.545s] Invoked command in '/home/kakurrix/Documents/Robotica/parcial1_ws/src/ejer3py' returned '0': PYTHONPATH=/home/kakurrix/Documents/Robotica/parcial1_ws/build/ejer3py/prefix_override:/usr/lib/python3/dist-packages/colcon_core/task/python/colcon_distutils_commands:/home/kakurrix/Documents/Robotica/parcial1_ws/install/ejer3py/lib/python3.10/site-packages:${PYTHONPATH} /usr/bin/python3 -W ignore:setup.py install is deprecated -W ignore:easy_install command is deprecated setup.py egg_info --egg-base ../../build/ejer3py build --build-base /home/kakurrix/Documents/Robotica/parcial1_ws/build/ejer3py/build install --record /home/kakurrix/Documents/Robotica/parcial1_ws/build/ejer3py/install.log --single-version-externally-managed install_data
