running develop
running egg_info
creating ejer3py.egg-info
writing ejer3py.egg-info/PKG-INFO
writing dependency_links to ejer3py.egg-info/dependency_links.txt
writing entry points to ejer3py.egg-info/entry_points.txt
writing requirements to ejer3py.egg-info/requires.txt
writing top-level names to ejer3py.egg-info/top_level.txt
writing manifest file 'ejer3py.egg-info/SOURCES.txt'
reading manifest file 'ejer3py.egg-info/SOURCES.txt'
writing manifest file 'ejer3py.egg-info/SOURCES.txt'
running build_ext
Creating /home/kakurrix/Documents/Robotica/parcial1_ws/install/ejer3py/lib/python3.10/site-packages/ejer3py.egg-link (link to .)
Installing cinematicaserv script to /home/kakurrix/Documents/Robotica/parcial1_ws/install/ejer3py/lib/ejer3py
Installing cliente script to /home/kakurrix/Documents/Robotica/parcial1_ws/install/ejer3py/lib/ejer3py

Installed /home/kakurrix/Documents/Robotica/parcial1_ws/build/ejer3py
running symlink_data
creating /home/kakurrix/Documents/Robotica/parcial1_ws/install/ejer3py/share/ament_index
creating /home/kakurrix/Documents/Robotica/parcial1_ws/install/ejer3py/share/ament_index/resource_index
creating /home/kakurrix/Documents/Robotica/parcial1_ws/install/ejer3py/share/ament_index/resource_index/packages
symbolically linking /home/kakurrix/Documents/Robotica/parcial1_ws/build/ejer3py/resource/ejer3py -> /home/kakurrix/Documents/Robotica/parcial1_ws/install/ejer3py/share/ament_index/resource_index/packages
symbolically linking /home/kakurrix/Documents/Robotica/parcial1_ws/build/ejer3py/package.xml -> /home/kakurrix/Documents/Robotica/parcial1_ws/install/ejer3py/share/ejer3py
