running egg_info
creating ../../build/ros2_nodos/ros2_nodos.egg-info
writing ../../build/ros2_nodos/ros2_nodos.egg-info/PKG-INFO
writing dependency_links to ../../build/ros2_nodos/ros2_nodos.egg-info/dependency_links.txt
writing entry points to ../../build/ros2_nodos/ros2_nodos.egg-info/entry_points.txt
writing requirements to ../../build/ros2_nodos/ros2_nodos.egg-info/requires.txt
writing top-level names to ../../build/ros2_nodos/ros2_nodos.egg-info/top_level.txt
writing manifest file '../../build/ros2_nodos/ros2_nodos.egg-info/SOURCES.txt'
reading manifest file '../../build/ros2_nodos/ros2_nodos.egg-info/SOURCES.txt'
writing manifest file '../../build/ros2_nodos/ros2_nodos.egg-info/SOURCES.txt'
running build
running build_py
creating /home/kakurrix/Documents/Robotica/ros2_ws/build/ros2_nodos/build
creating /home/kakurrix/Documents/Robotica/ros2_ws/build/ros2_nodos/build/lib
creating /home/kakurrix/Documents/Robotica/ros2_ws/build/ros2_nodos/build/lib/ros2_nodos
copying ros2_nodos/nodo1.py -> /home/kakurrix/Documents/Robotica/ros2_ws/build/ros2_nodos/build/lib/ros2_nodos
copying ros2_nodos/nodo3.py -> /home/kakurrix/Documents/Robotica/ros2_ws/build/ros2_nodos/build/lib/ros2_nodos
copying ros2_nodos/__init__.py -> /home/kakurrix/Documents/Robotica/ros2_ws/build/ros2_nodos/build/lib/ros2_nodos
copying ros2_nodos/nodo2.py -> /home/kakurrix/Documents/Robotica/ros2_ws/build/ros2_nodos/build/lib/ros2_nodos
running install
running install_lib
creating /home/kakurrix/Documents/Robotica/ros2_ws/install/ros2_nodos/lib/python3.10/site-packages/ros2_nodos
copying /home/kakurrix/Documents/Robotica/ros2_ws/build/ros2_nodos/build/lib/ros2_nodos/nodo1.py -> /home/kakurrix/Documents/Robotica/ros2_ws/install/ros2_nodos/lib/python3.10/site-packages/ros2_nodos
copying /home/kakurrix/Documents/Robotica/ros2_ws/build/ros2_nodos/build/lib/ros2_nodos/nodo3.py -> /home/kakurrix/Documents/Robotica/ros2_ws/install/ros2_nodos/lib/python3.10/site-packages/ros2_nodos
copying /home/kakurrix/Documents/Robotica/ros2_ws/build/ros2_nodos/build/lib/ros2_nodos/__init__.py -> /home/kakurrix/Documents/Robotica/ros2_ws/install/ros2_nodos/lib/python3.10/site-packages/ros2_nodos
copying /home/kakurrix/Documents/Robotica/ros2_ws/build/ros2_nodos/build/lib/ros2_nodos/nodo2.py -> /home/kakurrix/Documents/Robotica/ros2_ws/install/ros2_nodos/lib/python3.10/site-packages/ros2_nodos
byte-compiling /home/kakurrix/Documents/Robotica/ros2_ws/install/ros2_nodos/lib/python3.10/site-packages/ros2_nodos/nodo1.py to nodo1.cpython-310.pyc
byte-compiling /home/kakurrix/Documents/Robotica/ros2_ws/install/ros2_nodos/lib/python3.10/site-packages/ros2_nodos/nodo3.py to nodo3.cpython-310.pyc
byte-compiling /home/kakurrix/Documents/Robotica/ros2_ws/install/ros2_nodos/lib/python3.10/site-packages/ros2_nodos/__init__.py to __init__.cpython-310.pyc
byte-compiling /home/kakurrix/Documents/Robotica/ros2_ws/install/ros2_nodos/lib/python3.10/site-packages/ros2_nodos/nodo2.py to nodo2.cpython-310.pyc
running install_egg_info
Copying ../../build/ros2_nodos/ros2_nodos.egg-info to /home/kakurrix/Documents/Robotica/ros2_ws/install/ros2_nodos/lib/python3.10/site-packages/ros2_nodos-0.0.0-py3.10.egg-info
running install_scripts
Installing nodo1 script to /home/kakurrix/Documents/Robotica/ros2_ws/install/ros2_nodos/lib/ros2_nodos
Installing nodo2 script to /home/kakurrix/Documents/Robotica/ros2_ws/install/ros2_nodos/lib/ros2_nodos
Installing nodo3 script to /home/kakurrix/Documents/Robotica/ros2_ws/install/ros2_nodos/lib/ros2_nodos
writing list of installed files to '/home/kakurrix/Documents/Robotica/ros2_ws/build/ros2_nodos/install.log'
