-- The C compiler identification is GNU 11.4.0
-- The CXX compiler identification is GNU 11.4.0
-- Detecting C compiler ABI info
-- Detecting C compiler ABI info - done
-- Check for working C compiler: /usr/bin/cc - skipped
-- Detecting C compile features
-- Detecting C compile features - done
-- Detecting CXX compiler ABI info
-- Detecting CXX compiler ABI info - done
-- Check for working CXX compiler: /usr/bin/c++ - skipped
-- Detecting CXX compile features
-- Detecting CXX compile features - done
-- Found ament_cmake: 1.3.11 (/opt/ros/humble/share/ament_cmake/cmake)
-- Found Python3: /usr/bin/python3 (found version "3.10.12") found components: Interpreter 
-- Found geometry_msgs: 4.2.4 (/opt/ros/humble/share/geometry_msgs/cmake)
-- Found rosidl_generator_c: 3.1.6 (/opt/ros/humble/share/rosidl_generator_c/cmake)
-- Found rosidl_adapter: 3.1.6 (/opt/ros/humble/share/rosidl_adapter/cmake)
-- Found rosidl_generator_cpp: 3.1.6 (/opt/ros/humble/share/rosidl_generator_cpp/cmake)
-- Using all available rosidl_typesupport_c: rosidl_typesupport_fastrtps_c;rosidl_typesupport_introspection_c
-- Using all available rosidl_typesupport_cpp: rosidl_typesupport_fastrtps_cpp;rosidl_typesupport_introspection_cpp
-- Found rosidl_default_generators: 1.2.0 (/opt/ros/humble/share/rosidl_default_generators/cmake)
-- Found ament_cmake_ros: 0.10.0 (/opt/ros/humble/share/ament_cmake_ros/cmake)
-- Using all available rosidl_typesupport_c: rosidl_typesupport_fastrtps_c;rosidl_typesupport_introspection_c
-- Using all available rosidl_typesupport_cpp: rosidl_typesupport_fastrtps_cpp;rosidl_typesupport_introspection_cpp
-- Found PythonInterp: /usr/bin/python3 (found suitable version "3.10.12", minimum required is "3.6") 
-- Found python_cmake_module: 0.10.0 (/opt/ros/humble/share/python_cmake_module/cmake)
-- Found PythonLibs: /usr/lib/x86_64-linux-gnu/libpython3.10.so (found suitable version "3.10.12", minimum required is "3.5") 
-- Using PYTHON_EXECUTABLE: /usr/bin/python3
-- Using PYTHON_INCLUDE_DIRS: /usr/include/python3.10
-- Using PYTHON_LIBRARIES: /usr/lib/x86_64-linux-gnu/libpython3.10.so
-- Found PythonExtra: .so  
-- Found ament_lint_auto: 0.12.11 (/opt/ros/humble/share/ament_lint_auto/cmake)
-- Added test 'lint_cmake' to check CMake code style
-- Added test 'xmllint' to check XML markup files
-- Configuring done
-- Generating done
-- Build files have been written to: /home/kakurrix/Documents/Robotica/parcial1_ws/build/mensaje
[  2%] [34m[1mGenerating C code for ROS interfaces[0m
[  5%] [34m[1mGenerating C++ code for ROS interfaces[0m
[  5%] Built target ament_cmake_python_copy_mensaje
running egg_info
creating mensaje.egg-info
writing mensaje.egg-info/PKG-INFO
writing dependency_links to mensaje.egg-info/dependency_links.txt
writing top-level names to mensaje.egg-info/top_level.txt
writing manifest file 'mensaje.egg-info/SOURCES.txt'
reading manifest file 'mensaje.egg-info/SOURCES.txt'
writing manifest file 'mensaje.egg-info/SOURCES.txt'
[  5%] Built target ament_cmake_python_build_mensaje_egg
[  5%] Built target mensaje__cpp
[  7%] [32mBuilding C object CMakeFiles/mensaje__rosidl_generator_c.dir/rosidl_generator_c/mensaje/msg/detail/num__functions.c.o[0m
[ 10%] [32mBuilding C object CMakeFiles/mensaje__rosidl_generator_c.dir/rosidl_generator_c/mensaje/srv/detail/kinematics__functions.c.o[0m
[ 12%] [34m[1mGenerating C++ type support dispatch for ROS interfaces[0m
[ 15%] [34m[1mGenerating C++ introspection for ROS interfaces[0m
[ 17%] [34m[1mGenerating C++ type support for eProsima Fast-RTPS[0m
[ 20%] [32m[1mLinking C shared library libmensaje__rosidl_generator_c.so[0m
[ 20%] Built target mensaje__rosidl_generator_c
[ 23%] [34m[1mGenerating C type support for eProsima Fast-RTPS[0m
[ 25%] [34m[1mGenerating C introspection for ROS interfaces[0m
[ 28%] [34m[1mGenerating C type support dispatch for ROS interfaces[0m
[ 30%] [32mBuilding CXX object CMakeFiles/mensaje__rosidl_typesupport_introspection_cpp.dir/rosidl_typesupport_introspection_cpp/mensaje/srv/detail/kinematics__type_support.cpp.o[0m
[ 33%] [32mBuilding CXX object CMakeFiles/mensaje__rosidl_typesupport_introspection_cpp.dir/rosidl_typesupport_introspection_cpp/mensaje/msg/detail/num__type_support.cpp.o[0m
[ 35%] [32mBuilding CXX object CMakeFiles/mensaje__rosidl_typesupport_cpp.dir/rosidl_typesupport_cpp/mensaje/msg/num__type_support.cpp.o[0m
[ 38%] [32mBuilding CXX object CMakeFiles/mensaje__rosidl_typesupport_cpp.dir/rosidl_typesupport_cpp/mensaje/srv/kinematics__type_support.cpp.o[0m
[ 41%] [32mBuilding C object CMakeFiles/mensaje__rosidl_typesupport_introspection_c.dir/rosidl_typesupport_introspection_c/mensaje/msg/detail/num__type_support.c.o[0m
[ 43%] [32mBuilding C object CMakeFiles/mensaje__rosidl_typesupport_introspection_c.dir/rosidl_typesupport_introspection_c/mensaje/srv/detail/kinematics__type_support.c.o[0m
[ 46%] [32m[1mLinking C shared library libmensaje__rosidl_typesupport_introspection_c.so[0m
[ 48%] [32mBuilding CXX object CMakeFiles/mensaje__rosidl_typesupport_fastrtps_cpp.dir/rosidl_typesupport_fastrtps_cpp/mensaje/msg/detail/dds_fastrtps/num__type_support.cpp.o[0m
[ 51%] [32mBuilding CXX object CMakeFiles/mensaje__rosidl_typesupport_c.dir/rosidl_typesupport_c/mensaje/msg/num__type_support.cpp.o[0m
[ 51%] Built target mensaje__rosidl_typesupport_introspection_c
[ 53%] [32mBuilding CXX object CMakeFiles/mensaje__rosidl_typesupport_c.dir/rosidl_typesupport_c/mensaje/srv/kinematics__type_support.cpp.o[0m
[ 56%] [32mBuilding CXX object CMakeFiles/mensaje__rosidl_typesupport_fastrtps_cpp.dir/rosidl_typesupport_fastrtps_cpp/mensaje/srv/detail/dds_fastrtps/kinematics__type_support.cpp.o[0m
[ 58%] [32mBuilding CXX object CMakeFiles/mensaje__rosidl_typesupport_fastrtps_c.dir/rosidl_typesupport_fastrtps_c/mensaje/msg/detail/num__type_support_c.cpp.o[0m
[ 61%] [32m[1mLinking CXX shared library libmensaje__rosidl_typesupport_c.so[0m
[ 61%] Built target mensaje__rosidl_typesupport_c
[ 64%] [32mBuilding CXX object CMakeFiles/mensaje__rosidl_typesupport_fastrtps_c.dir/rosidl_typesupport_fastrtps_c/mensaje/srv/detail/kinematics__type_support_c.cpp.o[0m
[ 66%] [32m[1mLinking CXX shared library libmensaje__rosidl_typesupport_cpp.so[0m
[ 66%] Built target mensaje__rosidl_typesupport_cpp
[ 69%] [32m[1mLinking CXX shared library libmensaje__rosidl_typesupport_introspection_cpp.so[0m
[ 69%] Built target mensaje__rosidl_typesupport_introspection_cpp
[ 71%] [32m[1mLinking CXX shared library libmensaje__rosidl_typesupport_fastrtps_cpp.so[0m
[ 74%] [32m[1mLinking CXX shared library libmensaje__rosidl_typesupport_fastrtps_c.so[0m
[ 74%] Built target mensaje__rosidl_typesupport_fastrtps_cpp
[ 74%] Built target mensaje__rosidl_typesupport_fastrtps_c
[ 74%] Built target mensaje
[ 76%] [34m[1mGenerating Python code for ROS interfaces[0m
[ 76%] Built target mensaje__py
[ 82%] [32mBuilding C object CMakeFiles/mensaje__rosidl_generator_py.dir/rosidl_generator_py/mensaje/msg/_num_s.c.o[0m
[ 82%] [32mBuilding C object CMakeFiles/mensaje__rosidl_generator_py.dir/rosidl_generator_py/mensaje/srv/_kinematics_s.c.o[0m
[ 84%] [32m[1mLinking C shared library rosidl_generator_py/mensaje/libmensaje__rosidl_generator_py.so[0m
[ 84%] Built target mensaje__rosidl_generator_py
[ 92%] [32mBuilding C object CMakeFiles/mensaje__rosidl_typesupport_c__pyext.dir/rosidl_generator_py/mensaje/_mensaje_s.ep.rosidl_typesupport_c.c.o[0m
[ 92%] [32mBuilding C object CMakeFiles/mensaje__rosidl_typesupport_fastrtps_c__pyext.dir/rosidl_generator_py/mensaje/_mensaje_s.ep.rosidl_typesupport_fastrtps_c.c.o[0m
[ 92%] [32mBuilding C object CMakeFiles/mensaje__rosidl_typesupport_introspection_c__pyext.dir/rosidl_generator_py/mensaje/_mensaje_s.ep.rosidl_typesupport_introspection_c.c.o[0m
[100%] [32m[1mLinking C shared library rosidl_generator_py/mensaje/mensaje_s__rosidl_typesupport_fastrtps_c.cpython-310-x86_64-linux-gnu.so[0m
[100%] [32m[1mLinking C shared library rosidl_generator_py/mensaje/mensaje_s__rosidl_typesupport_introspection_c.cpython-310-x86_64-linux-gnu.so[0m
[100%] [32m[1mLinking C shared library rosidl_generator_py/mensaje/mensaje_s__rosidl_typesupport_c.cpython-310-x86_64-linux-gnu.so[0m
[100%] Built target mensaje__rosidl_typesupport_c__pyext
[100%] Built target mensaje__rosidl_typesupport_introspection_c__pyext
[100%] Built target mensaje__rosidl_typesupport_fastrtps_c__pyext
-- Install configuration: ""
-- Up-to-date: /home/kakurrix/Documents/Robotica/parcial1_ws/install/mensaje/include/mensaje/mensaje
-- Up-to-date: /home/kakurrix/Documents/Robotica/parcial1_ws/install/mensaje/include/mensaje/mensaje/msg
-- Up-to-date: /home/kakurrix/Documents/Robotica/parcial1_ws/install/mensaje/include/mensaje/mensaje/msg/detail
-- Installing: /home/kakurrix/Documents/Robotica/parcial1_ws/install/mensaje/include/mensaje/mensaje/msg/detail/num__functions.c
-- Up-to-date: /home/kakurrix/Documents/Robotica/parcial1_ws/install/mensaje/include/mensaje/mensaje/srv
-- Up-to-date: /home/kakurrix/Documents/Robotica/parcial1_ws/install/mensaje/include/mensaje/mensaje/srv/detail
-- Installing: /home/kakurrix/Documents/Robotica/parcial1_ws/install/mensaje/include/mensaje/mensaje/srv/detail/kinematics__functions.c
-- Installing: /home/kakurrix/Documents/Robotica/parcial1_ws/install/mensaje/lib/libmensaje__rosidl_generator_c.so
-- Set runtime path of "/home/kakurrix/Documents/Robotica/parcial1_ws/install/mensaje/lib/libmensaje__rosidl_generator_c.so" to ""
-- Up-to-date: /home/kakurrix/Documents/Robotica/parcial1_ws/install/mensaje/include/mensaje/mensaje
-- Up-to-date: /home/kakurrix/Documents/Robotica/parcial1_ws/install/mensaje/include/mensaje/mensaje/msg
-- Up-to-date: /home/kakurrix/Documents/Robotica/parcial1_ws/install/mensaje/include/mensaje/mensaje/msg/detail
-- Up-to-date: /home/kakurrix/Documents/Robotica/parcial1_ws/install/mensaje/include/mensaje/mensaje/srv
-- Up-to-date: /home/kakurrix/Documents/Robotica/parcial1_ws/install/mensaje/include/mensaje/mensaje/srv/detail
-- Installing: /home/kakurrix/Documents/Robotica/parcial1_ws/install/mensaje/lib/libmensaje__rosidl_typesupport_fastrtps_c.so
-- Set runtime path of "/home/kakurrix/Documents/Robotica/parcial1_ws/install/mensaje/lib/libmensaje__rosidl_typesupport_fastrtps_c.so" to ""
-- Up-to-date: /home/kakurrix/Documents/Robotica/parcial1_ws/install/mensaje/include/mensaje/mensaje
-- Up-to-date: /home/kakurrix/Documents/Robotica/parcial1_ws/install/mensaje/include/mensaje/mensaje/msg
-- Up-to-date: /home/kakurrix/Documents/Robotica/parcial1_ws/install/mensaje/include/mensaje/mensaje/msg/detail
-- Up-to-date: /home/kakurrix/Documents/Robotica/parcial1_ws/install/mensaje/include/mensaje/mensaje/srv
-- Up-to-date: /home/kakurrix/Documents/Robotica/parcial1_ws/install/mensaje/include/mensaje/mensaje/srv/detail
-- Up-to-date: /home/kakurrix/Documents/Robotica/parcial1_ws/install/mensaje/include/mensaje/mensaje
-- Up-to-date: /home/kakurrix/Documents/Robotica/parcial1_ws/install/mensaje/include/mensaje/mensaje/msg
-- Up-to-date: /home/kakurrix/Documents/Robotica/parcial1_ws/install/mensaje/include/mensaje/mensaje/msg/detail
-- Installing: /home/kakurrix/Documents/Robotica/parcial1_ws/install/mensaje/include/mensaje/mensaje/msg/detail/dds_fastrtps
-- Up-to-date: /home/kakurrix/Documents/Robotica/parcial1_ws/install/mensaje/include/mensaje/mensaje/srv
-- Up-to-date: /home/kakurrix/Documents/Robotica/parcial1_ws/install/mensaje/include/mensaje/mensaje/srv/detail
-- Installing: /home/kakurrix/Documents/Robotica/parcial1_ws/install/mensaje/include/mensaje/mensaje/srv/detail/dds_fastrtps
-- Installing: /home/kakurrix/Documents/Robotica/parcial1_ws/install/mensaje/lib/libmensaje__rosidl_typesupport_fastrtps_cpp.so
-- Set runtime path of "/home/kakurrix/Documents/Robotica/parcial1_ws/install/mensaje/lib/libmensaje__rosidl_typesupport_fastrtps_cpp.so" to ""
-- Up-to-date: /home/kakurrix/Documents/Robotica/parcial1_ws/install/mensaje/include/mensaje/mensaje
-- Up-to-date: /home/kakurrix/Documents/Robotica/parcial1_ws/install/mensaje/include/mensaje/mensaje/msg
-- Up-to-date: /home/kakurrix/Documents/Robotica/parcial1_ws/install/mensaje/include/mensaje/mensaje/msg/detail
-- Installing: /home/kakurrix/Documents/Robotica/parcial1_ws/install/mensaje/include/mensaje/mensaje/msg/detail/num__type_support.c
-- Up-to-date: /home/kakurrix/Documents/Robotica/parcial1_ws/install/mensaje/include/mensaje/mensaje/srv
-- Up-to-date: /home/kakurrix/Documents/Robotica/parcial1_ws/install/mensaje/include/mensaje/mensaje/srv/detail
-- Installing: /home/kakurrix/Documents/Robotica/parcial1_ws/install/mensaje/include/mensaje/mensaje/srv/detail/kinematics__type_support.c
-- Installing: /home/kakurrix/Documents/Robotica/parcial1_ws/install/mensaje/lib/libmensaje__rosidl_typesupport_introspection_c.so
-- Set runtime path of "/home/kakurrix/Documents/Robotica/parcial1_ws/install/mensaje/lib/libmensaje__rosidl_typesupport_introspection_c.so" to ""
-- Installing: /home/kakurrix/Documents/Robotica/parcial1_ws/install/mensaje/lib/libmensaje__rosidl_typesupport_c.so
-- Set runtime path of "/home/kakurrix/Documents/Robotica/parcial1_ws/install/mensaje/lib/libmensaje__rosidl_typesupport_c.so" to ""
-- Up-to-date: /home/kakurrix/Documents/Robotica/parcial1_ws/install/mensaje/include/mensaje/mensaje
-- Up-to-date: /home/kakurrix/Documents/Robotica/parcial1_ws/install/mensaje/include/mensaje/mensaje/msg
-- Up-to-date: /home/kakurrix/Documents/Robotica/parcial1_ws/install/mensaje/include/mensaje/mensaje/msg/detail
-- Installing: /home/kakurrix/Documents/Robotica/parcial1_ws/install/mensaje/include/mensaje/mensaje/msg/detail/num__type_support.cpp
-- Up-to-date: /home/kakurrix/Documents/Robotica/parcial1_ws/install/mensaje/include/mensaje/mensaje/srv
-- Up-to-date: /home/kakurrix/Documents/Robotica/parcial1_ws/install/mensaje/include/mensaje/mensaje/srv/detail
-- Installing: /home/kakurrix/Documents/Robotica/parcial1_ws/install/mensaje/include/mensaje/mensaje/srv/detail/kinematics__type_support.cpp
-- Installing: /home/kakurrix/Documents/Robotica/parcial1_ws/install/mensaje/lib/libmensaje__rosidl_typesupport_introspection_cpp.so
-- Set runtime path of "/home/kakurrix/Documents/Robotica/parcial1_ws/install/mensaje/lib/libmensaje__rosidl_typesupport_introspection_cpp.so" to ""
-- Installing: /home/kakurrix/Documents/Robotica/parcial1_ws/install/mensaje/lib/libmensaje__rosidl_typesupport_cpp.so
-- Set runtime path of "/home/kakurrix/Documents/Robotica/parcial1_ws/install/mensaje/lib/libmensaje__rosidl_typesupport_cpp.so" to ""
-- Up-to-date: /home/kakurrix/Documents/Robotica/parcial1_ws/install/mensaje/local/lib/python3.10/dist-packages/mensaje-0.0.0-py3.10.egg-info
-- Up-to-date: /home/kakurrix/Documents/Robotica/parcial1_ws/install/mensaje/local/lib/python3.10/dist-packages/mensaje
-- Up-to-date: /home/kakurrix/Documents/Robotica/parcial1_ws/install/mensaje/local/lib/python3.10/dist-packages/mensaje/msg
-- Up-to-date: /home/kakurrix/Documents/Robotica/parcial1_ws/install/mensaje/local/lib/python3.10/dist-packages/mensaje/srv
Listing '/home/kakurrix/Documents/Robotica/parcial1_ws/install/mensaje/local/lib/python3.10/dist-packages/mensaje'...
Compiling '/home/kakurrix/Documents/Robotica/parcial1_ws/install/mensaje/local/lib/python3.10/dist-packages/mensaje/__init__.py'...
Listing '/home/kakurrix/Documents/Robotica/parcial1_ws/install/mensaje/local/lib/python3.10/dist-packages/mensaje/msg'...
Compiling '/home/kakurrix/Documents/Robotica/parcial1_ws/install/mensaje/local/lib/python3.10/dist-packages/mensaje/msg/__init__.py'...
Compiling '/home/kakurrix/Documents/Robotica/parcial1_ws/install/mensaje/local/lib/python3.10/dist-packages/mensaje/msg/_num.py'...
Listing '/home/kakurrix/Documents/Robotica/parcial1_ws/install/mensaje/local/lib/python3.10/dist-packages/mensaje/srv'...
Compiling '/home/kakurrix/Documents/Robotica/parcial1_ws/install/mensaje/local/lib/python3.10/dist-packages/mensaje/srv/__init__.py'...
Compiling '/home/kakurrix/Documents/Robotica/parcial1_ws/install/mensaje/local/lib/python3.10/dist-packages/mensaje/srv/_kinematics.py'...
-- Installing: /home/kakurrix/Documents/Robotica/parcial1_ws/install/mensaje/lib/libmensaje__rosidl_generator_py.so
-- Set runtime path of "/home/kakurrix/Documents/Robotica/parcial1_ws/install/mensaje/lib/libmensaje__rosidl_generator_py.so" to ""
-- Installing: /home/kakurrix/Documents/Robotica/parcial1_ws/install/mensaje/share/mensaje/package.dsv
-- Installing: /home/kakurrix/Documents/Robotica/parcial1_ws/install/mensaje/share/mensaje/cmake/export_mensaje__rosidl_generator_cExport.cmake
-- Installing: /home/kakurrix/Documents/Robotica/parcial1_ws/install/mensaje/share/mensaje/cmake/export_mensaje__rosidl_generator_cExport-noconfig.cmake
-- Installing: /home/kakurrix/Documents/Robotica/parcial1_ws/install/mensaje/share/mensaje/cmake/export_mensaje__rosidl_typesupport_fastrtps_cExport.cmake
-- Installing: /home/kakurrix/Documents/Robotica/parcial1_ws/install/mensaje/share/mensaje/cmake/export_mensaje__rosidl_typesupport_fastrtps_cExport-noconfig.cmake
-- Installing: /home/kakurrix/Documents/Robotica/parcial1_ws/install/mensaje/share/mensaje/cmake/export_mensaje__rosidl_generator_cppExport.cmake
-- Installing: /home/kakurrix/Documents/Robotica/parcial1_ws/install/mensaje/share/mensaje/cmake/export_mensaje__rosidl_typesupport_fastrtps_cppExport.cmake
-- Installing: /home/kakurrix/Documents/Robotica/parcial1_ws/install/mensaje/share/mensaje/cmake/export_mensaje__rosidl_typesupport_fastrtps_cppExport-noconfig.cmake
-- Installing: /home/kakurrix/Documents/Robotica/parcial1_ws/install/mensaje/share/mensaje/cmake/mensaje__rosidl_typesupport_introspection_cExport.cmake
-- Installing: /home/kakurrix/Documents/Robotica/parcial1_ws/install/mensaje/share/mensaje/cmake/mensaje__rosidl_typesupport_introspection_cExport-noconfig.cmake
-- Installing: /home/kakurrix/Documents/Robotica/parcial1_ws/install/mensaje/share/mensaje/cmake/mensaje__rosidl_typesupport_cExport.cmake
-- Installing: /home/kakurrix/Documents/Robotica/parcial1_ws/install/mensaje/share/mensaje/cmake/mensaje__rosidl_typesupport_cExport-noconfig.cmake
-- Installing: /home/kakurrix/Documents/Robotica/parcial1_ws/install/mensaje/share/mensaje/cmake/mensaje__rosidl_typesupport_introspection_cppExport.cmake
-- Installing: /home/kakurrix/Documents/Robotica/parcial1_ws/install/mensaje/share/mensaje/cmake/mensaje__rosidl_typesupport_introspection_cppExport-noconfig.cmake
-- Installing: /home/kakurrix/Documents/Robotica/parcial1_ws/install/mensaje/share/mensaje/cmake/mensaje__rosidl_typesupport_cppExport.cmake
-- Installing: /home/kakurrix/Documents/Robotica/parcial1_ws/install/mensaje/share/mensaje/cmake/mensaje__rosidl_typesupport_cppExport-noconfig.cmake
-- Installing: /home/kakurrix/Documents/Robotica/parcial1_ws/install/mensaje/share/mensaje/cmake/export_mensaje__rosidl_generator_pyExport.cmake
-- Installing: /home/kakurrix/Documents/Robotica/parcial1_ws/install/mensaje/share/mensaje/cmake/export_mensaje__rosidl_generator_pyExport-noconfig.cmake
