[0.564s] Invoking command in '/home/kakurrix/Documents/Robotica/parcial1_ws/build/mensaje': CMAKE_PREFIX_PATH=${CMAKE_PREFIX_PATH}:/home/kakurrix/Documents/Robotica/parcial1_ws/install/publicador:/home/kakurrix/Documents/Robotica/parcial1_ws/install/ejer3py:/home/kakurrix/Documents/Robotica/parcial1_ws/install/ejer2py:/opt/ros/humble /usr/bin/cmake /home/kakurrix/Documents/Robotica/parcial1_ws/src/mensaje -DCMAKE_INSTALL_PREFIX=/home/kakurrix/Documents/Robotica/parcial1_ws/install/mensaje
[0.613s] -- The C compiler identification is GNU 11.4.0
[0.669s] -- The CXX compiler identification is GNU 11.4.0
[0.676s] -- Detecting C compiler ABI info
[0.738s] -- Detecting C compiler ABI info - done
[0.747s] -- Check for working C compiler: /usr/bin/cc - skipped
[0.747s] -- Detecting C compile features
[0.747s] -- Detecting C compile features - done
[0.751s] -- Detecting CXX compiler ABI info
[0.828s] -- Detecting CXX compiler ABI info - done
[0.837s] -- Check for working CXX compiler: /usr/bin/c++ - skipped
[0.837s] -- Detecting CXX compile features
[0.837s] -- Detecting CXX compile features - done
[0.840s] -- Found ament_cmake: 1.3.11 (/opt/ros/humble/share/ament_cmake/cmake)
[1.001s] -- Found Python3: /usr/bin/python3 (found version "3.10.12") found components: Interpreter 
[1.108s] -- Found geometry_msgs: 4.2.4 (/opt/ros/humble/share/geometry_msgs/cmake)
[1.145s] -- Found rosidl_generator_c: 3.1.6 (/opt/ros/humble/share/rosidl_generator_c/cmake)
[1.150s] -- Found rosidl_adapter: 3.1.6 (/opt/ros/humble/share/rosidl_adapter/cmake)
[1.158s] -- Found rosidl_generator_cpp: 3.1.6 (/opt/ros/humble/share/rosidl_generator_cpp/cmake)
[1.171s] -- Using all available rosidl_typesupport_c: rosidl_typesupport_fastrtps_c;rosidl_typesupport_introspection_c
[1.190s] -- Using all available rosidl_typesupport_cpp: rosidl_typesupport_fastrtps_cpp;rosidl_typesupport_introspection_cpp
[1.238s] -- Found rosidl_default_generators: 1.2.0 (/opt/ros/humble/share/rosidl_default_generators/cmake)
[1.564s] -- Found ament_cmake_ros: 0.10.0 (/opt/ros/humble/share/ament_cmake_ros/cmake)
[1.992s] -- Using all available rosidl_typesupport_c: rosidl_typesupport_fastrtps_c;rosidl_typesupport_introspection_c
[2.158s] -- Using all available rosidl_typesupport_cpp: rosidl_typesupport_fastrtps_cpp;rosidl_typesupport_introspection_cpp
[2.180s] -- Found PythonInterp: /usr/bin/python3 (found suitable version "3.10.12", minimum required is "3.6") 
[2.182s] -- Found python_cmake_module: 0.10.0 (/opt/ros/humble/share/python_cmake_module/cmake)
[2.208s] -- Found PythonLibs: /usr/lib/x86_64-linux-gnu/libpython3.10.so (found suitable version "3.10.12", minimum required is "3.5") 
[2.208s] -- Using PYTHON_EXECUTABLE: /usr/bin/python3
[2.208s] -- Using PYTHON_INCLUDE_DIRS: /usr/include/python3.10
[2.208s] -- Using PYTHON_LIBRARIES: /usr/lib/x86_64-linux-gnu/libpython3.10.so
[2.231s] -- Found PythonExtra: .so  
[2.290s] -- Found ament_lint_auto: 0.12.11 (/opt/ros/humble/share/ament_lint_auto/cmake)
[2.308s] -- Added test 'lint_cmake' to check CMake code style
[2.309s] -- Added test 'xmllint' to check XML markup files
[2.311s] -- Configuring done
[2.346s] -- Generating done
[2.358s] -- Build files have been written to: /home/kakurrix/Documents/Robotica/parcial1_ws/build/mensaje
[2.366s] Invoked command in '/home/kakurrix/Documents/Robotica/parcial1_ws/build/mensaje' returned '0': CMAKE_PREFIX_PATH=${CMAKE_PREFIX_PATH}:/home/kakurrix/Documents/Robotica/parcial1_ws/install/publicador:/home/kakurrix/Documents/Robotica/parcial1_ws/install/ejer3py:/home/kakurrix/Documents/Robotica/parcial1_ws/install/ejer2py:/opt/ros/humble /usr/bin/cmake /home/kakurrix/Documents/Robotica/parcial1_ws/src/mensaje -DCMAKE_INSTALL_PREFIX=/home/kakurrix/Documents/Robotica/parcial1_ws/install/mensaje
[2.368s] Invoking command in '/home/kakurrix/Documents/Robotica/parcial1_ws/build/mensaje': CMAKE_PREFIX_PATH=${CMAKE_PREFIX_PATH}:/home/kakurrix/Documents/Robotica/parcial1_ws/install/publicador:/home/kakurrix/Documents/Robotica/parcial1_ws/install/ejer3py:/home/kakurrix/Documents/Robotica/parcial1_ws/install/ejer2py:/opt/ros/humble /usr/bin/cmake --build /home/kakurrix/Documents/Robotica/parcial1_ws/build/mensaje -- -j8 -l8
[2.402s] [  2%] [34m[1mGenerating C code for ROS interfaces[0m
[2.411s] [  5%] [34m[1mGenerating C++ code for ROS interfaces[0m
[2.418s] [  5%] Built target ament_cmake_python_copy_mensaje
[2.684s] running egg_info
[2.684s] creating mensaje.egg-info
[2.684s] writing mensaje.egg-info/PKG-INFO
[2.685s] writing dependency_links to mensaje.egg-info/dependency_links.txt
[2.685s] writing top-level names to mensaje.egg-info/top_level.txt
[2.685s] writing manifest file 'mensaje.egg-info/SOURCES.txt'
[2.687s] reading manifest file 'mensaje.egg-info/SOURCES.txt'
[2.687s] writing manifest file 'mensaje.egg-info/SOURCES.txt'
[2.712s] [  5%] Built target ament_cmake_python_build_mensaje_egg
[2.773s] [  5%] Built target mensaje__cpp
[2.774s] [  7%] [32mBuilding C object CMakeFiles/mensaje__rosidl_generator_c.dir/rosidl_generator_c/mensaje/msg/detail/num__functions.c.o[0m
[2.775s] [ 10%] [32mBuilding C object CMakeFiles/mensaje__rosidl_generator_c.dir/rosidl_generator_c/mensaje/srv/detail/kinematics__functions.c.o[0m
[2.783s] [ 12%] [34m[1mGenerating C++ type support dispatch for ROS interfaces[0m
[2.784s] [ 15%] [34m[1mGenerating C++ introspection for ROS interfaces[0m
[2.785s] [ 17%] [34m[1mGenerating C++ type support for eProsima Fast-RTPS[0m
[2.841s] [ 20%] [32m[1mLinking C shared library libmensaje__rosidl_generator_c.so[0m
[2.877s] [ 20%] Built target mensaje__rosidl_generator_c
[2.889s] [ 23%] [34m[1mGenerating C type support for eProsima Fast-RTPS[0m
[2.890s] [ 25%] [34m[1mGenerating C introspection for ROS interfaces[0m
[2.891s] [ 28%] [34m[1mGenerating C type support dispatch for ROS interfaces[0m
[3.104s] [ 30%] [32mBuilding CXX object CMakeFiles/mensaje__rosidl_typesupport_introspection_cpp.dir/rosidl_typesupport_introspection_cpp/mensaje/srv/detail/kinematics__type_support.cpp.o[0m
[3.104s] [ 33%] [32mBuilding CXX object CMakeFiles/mensaje__rosidl_typesupport_introspection_cpp.dir/rosidl_typesupport_introspection_cpp/mensaje/msg/detail/num__type_support.cpp.o[0m
[3.213s] [ 35%] [32mBuilding CXX object CMakeFiles/mensaje__rosidl_typesupport_cpp.dir/rosidl_typesupport_cpp/mensaje/msg/num__type_support.cpp.o[0m
[3.224s] [ 38%] [32mBuilding CXX object CMakeFiles/mensaje__rosidl_typesupport_cpp.dir/rosidl_typesupport_cpp/mensaje/srv/kinematics__type_support.cpp.o[0m
[3.251s] [ 41%] [32mBuilding C object CMakeFiles/mensaje__rosidl_typesupport_introspection_c.dir/rosidl_typesupport_introspection_c/mensaje/msg/detail/num__type_support.c.o[0m
[3.300s] [ 43%] [32mBuilding C object CMakeFiles/mensaje__rosidl_typesupport_introspection_c.dir/rosidl_typesupport_introspection_c/mensaje/srv/detail/kinematics__type_support.c.o[0m
[3.359s] [ 46%] [32m[1mLinking C shared library libmensaje__rosidl_typesupport_introspection_c.so[0m
[3.368s] [ 48%] [32mBuilding CXX object CMakeFiles/mensaje__rosidl_typesupport_fastrtps_cpp.dir/rosidl_typesupport_fastrtps_cpp/mensaje/msg/detail/dds_fastrtps/num__type_support.cpp.o[0m
[3.371s] [ 51%] [32mBuilding CXX object CMakeFiles/mensaje__rosidl_typesupport_c.dir/rosidl_typesupport_c/mensaje/msg/num__type_support.cpp.o[0m
[3.410s] [ 51%] Built target mensaje__rosidl_typesupport_introspection_c
[3.418s] [ 53%] [32mBuilding CXX object CMakeFiles/mensaje__rosidl_typesupport_c.dir/rosidl_typesupport_c/mensaje/srv/kinematics__type_support.cpp.o[0m
[3.424s] [ 56%] [32mBuilding CXX object CMakeFiles/mensaje__rosidl_typesupport_fastrtps_cpp.dir/rosidl_typesupport_fastrtps_cpp/mensaje/srv/detail/dds_fastrtps/kinematics__type_support.cpp.o[0m
[3.462s] [ 58%] [32mBuilding CXX object CMakeFiles/mensaje__rosidl_typesupport_fastrtps_c.dir/rosidl_typesupport_fastrtps_c/mensaje/msg/detail/num__type_support_c.cpp.o[0m
[3.467s] [ 61%] [32m[1mLinking CXX shared library libmensaje__rosidl_typesupport_c.so[0m
[3.535s] [ 61%] Built target mensaje__rosidl_typesupport_c
[3.544s] [ 64%] [32mBuilding CXX object CMakeFiles/mensaje__rosidl_typesupport_fastrtps_c.dir/rosidl_typesupport_fastrtps_c/mensaje/srv/detail/kinematics__type_support_c.cpp.o[0m
[3.700s] [ 66%] [32m[1mLinking CXX shared library libmensaje__rosidl_typesupport_cpp.so[0m
[3.794s] [ 66%] Built target mensaje__rosidl_typesupport_cpp
[3.818s] [ 69%] [32m[1mLinking CXX shared library libmensaje__rosidl_typesupport_introspection_cpp.so[0m
[3.935s] [ 69%] Built target mensaje__rosidl_typesupport_introspection_cpp
[4.022s] [ 71%] [32m[1mLinking CXX shared library libmensaje__rosidl_typesupport_fastrtps_cpp.so[0m
[4.083s] [ 74%] [32m[1mLinking CXX shared library libmensaje__rosidl_typesupport_fastrtps_c.so[0m
[4.096s] [ 74%] Built target mensaje__rosidl_typesupport_fastrtps_cpp
[4.154s] [ 74%] Built target mensaje__rosidl_typesupport_fastrtps_c
[4.171s] [ 74%] Built target mensaje
[4.189s] [ 76%] [34m[1mGenerating Python code for ROS interfaces[0m
[4.653s] [ 76%] Built target mensaje__py
[4.671s] [ 82%] [32mBuilding C object CMakeFiles/mensaje__rosidl_generator_py.dir/rosidl_generator_py/mensaje/msg/_num_s.c.o[0m
[4.671s] [ 82%] [32mBuilding C object CMakeFiles/mensaje__rosidl_generator_py.dir/rosidl_generator_py/mensaje/srv/_kinematics_s.c.o[0m
[4.777s] [ 84%] [32m[1mLinking C shared library rosidl_generator_py/mensaje/libmensaje__rosidl_generator_py.so[0m
[4.815s] [ 84%] Built target mensaje__rosidl_generator_py
[4.834s] [ 92%] [32mBuilding C object CMakeFiles/mensaje__rosidl_typesupport_c__pyext.dir/rosidl_generator_py/mensaje/_mensaje_s.ep.rosidl_typesupport_c.c.o[0m
[4.834s] [ 92%] [32mBuilding C object CMakeFiles/mensaje__rosidl_typesupport_fastrtps_c__pyext.dir/rosidl_generator_py/mensaje/_mensaje_s.ep.rosidl_typesupport_fastrtps_c.c.o[0m
[4.834s] [ 92%] [32mBuilding C object CMakeFiles/mensaje__rosidl_typesupport_introspection_c__pyext.dir/rosidl_generator_py/mensaje/_mensaje_s.ep.rosidl_typesupport_introspection_c.c.o[0m
[4.940s] [100%] [32m[1mLinking C shared library rosidl_generator_py/mensaje/mensaje_s__rosidl_typesupport_fastrtps_c.cpython-310-x86_64-linux-gnu.so[0m
[4.940s] [100%] [32m[1mLinking C shared library rosidl_generator_py/mensaje/mensaje_s__rosidl_typesupport_introspection_c.cpython-310-x86_64-linux-gnu.so[0m
[4.940s] [100%] [32m[1mLinking C shared library rosidl_generator_py/mensaje/mensaje_s__rosidl_typesupport_c.cpython-310-x86_64-linux-gnu.so[0m
[4.980s] [100%] Built target mensaje__rosidl_typesupport_c__pyext
[4.980s] [100%] Built target mensaje__rosidl_typesupport_introspection_c__pyext
[4.980s] [100%] Built target mensaje__rosidl_typesupport_fastrtps_c__pyext
[4.990s] Invoked command in '/home/kakurrix/Documents/Robotica/parcial1_ws/build/mensaje' returned '0': CMAKE_PREFIX_PATH=${CMAKE_PREFIX_PATH}:/home/kakurrix/Documents/Robotica/parcial1_ws/install/publicador:/home/kakurrix/Documents/Robotica/parcial1_ws/install/ejer3py:/home/kakurrix/Documents/Robotica/parcial1_ws/install/ejer2py:/opt/ros/humble /usr/bin/cmake --build /home/kakurrix/Documents/Robotica/parcial1_ws/build/mensaje -- -j8 -l8
[4.999s] Invoking command in '/home/kakurrix/Documents/Robotica/parcial1_ws/build/mensaje': CMAKE_PREFIX_PATH=${CMAKE_PREFIX_PATH}:/home/kakurrix/Documents/Robotica/parcial1_ws/install/publicador:/home/kakurrix/Documents/Robotica/parcial1_ws/install/ejer3py:/home/kakurrix/Documents/Robotica/parcial1_ws/install/ejer2py:/opt/ros/humble /usr/bin/cmake --install /home/kakurrix/Documents/Robotica/parcial1_ws/build/mensaje
[5.006s] -- Install configuration: ""
[5.007s] -- Up-to-date: /home/kakurrix/Documents/Robotica/parcial1_ws/install/mensaje/include/mensaje/mensaje
[5.007s] -- Up-to-date: /home/kakurrix/Documents/Robotica/parcial1_ws/install/mensaje/include/mensaje/mensaje/msg
[5.007s] -- Up-to-date: /home/kakurrix/Documents/Robotica/parcial1_ws/install/mensaje/include/mensaje/mensaje/msg/detail
[5.007s] -- Installing: /home/kakurrix/Documents/Robotica/parcial1_ws/install/mensaje/include/mensaje/mensaje/msg/detail/num__functions.c
[5.007s] -- Up-to-date: /home/kakurrix/Documents/Robotica/parcial1_ws/install/mensaje/include/mensaje/mensaje/srv
[5.007s] -- Up-to-date: /home/kakurrix/Documents/Robotica/parcial1_ws/install/mensaje/include/mensaje/mensaje/srv/detail
[5.007s] -- Installing: /home/kakurrix/Documents/Robotica/parcial1_ws/install/mensaje/include/mensaje/mensaje/srv/detail/kinematics__functions.c
[5.007s] -- Installing: /home/kakurrix/Documents/Robotica/parcial1_ws/install/mensaje/lib/libmensaje__rosidl_generator_c.so
[5.007s] -- Set runtime path of "/home/kakurrix/Documents/Robotica/parcial1_ws/install/mensaje/lib/libmensaje__rosidl_generator_c.so" to ""
[5.007s] -- Up-to-date: /home/kakurrix/Documents/Robotica/parcial1_ws/install/mensaje/include/mensaje/mensaje
[5.008s] -- Up-to-date: /home/kakurrix/Documents/Robotica/parcial1_ws/install/mensaje/include/mensaje/mensaje/msg
[5.008s] -- Up-to-date: /home/kakurrix/Documents/Robotica/parcial1_ws/install/mensaje/include/mensaje/mensaje/msg/detail
[5.008s] -- Up-to-date: /home/kakurrix/Documents/Robotica/parcial1_ws/install/mensaje/include/mensaje/mensaje/srv
[5.008s] -- Up-to-date: /home/kakurrix/Documents/Robotica/parcial1_ws/install/mensaje/include/mensaje/mensaje/srv/detail
[5.008s] -- Installing: /home/kakurrix/Documents/Robotica/parcial1_ws/install/mensaje/lib/libmensaje__rosidl_typesupport_fastrtps_c.so
[5.008s] -- Set runtime path of "/home/kakurrix/Documents/Robotica/parcial1_ws/install/mensaje/lib/libmensaje__rosidl_typesupport_fastrtps_c.so" to ""
[5.008s] -- Up-to-date: /home/kakurrix/Documents/Robotica/parcial1_ws/install/mensaje/include/mensaje/mensaje
[5.008s] -- Up-to-date: /home/kakurrix/Documents/Robotica/parcial1_ws/install/mensaje/include/mensaje/mensaje/msg
[5.008s] -- Up-to-date: /home/kakurrix/Documents/Robotica/parcial1_ws/install/mensaje/include/mensaje/mensaje/msg/detail
[5.008s] -- Up-to-date: /home/kakurrix/Documents/Robotica/parcial1_ws/install/mensaje/include/mensaje/mensaje/srv
[5.008s] -- Up-to-date: /home/kakurrix/Documents/Robotica/parcial1_ws/install/mensaje/include/mensaje/mensaje/srv/detail
[5.009s] -- Up-to-date: /home/kakurrix/Documents/Robotica/parcial1_ws/install/mensaje/include/mensaje/mensaje
[5.009s] -- Up-to-date: /home/kakurrix/Documents/Robotica/parcial1_ws/install/mensaje/include/mensaje/mensaje/msg
[5.009s] -- Up-to-date: /home/kakurrix/Documents/Robotica/parcial1_ws/install/mensaje/include/mensaje/mensaje/msg/detail
[5.009s] -- Installing: /home/kakurrix/Documents/Robotica/parcial1_ws/install/mensaje/include/mensaje/mensaje/msg/detail/dds_fastrtps
[5.009s] -- Up-to-date: /home/kakurrix/Documents/Robotica/parcial1_ws/install/mensaje/include/mensaje/mensaje/srv
[5.009s] -- Up-to-date: /home/kakurrix/Documents/Robotica/parcial1_ws/install/mensaje/include/mensaje/mensaje/srv/detail
[5.009s] -- Installing: /home/kakurrix/Documents/Robotica/parcial1_ws/install/mensaje/include/mensaje/mensaje/srv/detail/dds_fastrtps
[5.009s] -- Installing: /home/kakurrix/Documents/Robotica/parcial1_ws/install/mensaje/lib/libmensaje__rosidl_typesupport_fastrtps_cpp.so
[5.009s] -- Set runtime path of "/home/kakurrix/Documents/Robotica/parcial1_ws/install/mensaje/lib/libmensaje__rosidl_typesupport_fastrtps_cpp.so" to ""
[5.009s] -- Up-to-date: /home/kakurrix/Documents/Robotica/parcial1_ws/install/mensaje/include/mensaje/mensaje
[5.009s] -- Up-to-date: /home/kakurrix/Documents/Robotica/parcial1_ws/install/mensaje/include/mensaje/mensaje/msg
[5.009s] -- Up-to-date: /home/kakurrix/Documents/Robotica/parcial1_ws/install/mensaje/include/mensaje/mensaje/msg/detail
[5.010s] -- Installing: /home/kakurrix/Documents/Robotica/parcial1_ws/install/mensaje/include/mensaje/mensaje/msg/detail/num__type_support.c
[5.010s] -- Up-to-date: /home/kakurrix/Documents/Robotica/parcial1_ws/install/mensaje/include/mensaje/mensaje/srv
[5.010s] -- Up-to-date: /home/kakurrix/Documents/Robotica/parcial1_ws/install/mensaje/include/mensaje/mensaje/srv/detail
[5.010s] -- Installing: /home/kakurrix/Documents/Robotica/parcial1_ws/install/mensaje/include/mensaje/mensaje/srv/detail/kinematics__type_support.c
[5.010s] -- Installing: /home/kakurrix/Documents/Robotica/parcial1_ws/install/mensaje/lib/libmensaje__rosidl_typesupport_introspection_c.so
[5.010s] -- Set runtime path of "/home/kakurrix/Documents/Robotica/parcial1_ws/install/mensaje/lib/libmensaje__rosidl_typesupport_introspection_c.so" to ""
[5.010s] -- Installing: /home/kakurrix/Documents/Robotica/parcial1_ws/install/mensaje/lib/libmensaje__rosidl_typesupport_c.so
[5.010s] -- Set runtime path of "/home/kakurrix/Documents/Robotica/parcial1_ws/install/mensaje/lib/libmensaje__rosidl_typesupport_c.so" to ""
[5.010s] -- Up-to-date: /home/kakurrix/Documents/Robotica/parcial1_ws/install/mensaje/include/mensaje/mensaje
[5.010s] -- Up-to-date: /home/kakurrix/Documents/Robotica/parcial1_ws/install/mensaje/include/mensaje/mensaje/msg
[5.010s] -- Up-to-date: /home/kakurrix/Documents/Robotica/parcial1_ws/install/mensaje/include/mensaje/mensaje/msg/detail
[5.011s] -- Installing: /home/kakurrix/Documents/Robotica/parcial1_ws/install/mensaje/include/mensaje/mensaje/msg/detail/num__type_support.cpp
[5.011s] -- Up-to-date: /home/kakurrix/Documents/Robotica/parcial1_ws/install/mensaje/include/mensaje/mensaje/srv
[5.011s] -- Up-to-date: /home/kakurrix/Documents/Robotica/parcial1_ws/install/mensaje/include/mensaje/mensaje/srv/detail
[5.011s] -- Installing: /home/kakurrix/Documents/Robotica/parcial1_ws/install/mensaje/include/mensaje/mensaje/srv/detail/kinematics__type_support.cpp
[5.011s] -- Installing: /home/kakurrix/Documents/Robotica/parcial1_ws/install/mensaje/lib/libmensaje__rosidl_typesupport_introspection_cpp.so
[5.011s] -- Set runtime path of "/home/kakurrix/Documents/Robotica/parcial1_ws/install/mensaje/lib/libmensaje__rosidl_typesupport_introspection_cpp.so" to ""
[5.011s] -- Installing: /home/kakurrix/Documents/Robotica/parcial1_ws/install/mensaje/lib/libmensaje__rosidl_typesupport_cpp.so
[5.012s] -- Set runtime path of "/home/kakurrix/Documents/Robotica/parcial1_ws/install/mensaje/lib/libmensaje__rosidl_typesupport_cpp.so" to ""
[5.012s] -- Up-to-date: /home/kakurrix/Documents/Robotica/parcial1_ws/install/mensaje/local/lib/python3.10/dist-packages/mensaje-0.0.0-py3.10.egg-info
[5.012s] -- Up-to-date: /home/kakurrix/Documents/Robotica/parcial1_ws/install/mensaje/local/lib/python3.10/dist-packages/mensaje
[5.012s] -- Up-to-date: /home/kakurrix/Documents/Robotica/parcial1_ws/install/mensaje/local/lib/python3.10/dist-packages/mensaje/msg
[5.012s] -- Up-to-date: /home/kakurrix/Documents/Robotica/parcial1_ws/install/mensaje/local/lib/python3.10/dist-packages/mensaje/srv
[5.051s] Listing '/home/kakurrix/Documents/Robotica/parcial1_ws/install/mensaje/local/lib/python3.10/dist-packages/mensaje'...
[5.051s] Compiling '/home/kakurrix/Documents/Robotica/parcial1_ws/install/mensaje/local/lib/python3.10/dist-packages/mensaje/__init__.py'...
[5.051s] Listing '/home/kakurrix/Documents/Robotica/parcial1_ws/install/mensaje/local/lib/python3.10/dist-packages/mensaje/msg'...
[5.051s] Compiling '/home/kakurrix/Documents/Robotica/parcial1_ws/install/mensaje/local/lib/python3.10/dist-packages/mensaje/msg/__init__.py'...
[5.051s] Compiling '/home/kakurrix/Documents/Robotica/parcial1_ws/install/mensaje/local/lib/python3.10/dist-packages/mensaje/msg/_num.py'...
[5.051s] Listing '/home/kakurrix/Documents/Robotica/parcial1_ws/install/mensaje/local/lib/python3.10/dist-packages/mensaje/srv'...
[5.051s] Compiling '/home/kakurrix/Documents/Robotica/parcial1_ws/install/mensaje/local/lib/python3.10/dist-packages/mensaje/srv/__init__.py'...
[5.051s] Compiling '/home/kakurrix/Documents/Robotica/parcial1_ws/install/mensaje/local/lib/python3.10/dist-packages/mensaje/srv/_kinematics.py'...
[5.056s] -- Installing: /home/kakurrix/Documents/Robotica/parcial1_ws/install/mensaje/lib/libmensaje__rosidl_generator_py.so
[5.056s] -- Set runtime path of "/home/kakurrix/Documents/Robotica/parcial1_ws/install/mensaje/lib/libmensaje__rosidl_generator_py.so" to ""
[5.056s] -- Installing: /home/kakurrix/Documents/Robotica/parcial1_ws/install/mensaje/share/mensaje/package.dsv
[5.057s] -- Installing: /home/kakurrix/Documents/Robotica/parcial1_ws/install/mensaje/share/mensaje/cmake/export_mensaje__rosidl_generator_cExport.cmake
[5.057s] -- Installing: /home/kakurrix/Documents/Robotica/parcial1_ws/install/mensaje/share/mensaje/cmake/export_mensaje__rosidl_generator_cExport-noconfig.cmake
[5.057s] -- Installing: /home/kakurrix/Documents/Robotica/parcial1_ws/install/mensaje/share/mensaje/cmake/export_mensaje__rosidl_typesupport_fastrtps_cExport.cmake
[5.057s] -- Installing: /home/kakurrix/Documents/Robotica/parcial1_ws/install/mensaje/share/mensaje/cmake/export_mensaje__rosidl_typesupport_fastrtps_cExport-noconfig.cmake
[5.057s] -- Installing: /home/kakurrix/Documents/Robotica/parcial1_ws/install/mensaje/share/mensaje/cmake/export_mensaje__rosidl_generator_cppExport.cmake
[5.057s] -- Installing: /home/kakurrix/Documents/Robotica/parcial1_ws/install/mensaje/share/mensaje/cmake/export_mensaje__rosidl_typesupport_fastrtps_cppExport.cmake
[5.058s] -- Installing: /home/kakurrix/Documents/Robotica/parcial1_ws/install/mensaje/share/mensaje/cmake/export_mensaje__rosidl_typesupport_fastrtps_cppExport-noconfig.cmake
[5.058s] -- Installing: /home/kakurrix/Documents/Robotica/parcial1_ws/install/mensaje/share/mensaje/cmake/mensaje__rosidl_typesupport_introspection_cExport.cmake
[5.058s] -- Installing: /home/kakurrix/Documents/Robotica/parcial1_ws/install/mensaje/share/mensaje/cmake/mensaje__rosidl_typesupport_introspection_cExport-noconfig.cmake
[5.058s] -- Installing: /home/kakurrix/Documents/Robotica/parcial1_ws/install/mensaje/share/mensaje/cmake/mensaje__rosidl_typesupport_cExport.cmake
[5.058s] -- Installing: /home/kakurrix/Documents/Robotica/parcial1_ws/install/mensaje/share/mensaje/cmake/mensaje__rosidl_typesupport_cExport-noconfig.cmake
[5.058s] -- Installing: /home/kakurrix/Documents/Robotica/parcial1_ws/install/mensaje/share/mensaje/cmake/mensaje__rosidl_typesupport_introspection_cppExport.cmake
[5.059s] -- Installing: /home/kakurrix/Documents/Robotica/parcial1_ws/install/mensaje/share/mensaje/cmake/mensaje__rosidl_typesupport_introspection_cppExport-noconfig.cmake
[5.059s] -- Installing: /home/kakurrix/Documents/Robotica/parcial1_ws/install/mensaje/share/mensaje/cmake/mensaje__rosidl_typesupport_cppExport.cmake
[5.059s] -- Installing: /home/kakurrix/Documents/Robotica/parcial1_ws/install/mensaje/share/mensaje/cmake/mensaje__rosidl_typesupport_cppExport-noconfig.cmake
[5.059s] -- Installing: /home/kakurrix/Documents/Robotica/parcial1_ws/install/mensaje/share/mensaje/cmake/export_mensaje__rosidl_generator_pyExport.cmake
[5.059s] -- Installing: /home/kakurrix/Documents/Robotica/parcial1_ws/install/mensaje/share/mensaje/cmake/export_mensaje__rosidl_generator_pyExport-noconfig.cmake
[5.062s] Invoked command in '/home/kakurrix/Documents/Robotica/parcial1_ws/build/mensaje' returned '0': CMAKE_PREFIX_PATH=${CMAKE_PREFIX_PATH}:/home/kakurrix/Documents/Robotica/parcial1_ws/install/publicador:/home/kakurrix/Documents/Robotica/parcial1_ws/install/ejer3py:/home/kakurrix/Documents/Robotica/parcial1_ws/install/ejer2py:/opt/ros/humble /usr/bin/cmake --install /home/kakurrix/Documents/Robotica/parcial1_ws/build/mensaje
