running egg_info
writing ../../build/ejer2py/ejer2py.egg-info/PKG-INFO
writing dependency_links to ../../build/ejer2py/ejer2py.egg-info/dependency_links.txt
writing entry points to ../../build/ejer2py/ejer2py.egg-info/entry_points.txt
writing requirements to ../../build/ejer2py/ejer2py.egg-info/requires.txt
writing top-level names to ../../build/ejer2py/ejer2py.egg-info/top_level.txt
reading manifest file '../../build/ejer2py/ejer2py.egg-info/SOURCES.txt'
adding license file 'LICENSE'
writing manifest file '../../build/ejer2py/ejer2py.egg-info/SOURCES.txt'
running build
running build_py
running install
running install_lib
running install_data
running install_egg_info
removing '/home/kakurrix/Documents/Robotica/parcial1_ws/install/ejer2py/lib/python3.10/site-packages/ejer2py-0.0.0-py3.10.egg-info' (and everything under it)
Copying ../../build/ejer2py/ejer2py.egg-info to /home/kakurrix/Documents/Robotica/parcial1_ws/install/ejer2py/lib/python3.10/site-packages/ejer2py-0.0.0-py3.10.egg-info
running install_scripts
Installing pub1 script to /home/kakurrix/Documents/Robotica/parcial1_ws/install/ejer2py/lib/ejer2py
Installing pub2 script to /home/kakurrix/Documents/Robotica/parcial1_ws/install/ejer2py/lib/ejer2py
Installing pub3 script to /home/kakurrix/Documents/Robotica/parcial1_ws/install/ejer2py/lib/ejer2py
Installing pubsubprome script to /home/kakurrix/Documents/Robotica/parcial1_ws/install/ejer2py/lib/ejer2py
Installing versub script to /home/kakurrix/Documents/Robotica/parcial1_ws/install/ejer2py/lib/ejer2py
writing list of installed files to '/home/kakurrix/Documents/Robotica/parcial1_ws/build/ejer2py/install.log'
