running develop
running egg_info
creating ejer2py.egg-info
writing ejer2py.egg-info/PKG-INFO
writing dependency_links to ejer2py.egg-info/dependency_links.txt
writing entry points to ejer2py.egg-info/entry_points.txt
writing requirements to ejer2py.egg-info/requires.txt
writing top-level names to ejer2py.egg-info/top_level.txt
writing manifest file 'ejer2py.egg-info/SOURCES.txt'
reading manifest file 'ejer2py.egg-info/SOURCES.txt'
writing manifest file 'ejer2py.egg-info/SOURCES.txt'
running build_ext
Creating /home/kakurrix/Documents/Robotica/parcial1_ws/install/ejer2py/lib/python3.10/site-packages/ejer2py.egg-link (link to .)
Installing pub1 script to /home/kakurrix/Documents/Robotica/parcial1_ws/install/ejer2py/lib/ejer2py
Installing pub2 script to /home/kakurrix/Documents/Robotica/parcial1_ws/install/ejer2py/lib/ejer2py
Installing pub3 script to /home/kakurrix/Documents/Robotica/parcial1_ws/install/ejer2py/lib/ejer2py
Installing pubsubprome script to /home/kakurrix/Documents/Robotica/parcial1_ws/install/ejer2py/lib/ejer2py
Installing versub script to /home/kakurrix/Documents/Robotica/parcial1_ws/install/ejer2py/lib/ejer2py

Installed /home/kakurrix/Documents/Robotica/parcial1_ws/build/ejer2py
running symlink_data
creating /home/kakurrix/Documents/Robotica/parcial1_ws/install/ejer2py/share/ament_index
creating /home/kakurrix/Documents/Robotica/parcial1_ws/install/ejer2py/share/ament_index/resource_index
creating /home/kakurrix/Documents/Robotica/parcial1_ws/install/ejer2py/share/ament_index/resource_index/packages
symbolically linking /home/kakurrix/Documents/Robotica/parcial1_ws/build/ejer2py/resource/ejer2py -> /home/kakurrix/Documents/Robotica/parcial1_ws/install/ejer2py/share/ament_index/resource_index/packages
symbolically linking /home/kakurrix/Documents/Robotica/parcial1_ws/build/ejer2py/package.xml -> /home/kakurrix/Documents/Robotica/parcial1_ws/install/ejer2py/share/ejer2py
