[1.218s] Invoking command in '/home/kakurrix/Documents/Robotica/parcial1_ws/src/ejer2py': PYTHONPATH=/home/kakurrix/Documents/Robotica/parcial1_ws/build/ejer2py/prefix_override:/usr/lib/python3/dist-packages/colcon_core/task/python/colcon_distutils_commands:/home/kakurrix/Documents/Robotica/parcial1_ws/install/ejer2py/lib/python3.10/site-packages:${PYTHONPATH} /usr/bin/python3 -W ignore:setup.py install is deprecated -W ignore:easy_install command is deprecated setup.py egg_info --egg-base ../../build/ejer2py build --build-base /home/kakurrix/Documents/Robotica/parcial1_ws/build/ejer2py/build install --record /home/kakurrix/Documents/Robotica/parcial1_ws/build/ejer2py/install.log --single-version-externally-managed install_data
[1.476s] running egg_info
[1.476s] creating ../../build/ejer2py/ejer2py.egg-info
[1.477s] writing ../../build/ejer2py/ejer2py.egg-info/PKG-INFO
[1.477s] writing dependency_links to ../../build/ejer2py/ejer2py.egg-info/dependency_links.txt
[1.477s] writing entry points to ../../build/ejer2py/ejer2py.egg-info/entry_points.txt
[1.477s] writing requirements to ../../build/ejer2py/ejer2py.egg-info/requires.txt
[1.477s] writing top-level names to ../../build/ejer2py/ejer2py.egg-info/top_level.txt
[1.477s] writing manifest file '../../build/ejer2py/ejer2py.egg-info/SOURCES.txt'
[1.479s] reading manifest file '../../build/ejer2py/ejer2py.egg-info/SOURCES.txt'
[1.479s] adding license file 'LICENSE'
[1.480s] writing manifest file '../../build/ejer2py/ejer2py.egg-info/SOURCES.txt'
[1.480s] running build
[1.480s] running build_py
[1.480s] creating /home/kakurrix/Documents/Robotica/parcial1_ws/build/ejer2py/build
[1.480s] creating /home/kakurrix/Documents/Robotica/parcial1_ws/build/ejer2py/build/lib
[1.480s] creating /home/kakurrix/Documents/Robotica/parcial1_ws/build/ejer2py/build/lib/ejer2py
[1.481s] copying ejer2py/pubsubprome.py -> /home/kakurrix/Documents/Robotica/parcial1_ws/build/ejer2py/build/lib/ejer2py
[1.481s] copying ejer2py/pub2.py -> /home/kakurrix/Documents/Robotica/parcial1_ws/build/ejer2py/build/lib/ejer2py
[1.481s] copying ejer2py/pub1.py -> /home/kakurrix/Documents/Robotica/parcial1_ws/build/ejer2py/build/lib/ejer2py
[1.481s] copying ejer2py/pub3.py -> /home/kakurrix/Documents/Robotica/parcial1_ws/build/ejer2py/build/lib/ejer2py
[1.481s] copying ejer2py/__init__.py -> /home/kakurrix/Documents/Robotica/parcial1_ws/build/ejer2py/build/lib/ejer2py
[1.481s] copying ejer2py/versub.py -> /home/kakurrix/Documents/Robotica/parcial1_ws/build/ejer2py/build/lib/ejer2py
[1.481s] running install
[1.481s] running install_lib
[1.483s] running install_data
[1.483s] running install_egg_info
[1.485s] removing '/home/kakurrix/Documents/Robotica/parcial1_ws/install/ejer2py/lib/python3.10/site-packages/ejer2py-0.0.0-py3.10.egg-info' (and everything under it)
[1.485s] Copying ../../build/ejer2py/ejer2py.egg-info to /home/kakurrix/Documents/Robotica/parcial1_ws/install/ejer2py/lib/python3.10/site-packages/ejer2py-0.0.0-py3.10.egg-info
[1.486s] running install_scripts
[1.509s] Installing pub1 script to /home/kakurrix/Documents/Robotica/parcial1_ws/install/ejer2py/lib/ejer2py
[1.509s] Installing pub2 script to /home/kakurrix/Documents/Robotica/parcial1_ws/install/ejer2py/lib/ejer2py
[1.510s] Installing pub3 script to /home/kakurrix/Documents/Robotica/parcial1_ws/install/ejer2py/lib/ejer2py
[1.510s] Installing pubsubprome script to /home/kakurrix/Documents/Robotica/parcial1_ws/install/ejer2py/lib/ejer2py
[1.510s] Installing versub script to /home/kakurrix/Documents/Robotica/parcial1_ws/install/ejer2py/lib/ejer2py
[1.510s] writing list of installed files to '/home/kakurrix/Documents/Robotica/parcial1_ws/build/ejer2py/install.log'
[1.542s] Invoked command in '/home/kakurrix/Documents/Robotica/parcial1_ws/src/ejer2py' returned '0': PYTHONPATH=/home/kakurrix/Documents/Robotica/parcial1_ws/build/ejer2py/prefix_override:/usr/lib/python3/dist-packages/colcon_core/task/python/colcon_distutils_commands:/home/kakurrix/Documents/Robotica/parcial1_ws/install/ejer2py/lib/python3.10/site-packages:${PYTHONPATH} /usr/bin/python3 -W ignore:setup.py install is deprecated -W ignore:easy_install command is deprecated setup.py egg_info --egg-base ../../build/ejer2py build --build-base /home/kakurrix/Documents/Robotica/parcial1_ws/build/ejer2py/build install --record /home/kakurrix/Documents/Robotica/parcial1_ws/build/ejer2py/install.log --single-version-externally-managed install_data
