[0.008s] Invoking command in '/home/kakurrix/Documents/Robotica/ejemplo1_ws/build/ucb_interface': CMAKE_PREFIX_PATH=/opt/ros/humble /usr/bin/cmake /home/kakurrix/Documents/Robotica/ejemplo1_ws/src/ucb_interface -DCMAKE_INSTALL_PREFIX=/home/kakurrix/Documents/Robotica/ejemplo1_ws/install/ucb_interface
[0.078s] -- The C compiler identification is GNU 11.4.0
[0.142s] -- The CXX compiler identification is GNU 11.4.0
[0.149s] -- Detecting C compiler ABI info
[0.203s] -- Detecting C compiler ABI info - done
[0.209s] -- Check for working C compiler: /usr/bin/cc - skipped
[0.210s] -- Detecting C compile features
[0.210s] -- Detecting C compile features - done
[0.213s] -- Detecting CXX compiler ABI info
[0.271s] -- Detecting CXX compiler ABI info - done
[0.277s] -- Check for working CXX compiler: /usr/bin/c++ - skipped
[0.278s] -- Detecting CXX compile features
[0.278s] -- Detecting CXX compile features - done
[0.281s] -- Found ament_cmake: 1.3.11 (/opt/ros/humble/share/ament_cmake/cmake)
[0.397s] -- Found Python3: /usr/bin/python3 (found version "3.10.12") found components: Interpreter 
[0.470s] -- Found ament_lint_auto: 0.12.11 (/opt/ros/humble/share/ament_lint_auto/cmake)
[0.530s] -- Added test 'lint_cmake' to check CMake code style
[0.531s] -- Added test 'xmllint' to check XML markup files
[0.532s] -- Configuring done
[0.534s] -- Generating done
[0.536s] -- Build files have been written to: /home/kakurrix/Documents/Robotica/ejemplo1_ws/build/ucb_interface
[0.539s] Invoked command in '/home/kakurrix/Documents/Robotica/ejemplo1_ws/build/ucb_interface' returned '0': CMAKE_PREFIX_PATH=/opt/ros/humble /usr/bin/cmake /home/kakurrix/Documents/Robotica/ejemplo1_ws/src/ucb_interface -DCMAKE_INSTALL_PREFIX=/home/kakurrix/Documents/Robotica/ejemplo1_ws/install/ucb_interface
[0.540s] Invoking command in '/home/kakurrix/Documents/Robotica/ejemplo1_ws/build/ucb_interface': CMAKE_PREFIX_PATH=/opt/ros/humble /usr/bin/cmake --build /home/kakurrix/Documents/Robotica/ejemplo1_ws/build/ucb_interface -- -j8 -l8
[0.566s] Invoked command in '/home/kakurrix/Documents/Robotica/ejemplo1_ws/build/ucb_interface' returned '0': CMAKE_PREFIX_PATH=/opt/ros/humble /usr/bin/cmake --build /home/kakurrix/Documents/Robotica/ejemplo1_ws/build/ucb_interface -- -j8 -l8
[0.573s] Invoking command in '/home/kakurrix/Documents/Robotica/ejemplo1_ws/build/ucb_interface': CMAKE_PREFIX_PATH=/opt/ros/humble /usr/bin/cmake --install /home/kakurrix/Documents/Robotica/ejemplo1_ws/build/ucb_interface
[0.578s] -- Install configuration: ""
[0.578s] -- Installing: /home/kakurrix/Documents/Robotica/ejemplo1_ws/install/ucb_interface/share/ament_index/resource_index/package_run_dependencies/ucb_interface
[0.578s] -- Installing: /home/kakurrix/Documents/Robotica/ejemplo1_ws/install/ucb_interface/share/ament_index/resource_index/parent_prefix_path/ucb_interface
[0.578s] -- Installing: /home/kakurrix/Documents/Robotica/ejemplo1_ws/install/ucb_interface/share/ucb_interface/environment/ament_prefix_path.sh
[0.579s] -- Installing: /home/kakurrix/Documents/Robotica/ejemplo1_ws/install/ucb_interface/share/ucb_interface/environment/ament_prefix_path.dsv
[0.579s] -- Installing: /home/kakurrix/Documents/Robotica/ejemplo1_ws/install/ucb_interface/share/ucb_interface/environment/path.sh
[0.579s] -- Installing: /home/kakurrix/Documents/Robotica/ejemplo1_ws/install/ucb_interface/share/ucb_interface/environment/path.dsv
[0.579s] -- Installing: /home/kakurrix/Documents/Robotica/ejemplo1_ws/install/ucb_interface/share/ucb_interface/local_setup.bash
[0.579s] -- Installing: /home/kakurrix/Documents/Robotica/ejemplo1_ws/install/ucb_interface/share/ucb_interface/local_setup.sh
[0.579s] -- Installing: /home/kakurrix/Documents/Robotica/ejemplo1_ws/install/ucb_interface/share/ucb_interface/local_setup.zsh
[0.579s] -- Installing: /home/kakurrix/Documents/Robotica/ejemplo1_ws/install/ucb_interface/share/ucb_interface/local_setup.dsv
[0.579s] -- Installing: /home/kakurrix/Documents/Robotica/ejemplo1_ws/install/ucb_interface/share/ucb_interface/package.dsv
[0.579s] -- Installing: /home/kakurrix/Documents/Robotica/ejemplo1_ws/install/ucb_interface/share/ament_index/resource_index/packages/ucb_interface
[0.579s] -- Installing: /home/kakurrix/Documents/Robotica/ejemplo1_ws/install/ucb_interface/share/ucb_interface/cmake/ucb_interfaceConfig.cmake
[0.579s] -- Installing: /home/kakurrix/Documents/Robotica/ejemplo1_ws/install/ucb_interface/share/ucb_interface/cmake/ucb_interfaceConfig-version.cmake
[0.579s] -- Installing: /home/kakurrix/Documents/Robotica/ejemplo1_ws/install/ucb_interface/share/ucb_interface/package.xml
[0.581s] Invoked command in '/home/kakurrix/Documents/Robotica/ejemplo1_ws/build/ucb_interface' returned '0': CMAKE_PREFIX_PATH=/opt/ros/humble /usr/bin/cmake --install /home/kakurrix/Documents/Robotica/ejemplo1_ws/build/ucb_interface
