[0.987s] Invoking command in '/home/kakurrix/Documents/Robotica/parcial1_ws/build/ejer2py': PYTHONPATH=/home/kakurrix/Documents/Robotica/parcial1_ws/build/ejer2py/prefix_override:/usr/lib/python3/dist-packages/colcon_core/task/python/colcon_distutils_commands:/home/kakurrix/Documents/Robotica/parcial1_ws/install/ejer2py/lib/python3.10/site-packages:${PYTHONPATH} /usr/bin/python3 -W ignore:setup.py install is deprecated -W ignore:easy_install command is deprecated setup.py develop --uninstall --editable --build-directory /home/kakurrix/Documents/Robotica/parcial1_ws/build/ejer2py/build
[1.209s] running develop
[1.363s] Removing /home/kakurrix/Documents/Robotica/parcial1_ws/install/ejer2py/lib/python3.10/site-packages/ejer2py.egg-link (link to .)
[1.398s] Invoked command in '/home/kakurrix/Documents/Robotica/parcial1_ws/build/ejer2py' returned '0': PYTHONPATH=/home/kakurrix/Documents/Robotica/parcial1_ws/build/ejer2py/prefix_override:/usr/lib/python3/dist-packages/colcon_core/task/python/colcon_distutils_commands:/home/kakurrix/Documents/Robotica/parcial1_ws/install/ejer2py/lib/python3.10/site-packages:${PYTHONPATH} /usr/bin/python3 -W ignore:setup.py install is deprecated -W ignore:easy_install command is deprecated setup.py develop --uninstall --editable --build-directory /home/kakurrix/Documents/Robotica/parcial1_ws/build/ejer2py/build
[1.399s] Invoking command in '/home/kakurrix/Documents/Robotica/parcial1_ws/src/ejer2py': PYTHONPATH=/home/kakurrix/Documents/Robotica/parcial1_ws/build/ejer2py/prefix_override:/usr/lib/python3/dist-packages/colcon_core/task/python/colcon_distutils_commands:/home/kakurrix/Documents/Robotica/parcial1_ws/install/ejer2py/lib/python3.10/site-packages:${PYTHONPATH} /usr/bin/python3 -W ignore:setup.py install is deprecated -W ignore:easy_install command is deprecated setup.py egg_info --egg-base ../../build/ejer2py build --build-base /home/kakurrix/Documents/Robotica/parcial1_ws/build/ejer2py/build install --record /home/kakurrix/Documents/Robotica/parcial1_ws/build/ejer2py/install.log --single-version-externally-managed install_data --force
[1.631s] running egg_info
[1.631s] writing ../../build/ejer2py/ejer2py.egg-info/PKG-INFO
[1.631s] writing dependency_links to ../../build/ejer2py/ejer2py.egg-info/dependency_links.txt
[1.632s] writing entry points to ../../build/ejer2py/ejer2py.egg-info/entry_points.txt
[1.632s] writing requirements to ../../build/ejer2py/ejer2py.egg-info/requires.txt
[1.633s] writing top-level names to ../../build/ejer2py/ejer2py.egg-info/top_level.txt
[1.636s] reading manifest file '../../build/ejer2py/ejer2py.egg-info/SOURCES.txt'
[1.638s] adding license file 'LICENSE'
[1.638s] writing manifest file '../../build/ejer2py/ejer2py.egg-info/SOURCES.txt'
[1.638s] running build
[1.638s] running build_py
[1.638s] creating /home/kakurrix/Documents/Robotica/parcial1_ws/build/ejer2py/build
[1.641s] creating /home/kakurrix/Documents/Robotica/parcial1_ws/build/ejer2py/build/lib
[1.641s] creating /home/kakurrix/Documents/Robotica/parcial1_ws/build/ejer2py/build/lib/ejer2py
[1.641s] copying ejer2py/pubsubprome.py -> /home/kakurrix/Documents/Robotica/parcial1_ws/build/ejer2py/build/lib/ejer2py
[1.641s] copying ejer2py/pub2.py -> /home/kakurrix/Documents/Robotica/parcial1_ws/build/ejer2py/build/lib/ejer2py
[1.642s] copying ejer2py/pub1.py -> /home/kakurrix/Documents/Robotica/parcial1_ws/build/ejer2py/build/lib/ejer2py
[1.642s] copying ejer2py/pub3.py -> /home/kakurrix/Documents/Robotica/parcial1_ws/build/ejer2py/build/lib/ejer2py
[1.642s] copying ejer2py/__init__.py -> /home/kakurrix/Documents/Robotica/parcial1_ws/build/ejer2py/build/lib/ejer2py
[1.642s] copying ejer2py/versub.py -> /home/kakurrix/Documents/Robotica/parcial1_ws/build/ejer2py/build/lib/ejer2py
[1.642s] running install
[1.642s] running install_lib
[1.643s] creating /home/kakurrix/Documents/Robotica/parcial1_ws/install/ejer2py/lib/python3.10/site-packages/ejer2py
[1.643s] copying /home/kakurrix/Documents/Robotica/parcial1_ws/build/ejer2py/build/lib/ejer2py/pubsubprome.py -> /home/kakurrix/Documents/Robotica/parcial1_ws/install/ejer2py/lib/python3.10/site-packages/ejer2py
[1.643s] copying /home/kakurrix/Documents/Robotica/parcial1_ws/build/ejer2py/build/lib/ejer2py/pub2.py -> /home/kakurrix/Documents/Robotica/parcial1_ws/install/ejer2py/lib/python3.10/site-packages/ejer2py
[1.643s] copying /home/kakurrix/Documents/Robotica/parcial1_ws/build/ejer2py/build/lib/ejer2py/pub1.py -> /home/kakurrix/Documents/Robotica/parcial1_ws/install/ejer2py/lib/python3.10/site-packages/ejer2py
[1.643s] copying /home/kakurrix/Documents/Robotica/parcial1_ws/build/ejer2py/build/lib/ejer2py/pub3.py -> /home/kakurrix/Documents/Robotica/parcial1_ws/install/ejer2py/lib/python3.10/site-packages/ejer2py
[1.643s] copying /home/kakurrix/Documents/Robotica/parcial1_ws/build/ejer2py/build/lib/ejer2py/__init__.py -> /home/kakurrix/Documents/Robotica/parcial1_ws/install/ejer2py/lib/python3.10/site-packages/ejer2py
[1.643s] copying /home/kakurrix/Documents/Robotica/parcial1_ws/build/ejer2py/build/lib/ejer2py/versub.py -> /home/kakurrix/Documents/Robotica/parcial1_ws/install/ejer2py/lib/python3.10/site-packages/ejer2py
[1.643s] byte-compiling /home/kakurrix/Documents/Robotica/parcial1_ws/install/ejer2py/lib/python3.10/site-packages/ejer2py/pubsubprome.py to pubsubprome.cpython-310.pyc
[1.644s] byte-compiling /home/kakurrix/Documents/Robotica/parcial1_ws/install/ejer2py/lib/python3.10/site-packages/ejer2py/pub2.py to pub2.cpython-310.pyc
[1.644s] byte-compiling /home/kakurrix/Documents/Robotica/parcial1_ws/install/ejer2py/lib/python3.10/site-packages/ejer2py/pub1.py to pub1.cpython-310.pyc
[1.645s] byte-compiling /home/kakurrix/Documents/Robotica/parcial1_ws/install/ejer2py/lib/python3.10/site-packages/ejer2py/pub3.py to pub3.cpython-310.pyc
[1.646s] byte-compiling /home/kakurrix/Documents/Robotica/parcial1_ws/install/ejer2py/lib/python3.10/site-packages/ejer2py/__init__.py to __init__.cpython-310.pyc
[1.646s] byte-compiling /home/kakurrix/Documents/Robotica/parcial1_ws/install/ejer2py/lib/python3.10/site-packages/ejer2py/versub.py to versub.cpython-310.pyc
[1.646s] running install_data
[1.646s] copying resource/ejer2py -> /home/kakurrix/Documents/Robotica/parcial1_ws/install/ejer2py/share/ament_index/resource_index/packages
[1.646s] copying package.xml -> /home/kakurrix/Documents/Robotica/parcial1_ws/install/ejer2py/share/ejer2py
[1.646s] running install_egg_info
[1.650s] Copying ../../build/ejer2py/ejer2py.egg-info to /home/kakurrix/Documents/Robotica/parcial1_ws/install/ejer2py/lib/python3.10/site-packages/ejer2py-0.0.0-py3.10.egg-info
[1.651s] running install_scripts
[1.681s] Installing pub1 script to /home/kakurrix/Documents/Robotica/parcial1_ws/install/ejer2py/lib/ejer2py
[1.681s] Installing pub2 script to /home/kakurrix/Documents/Robotica/parcial1_ws/install/ejer2py/lib/ejer2py
[1.681s] Installing pub3 script to /home/kakurrix/Documents/Robotica/parcial1_ws/install/ejer2py/lib/ejer2py
[1.681s] Installing pubsubprome script to /home/kakurrix/Documents/Robotica/parcial1_ws/install/ejer2py/lib/ejer2py
[1.681s] Installing versub script to /home/kakurrix/Documents/Robotica/parcial1_ws/install/ejer2py/lib/ejer2py
[1.681s] writing list of installed files to '/home/kakurrix/Documents/Robotica/parcial1_ws/build/ejer2py/install.log'
[1.726s] Invoked command in '/home/kakurrix/Documents/Robotica/parcial1_ws/src/ejer2py' returned '0': PYTHONPATH=/home/kakurrix/Documents/Robotica/parcial1_ws/build/ejer2py/prefix_override:/usr/lib/python3/dist-packages/colcon_core/task/python/colcon_distutils_commands:/home/kakurrix/Documents/Robotica/parcial1_ws/install/ejer2py/lib/python3.10/site-packages:${PYTHONPATH} /usr/bin/python3 -W ignore:setup.py install is deprecated -W ignore:easy_install command is deprecated setup.py egg_info --egg-base ../../build/ejer2py build --build-base /home/kakurrix/Documents/Robotica/parcial1_ws/build/ejer2py/build install --record /home/kakurrix/Documents/Robotica/parcial1_ws/build/ejer2py/install.log --single-version-externally-managed install_data --force
