[1.251s] Invoking command in '/home/kakurrix/Documents/Robotica/parcial1_ws/src/ejer3py': PYTHONPATH=/home/kakurrix/Documents/Robotica/parcial1_ws/build/ejer3py/prefix_override:/usr/lib/python3/dist-packages/colcon_core/task/python/colcon_distutils_commands:/home/kakurrix/Documents/Robotica/parcial1_ws/install/ejer3py/lib/python3.10/site-packages:${PYTHONPATH} /usr/bin/python3 -W ignore:setup.py install is deprecated -W ignore:easy_install command is deprecated setup.py egg_info --egg-base ../../build/ejer3py build --build-base /home/kakurrix/Documents/Robotica/parcial1_ws/build/ejer3py/build install --record /home/kakurrix/Documents/Robotica/parcial1_ws/build/ejer3py/install.log --single-version-externally-managed install_data
[1.540s] running egg_info
[1.540s] writing ../../build/ejer3py/ejer3py.egg-info/PKG-INFO
[1.541s] writing dependency_links to ../../build/ejer3py/ejer3py.egg-info/dependency_links.txt
[1.541s] writing entry points to ../../build/ejer3py/ejer3py.egg-info/entry_points.txt
[1.541s] writing requirements to ../../build/ejer3py/ejer3py.egg-info/requires.txt
[1.541s] writing top-level names to ../../build/ejer3py/ejer3py.egg-info/top_level.txt
[1.543s] reading manifest file '../../build/ejer3py/ejer3py.egg-info/SOURCES.txt'
[1.543s] adding license file 'LICENSE'
[1.544s] writing manifest file '../../build/ejer3py/ejer3py.egg-info/SOURCES.txt'
[1.544s] running build
[1.544s] running build_py
[1.544s] copying ejer3py/cinematicaserv.py -> /home/kakurrix/Documents/Robotica/parcial1_ws/build/ejer3py/build/lib/ejer3py
[1.544s] copying ejer3py/cliente.py -> /home/kakurrix/Documents/Robotica/parcial1_ws/build/ejer3py/build/lib/ejer3py
[1.545s] running install
[1.546s] running install_lib
[1.547s] copying /home/kakurrix/Documents/Robotica/parcial1_ws/build/ejer3py/build/lib/ejer3py/cinematicaserv.py -> /home/kakurrix/Documents/Robotica/parcial1_ws/install/ejer3py/lib/python3.10/site-packages/ejer3py
[1.547s] copying /home/kakurrix/Documents/Robotica/parcial1_ws/build/ejer3py/build/lib/ejer3py/cliente.py -> /home/kakurrix/Documents/Robotica/parcial1_ws/install/ejer3py/lib/python3.10/site-packages/ejer3py
[1.547s] byte-compiling /home/kakurrix/Documents/Robotica/parcial1_ws/install/ejer3py/lib/python3.10/site-packages/ejer3py/cinematicaserv.py to cinematicaserv.cpython-310.pyc
[1.549s] byte-compiling /home/kakurrix/Documents/Robotica/parcial1_ws/install/ejer3py/lib/python3.10/site-packages/ejer3py/cliente.py to cliente.cpython-310.pyc
[1.549s] running install_data
[1.549s] running install_egg_info
[1.551s] removing '/home/kakurrix/Documents/Robotica/parcial1_ws/install/ejer3py/lib/python3.10/site-packages/ejer3py-0.0.0-py3.10.egg-info' (and everything under it)
[1.552s] Copying ../../build/ejer3py/ejer3py.egg-info to /home/kakurrix/Documents/Robotica/parcial1_ws/install/ejer3py/lib/python3.10/site-packages/ejer3py-0.0.0-py3.10.egg-info
[1.553s] running install_scripts
[1.577s] Installing cinematicaserv script to /home/kakurrix/Documents/Robotica/parcial1_ws/install/ejer3py/lib/ejer3py
[1.577s] Installing cliente script to /home/kakurrix/Documents/Robotica/parcial1_ws/install/ejer3py/lib/ejer3py
[1.578s] writing list of installed files to '/home/kakurrix/Documents/Robotica/parcial1_ws/build/ejer3py/install.log'
[1.610s] Invoked command in '/home/kakurrix/Documents/Robotica/parcial1_ws/src/ejer3py' returned '0': PYTHONPATH=/home/kakurrix/Documents/Robotica/parcial1_ws/build/ejer3py/prefix_override:/usr/lib/python3/dist-packages/colcon_core/task/python/colcon_distutils_commands:/home/kakurrix/Documents/Robotica/parcial1_ws/install/ejer3py/lib/python3.10/site-packages:${PYTHONPATH} /usr/bin/python3 -W ignore:setup.py install is deprecated -W ignore:easy_install command is deprecated setup.py egg_info --egg-base ../../build/ejer3py build --build-base /home/kakurrix/Documents/Robotica/parcial1_ws/build/ejer3py/build install --record /home/kakurrix/Documents/Robotica/parcial1_ws/build/ejer3py/install.log --single-version-externally-managed install_data
