running egg_info
creating ../../build/publicador/publicador.egg-info
writing ../../build/publicador/publicador.egg-info/PKG-INFO
writing dependency_links to ../../build/publicador/publicador.egg-info/dependency_links.txt
writing entry points to ../../build/publicador/publicador.egg-info/entry_points.txt
writing requirements to ../../build/publicador/publicador.egg-info/requires.txt
writing top-level names to ../../build/publicador/publicador.egg-info/top_level.txt
writing manifest file '../../build/publicador/publicador.egg-info/SOURCES.txt'
reading manifest file '../../build/publicador/publicador.egg-info/SOURCES.txt'
writing manifest file '../../build/publicador/publicador.egg-info/SOURCES.txt'
running build
running build_py
creating /home/kakurrix/Documents/Robotica/parcial1_ws/build/publicador/build
creating /home/kakurrix/Documents/Robotica/parcial1_ws/build/publicador/build/lib
creating /home/kakurrix/Documents/Robotica/parcial1_ws/build/publicador/build/lib/publicador
copying publicador/sus_bin.py -> /home/kakurrix/Documents/Robotica/parcial1_ws/build/publicador/build/lib/publicador
copying publicador/__init__.py -> /home/kakurrix/Documents/Robotica/parcial1_ws/build/publicador/build/lib/publicador
copying publicador/pub_bin.py -> /home/kakurrix/Documents/Robotica/parcial1_ws/build/publicador/build/lib/publicador
running install
running install_lib
running install_data
running install_egg_info
removing '/home/kakurrix/Documents/Robotica/parcial1_ws/install/publicador/lib/python3.10/site-packages/publicador-0.0.0-py3.10.egg-info' (and everything under it)
Copying ../../build/publicador/publicador.egg-info to /home/kakurrix/Documents/Robotica/parcial1_ws/install/publicador/lib/python3.10/site-packages/publicador-0.0.0-py3.10.egg-info
running install_scripts
Installing pub_bin script to /home/kakurrix/Documents/Robotica/parcial1_ws/install/publicador/lib/publicador
Installing sus_bin script to /home/kakurrix/Documents/Robotica/parcial1_ws/install/publicador/lib/publicador
writing list of installed files to '/home/kakurrix/Documents/Robotica/parcial1_ws/build/publicador/install.log'
