[0.450s] Invoking command in '/home/kakurrix/Documents/Robotica/parcial1_ws/build/mensaje': CMAKE_PREFIX_PATH=${CMAKE_PREFIX_PATH}:/home/kakurrix/Documents/Robotica/parcial1_ws/install/publicador:/home/kakurrix/Documents/Robotica/parcial1_ws/install/ejer3py:/home/kakurrix/Documents/Robotica/parcial1_ws/install/ejer2py:/opt/ros/humble /usr/bin/cmake /home/kakurrix/Documents/Robotica/parcial1_ws/src/mensaje -DCMAKE_INSTALL_PREFIX=/home/kakurrix/Documents/Robotica/parcial1_ws/install/mensaje
[0.459s] -- Found ament_cmake: 1.3.11 (/opt/ros/humble/share/ament_cmake/cmake)
[0.563s] -- Override CMake install command with custom implementation using symlinks instead of copying resources
[0.568s] -- Found geometry_msgs: 4.2.4 (/opt/ros/humble/share/geometry_msgs/cmake)
[0.587s] -- Found rosidl_generator_c: 3.1.6 (/opt/ros/humble/share/rosidl_generator_c/cmake)
[0.589s] -- Found rosidl_adapter: 3.1.6 (/opt/ros/humble/share/rosidl_adapter/cmake)
[0.594s] -- Found rosidl_generator_cpp: 3.1.6 (/opt/ros/humble/share/rosidl_generator_cpp/cmake)
[0.602s] -- Using all available rosidl_typesupport_c: rosidl_typesupport_fastrtps_c;rosidl_typesupport_introspection_c
[0.612s] -- Using all available rosidl_typesupport_cpp: rosidl_typesupport_fastrtps_cpp;rosidl_typesupport_introspection_cpp
[0.643s] -- Found rosidl_default_generators: 1.2.0 (/opt/ros/humble/share/rosidl_default_generators/cmake)
[0.899s] -- Found ament_cmake_ros: 0.10.0 (/opt/ros/humble/share/ament_cmake_ros/cmake)
[1.260s] -- Using all available rosidl_typesupport_c: rosidl_typesupport_fastrtps_c;rosidl_typesupport_introspection_c
[1.418s] -- Using all available rosidl_typesupport_cpp: rosidl_typesupport_fastrtps_cpp;rosidl_typesupport_introspection_cpp
[1.439s] -- Found python_cmake_module: 0.10.0 (/opt/ros/humble/share/python_cmake_module/cmake)
[1.459s] -- Using PYTHON_EXECUTABLE: /usr/bin/python3
[1.459s] -- Using PYTHON_INCLUDE_DIRS: /usr/include/python3.10
[1.459s] -- Using PYTHON_LIBRARIES: /usr/lib/x86_64-linux-gnu/libpython3.10.so
[1.491s] -- Found ament_lint_auto: 0.12.11 (/opt/ros/humble/share/ament_lint_auto/cmake)
[1.500s] -- Added test 'lint_cmake' to check CMake code style
[1.501s] -- Added test 'xmllint' to check XML markup files
[1.503s] -- Configuring done
[1.533s] -- Generating done
[1.543s] -- Build files have been written to: /home/kakurrix/Documents/Robotica/parcial1_ws/build/mensaje
[1.549s] Invoked command in '/home/kakurrix/Documents/Robotica/parcial1_ws/build/mensaje' returned '0': CMAKE_PREFIX_PATH=${CMAKE_PREFIX_PATH}:/home/kakurrix/Documents/Robotica/parcial1_ws/install/publicador:/home/kakurrix/Documents/Robotica/parcial1_ws/install/ejer3py:/home/kakurrix/Documents/Robotica/parcial1_ws/install/ejer2py:/opt/ros/humble /usr/bin/cmake /home/kakurrix/Documents/Robotica/parcial1_ws/src/mensaje -DCMAKE_INSTALL_PREFIX=/home/kakurrix/Documents/Robotica/parcial1_ws/install/mensaje
[1.551s] Invoking command in '/home/kakurrix/Documents/Robotica/parcial1_ws/build/mensaje': CMAKE_PREFIX_PATH=${CMAKE_PREFIX_PATH}:/home/kakurrix/Documents/Robotica/parcial1_ws/install/publicador:/home/kakurrix/Documents/Robotica/parcial1_ws/install/ejer3py:/home/kakurrix/Documents/Robotica/parcial1_ws/install/ejer2py:/opt/ros/humble /usr/bin/cmake --build /home/kakurrix/Documents/Robotica/parcial1_ws/build/mensaje -- -j8 -l8
[1.584s] [35m[1mConsolidate compiler generated dependencies of target mensaje__rosidl_generator_c[0m
[1.593s] [ 10%] Built target mensaje__rosidl_generator_c
[1.594s] [ 12%] Built target mensaje__cpp
[1.608s] [35m[1mConsolidate compiler generated dependencies of target mensaje__rosidl_typesupport_introspection_c[0m
[1.608s] [35m[1mConsolidate compiler generated dependencies of target mensaje__rosidl_typesupport_fastrtps_c[0m
[1.608s] [ 12%] Built target ament_cmake_python_symlink_mensaje
[1.608s] [35m[1mConsolidate compiler generated dependencies of target mensaje__rosidl_typesupport_introspection_cpp[0m
[1.615s] [35m[1mConsolidate compiler generated dependencies of target mensaje__rosidl_typesupport_c[0m
[1.625s] [ 23%] Built target mensaje__rosidl_typesupport_introspection_c
[1.631s] [35m[1mConsolidate compiler generated dependencies of target mensaje__rosidl_typesupport_cpp[0m
[1.632s] [ 33%] Built target mensaje__rosidl_typesupport_introspection_cpp
[1.634s] [35m[1mConsolidate compiler generated dependencies of target mensaje__rosidl_typesupport_fastrtps_cpp[0m
[1.635s] [ 53%] Built target mensaje__rosidl_typesupport_fastrtps_c
[1.635s] [ 53%] Built target mensaje__rosidl_typesupport_c
[1.648s] [ 64%] Built target mensaje__rosidl_typesupport_cpp
[1.651s] [ 74%] Built target mensaje__rosidl_typesupport_fastrtps_cpp
[1.669s] [ 74%] Built target mensaje
[1.685s] [ 76%] Built target mensaje__py
[1.697s] [35m[1mConsolidate compiler generated dependencies of target mensaje__rosidl_generator_py[0m
[1.706s] [ 84%] Built target mensaje__rosidl_generator_py
[1.717s] [35m[1mConsolidate compiler generated dependencies of target mensaje__rosidl_typesupport_fastrtps_c__pyext[0m
[1.717s] [35m[1mConsolidate compiler generated dependencies of target mensaje__rosidl_typesupport_introspection_c__pyext[0m
[1.717s] [35m[1mConsolidate compiler generated dependencies of target mensaje__rosidl_typesupport_c__pyext[0m
[1.729s] [ 89%] Built target mensaje__rosidl_typesupport_introspection_c__pyext
[1.730s] [ 94%] Built target mensaje__rosidl_typesupport_fastrtps_c__pyext
[1.732s] [100%] Built target mensaje__rosidl_typesupport_c__pyext
[1.879s] running egg_info
[1.879s] writing mensaje.egg-info/PKG-INFO
[1.880s] writing dependency_links to mensaje.egg-info/dependency_links.txt
[1.880s] writing top-level names to mensaje.egg-info/top_level.txt
[1.881s] reading manifest file 'mensaje.egg-info/SOURCES.txt'
[1.882s] writing manifest file 'mensaje.egg-info/SOURCES.txt'
[1.902s] [100%] Built target ament_cmake_python_build_mensaje_egg
[1.910s] Invoked command in '/home/kakurrix/Documents/Robotica/parcial1_ws/build/mensaje' returned '0': CMAKE_PREFIX_PATH=${CMAKE_PREFIX_PATH}:/home/kakurrix/Documents/Robotica/parcial1_ws/install/publicador:/home/kakurrix/Documents/Robotica/parcial1_ws/install/ejer3py:/home/kakurrix/Documents/Robotica/parcial1_ws/install/ejer2py:/opt/ros/humble /usr/bin/cmake --build /home/kakurrix/Documents/Robotica/parcial1_ws/build/mensaje -- -j8 -l8
[1.917s] Invoking command in '/home/kakurrix/Documents/Robotica/parcial1_ws/build/mensaje': CMAKE_PREFIX_PATH=${CMAKE_PREFIX_PATH}:/home/kakurrix/Documents/Robotica/parcial1_ws/install/publicador:/home/kakurrix/Documents/Robotica/parcial1_ws/install/ejer3py:/home/kakurrix/Documents/Robotica/parcial1_ws/install/ejer2py:/opt/ros/humble /usr/bin/cmake --install /home/kakurrix/Documents/Robotica/parcial1_ws/build/mensaje
[1.923s] -- Install configuration: ""
[1.923s] -- Execute custom install script
[1.924s] -- Up-to-date symlink: /home/kakurrix/Documents/Robotica/parcial1_ws/install/mensaje/share/ament_index/resource_index/rosidl_interfaces/mensaje
[1.924s] -- Up-to-date symlink: /home/kakurrix/Documents/Robotica/parcial1_ws/install/mensaje/include/mensaje/mensaje/msg/detail/num__functions.h
[1.924s] -- Up-to-date symlink: /home/kakurrix/Documents/Robotica/parcial1_ws/install/mensaje/include/mensaje/mensaje/msg/detail/num__struct.h
[1.924s] -- Up-to-date symlink: /home/kakurrix/Documents/Robotica/parcial1_ws/install/mensaje/include/mensaje/mensaje/msg/detail/num__type_support.h
[1.924s] -- Up-to-date symlink: /home/kakurrix/Documents/Robotica/parcial1_ws/install/mensaje/include/mensaje/mensaje/msg/num.h
[1.924s] -- Up-to-date symlink: /home/kakurrix/Documents/Robotica/parcial1_ws/install/mensaje/include/mensaje/mensaje/msg/rosidl_generator_c__visibility_control.h
[1.924s] -- Up-to-date symlink: /home/kakurrix/Documents/Robotica/parcial1_ws/install/mensaje/include/mensaje/mensaje/srv/detail/kinematics__functions.h
[1.924s] -- Up-to-date symlink: /home/kakurrix/Documents/Robotica/parcial1_ws/install/mensaje/include/mensaje/mensaje/srv/detail/kinematics__struct.h
[1.925s] -- Up-to-date symlink: /home/kakurrix/Documents/Robotica/parcial1_ws/install/mensaje/include/mensaje/mensaje/srv/detail/kinematics__type_support.h
[1.925s] -- Up-to-date symlink: /home/kakurrix/Documents/Robotica/parcial1_ws/install/mensaje/include/mensaje/mensaje/srv/kinematics.h
[1.925s] -- Up-to-date symlink: /home/kakurrix/Documents/Robotica/parcial1_ws/install/mensaje/share/mensaje/environment/library_path.sh
[1.925s] -- Up-to-date symlink: /home/kakurrix/Documents/Robotica/parcial1_ws/install/mensaje/share/mensaje/environment/library_path.dsv
[1.925s] -- Up-to-date symlink: /home/kakurrix/Documents/Robotica/parcial1_ws/install/mensaje/include/mensaje/mensaje/msg/detail/num__rosidl_typesupport_fastrtps_c.h
[1.925s] -- Up-to-date symlink: /home/kakurrix/Documents/Robotica/parcial1_ws/install/mensaje/include/mensaje/mensaje/msg/rosidl_typesupport_fastrtps_c__visibility_control.h
[1.925s] -- Up-to-date symlink: /home/kakurrix/Documents/Robotica/parcial1_ws/install/mensaje/include/mensaje/mensaje/srv/detail/kinematics__rosidl_typesupport_fastrtps_c.h
[1.926s] -- Up-to-date symlink: /home/kakurrix/Documents/Robotica/parcial1_ws/install/mensaje/include/mensaje/mensaje/msg/detail/num__builder.hpp
[1.926s] -- Up-to-date symlink: /home/kakurrix/Documents/Robotica/parcial1_ws/install/mensaje/include/mensaje/mensaje/msg/detail/num__struct.hpp
[1.926s] -- Up-to-date symlink: /home/kakurrix/Documents/Robotica/parcial1_ws/install/mensaje/include/mensaje/mensaje/msg/detail/num__traits.hpp
[1.926s] -- Up-to-date symlink: /home/kakurrix/Documents/Robotica/parcial1_ws/install/mensaje/include/mensaje/mensaje/msg/detail/num__type_support.hpp
[1.926s] -- Up-to-date symlink: /home/kakurrix/Documents/Robotica/parcial1_ws/install/mensaje/include/mensaje/mensaje/msg/num.hpp
[1.926s] -- Up-to-date symlink: /home/kakurrix/Documents/Robotica/parcial1_ws/install/mensaje/include/mensaje/mensaje/msg/rosidl_generator_cpp__visibility_control.hpp
[1.926s] -- Up-to-date symlink: /home/kakurrix/Documents/Robotica/parcial1_ws/install/mensaje/include/mensaje/mensaje/srv/detail/kinematics__builder.hpp
[1.927s] -- Up-to-date symlink: /home/kakurrix/Documents/Robotica/parcial1_ws/install/mensaje/include/mensaje/mensaje/srv/detail/kinematics__struct.hpp
[1.927s] -- Up-to-date symlink: /home/kakurrix/Documents/Robotica/parcial1_ws/install/mensaje/include/mensaje/mensaje/srv/detail/kinematics__traits.hpp
[1.927s] -- Up-to-date symlink: /home/kakurrix/Documents/Robotica/parcial1_ws/install/mensaje/include/mensaje/mensaje/srv/detail/kinematics__type_support.hpp
[1.927s] -- Up-to-date symlink: /home/kakurrix/Documents/Robotica/parcial1_ws/install/mensaje/include/mensaje/mensaje/srv/kinematics.hpp
[1.927s] -- Up-to-date symlink: /home/kakurrix/Documents/Robotica/parcial1_ws/install/mensaje/include/mensaje/mensaje/msg/detail/num__rosidl_typesupport_fastrtps_cpp.hpp
[1.927s] -- Up-to-date symlink: /home/kakurrix/Documents/Robotica/parcial1_ws/install/mensaje/include/mensaje/mensaje/msg/rosidl_typesupport_fastrtps_cpp__visibility_control.h
[1.927s] -- Up-to-date symlink: /home/kakurrix/Documents/Robotica/parcial1_ws/install/mensaje/include/mensaje/mensaje/srv/detail/kinematics__rosidl_typesupport_fastrtps_cpp.hpp
[1.928s] -- Up-to-date symlink: /home/kakurrix/Documents/Robotica/parcial1_ws/install/mensaje/include/mensaje/mensaje/msg/detail/num__rosidl_typesupport_introspection_c.h
[1.928s] -- Up-to-date symlink: /home/kakurrix/Documents/Robotica/parcial1_ws/install/mensaje/include/mensaje/mensaje/msg/rosidl_typesupport_introspection_c__visibility_control.h
[1.928s] -- Up-to-date symlink: /home/kakurrix/Documents/Robotica/parcial1_ws/install/mensaje/include/mensaje/mensaje/srv/detail/kinematics__rosidl_typesupport_introspection_c.h
[1.928s] -- Up-to-date symlink: /home/kakurrix/Documents/Robotica/parcial1_ws/install/mensaje/include/mensaje/mensaje/msg/detail/num__rosidl_typesupport_introspection_cpp.hpp
[1.928s] -- Up-to-date symlink: /home/kakurrix/Documents/Robotica/parcial1_ws/install/mensaje/include/mensaje/mensaje/srv/detail/kinematics__rosidl_typesupport_introspection_cpp.hpp
[1.928s] -- Up-to-date symlink: /home/kakurrix/Documents/Robotica/parcial1_ws/install/mensaje/share/mensaje/environment/pythonpath.sh
[1.929s] -- Up-to-date symlink: /home/kakurrix/Documents/Robotica/parcial1_ws/install/mensaje/share/mensaje/environment/pythonpath.dsv
[1.929s] -- Up-to-date symlink: /home/kakurrix/Documents/Robotica/parcial1_ws/install/mensaje/local/lib/python3.10/dist-packages/mensaje-0.0.0-py3.10.egg-info/PKG-INFO
[1.929s] -- Up-to-date symlink: /home/kakurrix/Documents/Robotica/parcial1_ws/install/mensaje/local/lib/python3.10/dist-packages/mensaje-0.0.0-py3.10.egg-info/SOURCES.txt
[1.929s] -- Up-to-date symlink: /home/kakurrix/Documents/Robotica/parcial1_ws/install/mensaje/local/lib/python3.10/dist-packages/mensaje-0.0.0-py3.10.egg-info/dependency_links.txt
[1.929s] -- Up-to-date symlink: /home/kakurrix/Documents/Robotica/parcial1_ws/install/mensaje/local/lib/python3.10/dist-packages/mensaje-0.0.0-py3.10.egg-info/top_level.txt
[1.930s] -- Up-to-date symlink: /home/kakurrix/Documents/Robotica/parcial1_ws/install/mensaje/local/lib/python3.10/dist-packages/mensaje/__init__.py
[1.930s] -- Up-to-date symlink: /home/kakurrix/Documents/Robotica/parcial1_ws/install/mensaje/local/lib/python3.10/dist-packages/mensaje/_mensaje_s.ep.rosidl_typesupport_c.c
[1.930s] -- Up-to-date symlink: /home/kakurrix/Documents/Robotica/parcial1_ws/install/mensaje/local/lib/python3.10/dist-packages/mensaje/_mensaje_s.ep.rosidl_typesupport_fastrtps_c.c
[1.930s] -- Up-to-date symlink: /home/kakurrix/Documents/Robotica/parcial1_ws/install/mensaje/local/lib/python3.10/dist-packages/mensaje/_mensaje_s.ep.rosidl_typesupport_introspection_c.c
[1.930s] -- Up-to-date symlink: /home/kakurrix/Documents/Robotica/parcial1_ws/install/mensaje/local/lib/python3.10/dist-packages/mensaje/libmensaje__rosidl_generator_py.so
[1.930s] -- Up-to-date symlink: /home/kakurrix/Documents/Robotica/parcial1_ws/install/mensaje/local/lib/python3.10/dist-packages/mensaje/mensaje_s__rosidl_typesupport_c.cpython-310-x86_64-linux-gnu.so
[1.930s] -- Up-to-date symlink: /home/kakurrix/Documents/Robotica/parcial1_ws/install/mensaje/local/lib/python3.10/dist-packages/mensaje/mensaje_s__rosidl_typesupport_fastrtps_c.cpython-310-x86_64-linux-gnu.so
[1.930s] -- Up-to-date symlink: /home/kakurrix/Documents/Robotica/parcial1_ws/install/mensaje/local/lib/python3.10/dist-packages/mensaje/mensaje_s__rosidl_typesupport_introspection_c.cpython-310-x86_64-linux-gnu.so
[1.930s] -- Up-to-date symlink: /home/kakurrix/Documents/Robotica/parcial1_ws/install/mensaje/local/lib/python3.10/dist-packages/mensaje/msg/__init__.py
[1.930s] -- Up-to-date symlink: /home/kakurrix/Documents/Robotica/parcial1_ws/install/mensaje/local/lib/python3.10/dist-packages/mensaje/msg/_num.py
[1.931s] -- Up-to-date symlink: /home/kakurrix/Documents/Robotica/parcial1_ws/install/mensaje/local/lib/python3.10/dist-packages/mensaje/msg/_num_s.c
[1.931s] -- Up-to-date symlink: /home/kakurrix/Documents/Robotica/parcial1_ws/install/mensaje/local/lib/python3.10/dist-packages/mensaje/srv/__init__.py
[1.931s] -- Up-to-date symlink: /home/kakurrix/Documents/Robotica/parcial1_ws/install/mensaje/local/lib/python3.10/dist-packages/mensaje/srv/_kinematics.py
[1.931s] -- Up-to-date symlink: /home/kakurrix/Documents/Robotica/parcial1_ws/install/mensaje/local/lib/python3.10/dist-packages/mensaje/srv/_kinematics_s.c
[1.931s] -- Up-to-date symlink: /home/kakurrix/Documents/Robotica/parcial1_ws/install/mensaje/local/lib/python3.10/dist-packages/mensaje/mensaje_s__rosidl_typesupport_fastrtps_c.cpython-310-x86_64-linux-gnu.so
[1.931s] -- Up-to-date symlink: /home/kakurrix/Documents/Robotica/parcial1_ws/install/mensaje/local/lib/python3.10/dist-packages/mensaje/mensaje_s__rosidl_typesupport_introspection_c.cpython-310-x86_64-linux-gnu.so
[1.932s] -- Up-to-date symlink: /home/kakurrix/Documents/Robotica/parcial1_ws/install/mensaje/local/lib/python3.10/dist-packages/mensaje/mensaje_s__rosidl_typesupport_c.cpython-310-x86_64-linux-gnu.so
[1.932s] -- Up-to-date symlink: /home/kakurrix/Documents/Robotica/parcial1_ws/install/mensaje/share/mensaje/msg/Num.idl
[1.932s] -- Up-to-date symlink: /home/kakurrix/Documents/Robotica/parcial1_ws/install/mensaje/share/mensaje/srv/Kinematics.idl
[1.932s] -- Up-to-date symlink: /home/kakurrix/Documents/Robotica/parcial1_ws/install/mensaje/share/mensaje/msg/Num.msg
[1.932s] -- Up-to-date symlink: /home/kakurrix/Documents/Robotica/parcial1_ws/install/mensaje/share/mensaje/srv/Kinematics.srv
[1.932s] -- Up-to-date symlink: /home/kakurrix/Documents/Robotica/parcial1_ws/install/mensaje/share/mensaje/srv/Kinematics_Request.msg
[1.932s] -- Up-to-date symlink: /home/kakurrix/Documents/Robotica/parcial1_ws/install/mensaje/share/mensaje/srv/Kinematics_Response.msg
[1.932s] -- Up-to-date symlink: /home/kakurrix/Documents/Robotica/parcial1_ws/install/mensaje/share/ament_index/resource_index/package_run_dependencies/mensaje
[1.933s] -- Up-to-date symlink: /home/kakurrix/Documents/Robotica/parcial1_ws/install/mensaje/share/ament_index/resource_index/parent_prefix_path/mensaje
[1.933s] -- Up-to-date symlink: /home/kakurrix/Documents/Robotica/parcial1_ws/install/mensaje/share/mensaje/environment/ament_prefix_path.sh
[1.933s] -- Up-to-date symlink: /home/kakurrix/Documents/Robotica/parcial1_ws/install/mensaje/share/mensaje/environment/ament_prefix_path.dsv
[1.933s] -- Up-to-date symlink: /home/kakurrix/Documents/Robotica/parcial1_ws/install/mensaje/share/mensaje/environment/path.sh
[1.933s] -- Up-to-date symlink: /home/kakurrix/Documents/Robotica/parcial1_ws/install/mensaje/share/mensaje/environment/path.dsv
[1.933s] -- Up-to-date symlink: /home/kakurrix/Documents/Robotica/parcial1_ws/install/mensaje/share/mensaje/local_setup.bash
[1.933s] -- Up-to-date symlink: /home/kakurrix/Documents/Robotica/parcial1_ws/install/mensaje/share/mensaje/local_setup.sh
[1.934s] -- Up-to-date symlink: /home/kakurrix/Documents/Robotica/parcial1_ws/install/mensaje/share/mensaje/local_setup.zsh
[1.934s] -- Up-to-date symlink: /home/kakurrix/Documents/Robotica/parcial1_ws/install/mensaje/share/mensaje/local_setup.dsv
[1.934s] -- Symlinking: /home/kakurrix/Documents/Robotica/parcial1_ws/install/mensaje/share/mensaje/package.dsv
[1.940s] -- Up-to-date symlink: /home/kakurrix/Documents/Robotica/parcial1_ws/install/mensaje/share/ament_index/resource_index/packages/mensaje
[1.940s] -- Up-to-date symlink: /home/kakurrix/Documents/Robotica/parcial1_ws/install/mensaje/share/mensaje/cmake/rosidl_cmake-extras.cmake
[1.941s] -- Up-to-date symlink: /home/kakurrix/Documents/Robotica/parcial1_ws/install/mensaje/share/mensaje/cmake/ament_cmake_export_dependencies-extras.cmake
[1.941s] -- Up-to-date symlink: /home/kakurrix/Documents/Robotica/parcial1_ws/install/mensaje/share/mensaje/cmake/ament_cmake_export_include_directories-extras.cmake
[1.941s] -- Up-to-date symlink: /home/kakurrix/Documents/Robotica/parcial1_ws/install/mensaje/share/mensaje/cmake/ament_cmake_export_libraries-extras.cmake
[1.941s] -- Up-to-date symlink: /home/kakurrix/Documents/Robotica/parcial1_ws/install/mensaje/share/mensaje/cmake/ament_cmake_export_targets-extras.cmake
[1.941s] -- Up-to-date symlink: /home/kakurrix/Documents/Robotica/parcial1_ws/install/mensaje/share/mensaje/cmake/rosidl_cmake_export_typesupport_targets-extras.cmake
[1.941s] -- Up-to-date symlink: /home/kakurrix/Documents/Robotica/parcial1_ws/install/mensaje/share/mensaje/cmake/rosidl_cmake_export_typesupport_libraries-extras.cmake
[1.941s] -- Up-to-date symlink: /home/kakurrix/Documents/Robotica/parcial1_ws/install/mensaje/share/mensaje/cmake/mensajeConfig.cmake
[1.941s] -- Up-to-date symlink: /home/kakurrix/Documents/Robotica/parcial1_ws/install/mensaje/share/mensaje/cmake/mensajeConfig-version.cmake
[1.942s] -- Up-to-date symlink: /home/kakurrix/Documents/Robotica/parcial1_ws/install/mensaje/share/mensaje/package.xml
[1.942s] -- Up-to-date: /home/kakurrix/Documents/Robotica/parcial1_ws/install/mensaje/lib/libmensaje__rosidl_generator_c.so
[1.942s] -- Up-to-date: /home/kakurrix/Documents/Robotica/parcial1_ws/install/mensaje/lib/libmensaje__rosidl_typesupport_fastrtps_c.so
[1.942s] -- Up-to-date: /home/kakurrix/Documents/Robotica/parcial1_ws/install/mensaje/lib/libmensaje__rosidl_typesupport_fastrtps_cpp.so
[1.942s] -- Up-to-date: /home/kakurrix/Documents/Robotica/parcial1_ws/install/mensaje/lib/libmensaje__rosidl_typesupport_introspection_c.so
[1.943s] -- Up-to-date: /home/kakurrix/Documents/Robotica/parcial1_ws/install/mensaje/lib/libmensaje__rosidl_typesupport_c.so
[1.943s] -- Up-to-date: /home/kakurrix/Documents/Robotica/parcial1_ws/install/mensaje/lib/libmensaje__rosidl_typesupport_introspection_cpp.so
[1.943s] -- Up-to-date: /home/kakurrix/Documents/Robotica/parcial1_ws/install/mensaje/lib/libmensaje__rosidl_typesupport_cpp.so
[1.971s] Listing '/home/kakurrix/Documents/Robotica/parcial1_ws/install/mensaje/local/lib/python3.10/dist-packages/mensaje'...
[1.971s] Compiling '/home/kakurrix/Documents/Robotica/parcial1_ws/install/mensaje/local/lib/python3.10/dist-packages/mensaje/__init__.py'...
[1.971s] Listing '/home/kakurrix/Documents/Robotica/parcial1_ws/install/mensaje/local/lib/python3.10/dist-packages/mensaje/msg'...
[1.971s] Listing '/home/kakurrix/Documents/Robotica/parcial1_ws/install/mensaje/local/lib/python3.10/dist-packages/mensaje/srv'...
[1.975s] -- Up-to-date: /home/kakurrix/Documents/Robotica/parcial1_ws/install/mensaje/lib/libmensaje__rosidl_generator_py.so
[1.975s] -- Up-to-date: /home/kakurrix/Documents/Robotica/parcial1_ws/install/mensaje/share/mensaje/cmake/export_mensaje__rosidl_generator_cExport.cmake
[1.975s] -- Up-to-date: /home/kakurrix/Documents/Robotica/parcial1_ws/install/mensaje/share/mensaje/cmake/export_mensaje__rosidl_generator_cExport-noconfig.cmake
[1.975s] -- Up-to-date: /home/kakurrix/Documents/Robotica/parcial1_ws/install/mensaje/share/mensaje/cmake/export_mensaje__rosidl_typesupport_fastrtps_cExport.cmake
[1.975s] -- Up-to-date: /home/kakurrix/Documents/Robotica/parcial1_ws/install/mensaje/share/mensaje/cmake/export_mensaje__rosidl_typesupport_fastrtps_cExport-noconfig.cmake
[1.975s] -- Up-to-date: /home/kakurrix/Documents/Robotica/parcial1_ws/install/mensaje/share/mensaje/cmake/export_mensaje__rosidl_generator_cppExport.cmake
[1.975s] -- Up-to-date: /home/kakurrix/Documents/Robotica/parcial1_ws/install/mensaje/share/mensaje/cmake/export_mensaje__rosidl_typesupport_fastrtps_cppExport.cmake
[1.975s] -- Up-to-date: /home/kakurrix/Documents/Robotica/parcial1_ws/install/mensaje/share/mensaje/cmake/export_mensaje__rosidl_typesupport_fastrtps_cppExport-noconfig.cmake
[1.976s] -- Up-to-date: /home/kakurrix/Documents/Robotica/parcial1_ws/install/mensaje/share/mensaje/cmake/mensaje__rosidl_typesupport_introspection_cExport.cmake
[1.976s] -- Up-to-date: /home/kakurrix/Documents/Robotica/parcial1_ws/install/mensaje/share/mensaje/cmake/mensaje__rosidl_typesupport_introspection_cExport-noconfig.cmake
[1.976s] -- Up-to-date: /home/kakurrix/Documents/Robotica/parcial1_ws/install/mensaje/share/mensaje/cmake/mensaje__rosidl_typesupport_cExport.cmake
[1.976s] -- Up-to-date: /home/kakurrix/Documents/Robotica/parcial1_ws/install/mensaje/share/mensaje/cmake/mensaje__rosidl_typesupport_cExport-noconfig.cmake
[1.976s] -- Up-to-date: /home/kakurrix/Documents/Robotica/parcial1_ws/install/mensaje/share/mensaje/cmake/mensaje__rosidl_typesupport_introspection_cppExport.cmake
[1.976s] -- Up-to-date: /home/kakurrix/Documents/Robotica/parcial1_ws/install/mensaje/share/mensaje/cmake/mensaje__rosidl_typesupport_introspection_cppExport-noconfig.cmake
[1.976s] -- Up-to-date: /home/kakurrix/Documents/Robotica/parcial1_ws/install/mensaje/share/mensaje/cmake/mensaje__rosidl_typesupport_cppExport.cmake
[1.976s] -- Up-to-date: /home/kakurrix/Documents/Robotica/parcial1_ws/install/mensaje/share/mensaje/cmake/mensaje__rosidl_typesupport_cppExport-noconfig.cmake
[1.976s] -- Up-to-date: /home/kakurrix/Documents/Robotica/parcial1_ws/install/mensaje/share/mensaje/cmake/export_mensaje__rosidl_generator_pyExport.cmake
[1.976s] -- Up-to-date: /home/kakurrix/Documents/Robotica/parcial1_ws/install/mensaje/share/mensaje/cmake/export_mensaje__rosidl_generator_pyExport-noconfig.cmake
[1.978s] Invoked command in '/home/kakurrix/Documents/Robotica/parcial1_ws/build/mensaje' returned '0': CMAKE_PREFIX_PATH=${CMAKE_PREFIX_PATH}:/home/kakurrix/Documents/Robotica/parcial1_ws/install/publicador:/home/kakurrix/Documents/Robotica/parcial1_ws/install/ejer3py:/home/kakurrix/Documents/Robotica/parcial1_ws/install/ejer2py:/opt/ros/humble /usr/bin/cmake --install /home/kakurrix/Documents/Robotica/parcial1_ws/build/mensaje
