[1.562s] Invoking command in '/home/kakurrix/Documents/Robotica/parcial1_ws/src/ejer2py': PYTHONPATH=/home/kakurrix/Documents/Robotica/parcial1_ws/build/ejer2py/prefix_override:/usr/lib/python3/dist-packages/colcon_core/task/python/colcon_distutils_commands:/home/kakurrix/Documents/Robotica/parcial1_ws/install/ejer2py/lib/python3.10/site-packages:${PYTHONPATH} /usr/bin/python3 -W ignore:setup.py install is deprecated -W ignore:easy_install command is deprecated setup.py egg_info --egg-base ../../build/ejer2py build --build-base /home/kakurrix/Documents/Robotica/parcial1_ws/build/ejer2py/build install --record /home/kakurrix/Documents/Robotica/parcial1_ws/build/ejer2py/install.log --single-version-externally-managed install_data
[1.867s] running egg_info
[1.868s] writing ../../build/ejer2py/ejer2py.egg-info/PKG-INFO
[1.868s] writing dependency_links to ../../build/ejer2py/ejer2py.egg-info/dependency_links.txt
[1.868s] writing entry points to ../../build/ejer2py/ejer2py.egg-info/entry_points.txt
[1.868s] writing requirements to ../../build/ejer2py/ejer2py.egg-info/requires.txt
[1.868s] writing top-level names to ../../build/ejer2py/ejer2py.egg-info/top_level.txt
[1.870s] reading manifest file '../../build/ejer2py/ejer2py.egg-info/SOURCES.txt'
[1.870s] adding license file 'LICENSE'
[1.871s] writing manifest file '../../build/ejer2py/ejer2py.egg-info/SOURCES.txt'
[1.871s] running build
[1.872s] running build_py
[1.872s] running install
[1.872s] running install_lib
[1.874s] running install_data
[1.874s] running install_egg_info
[1.876s] removing '/home/kakurrix/Documents/Robotica/parcial1_ws/install/ejer2py/lib/python3.10/site-packages/ejer2py-0.0.0-py3.10.egg-info' (and everything under it)
[1.876s] Copying ../../build/ejer2py/ejer2py.egg-info to /home/kakurrix/Documents/Robotica/parcial1_ws/install/ejer2py/lib/python3.10/site-packages/ejer2py-0.0.0-py3.10.egg-info
[1.877s] running install_scripts
[1.904s] Installing pub1 script to /home/kakurrix/Documents/Robotica/parcial1_ws/install/ejer2py/lib/ejer2py
[1.904s] Installing pub2 script to /home/kakurrix/Documents/Robotica/parcial1_ws/install/ejer2py/lib/ejer2py
[1.905s] Installing pub3 script to /home/kakurrix/Documents/Robotica/parcial1_ws/install/ejer2py/lib/ejer2py
[1.905s] Installing pubsubprome script to /home/kakurrix/Documents/Robotica/parcial1_ws/install/ejer2py/lib/ejer2py
[1.905s] Installing versub script to /home/kakurrix/Documents/Robotica/parcial1_ws/install/ejer2py/lib/ejer2py
[1.906s] writing list of installed files to '/home/kakurrix/Documents/Robotica/parcial1_ws/build/ejer2py/install.log'
[1.952s] Invoked command in '/home/kakurrix/Documents/Robotica/parcial1_ws/src/ejer2py' returned '0': PYTHONPATH=/home/kakurrix/Documents/Robotica/parcial1_ws/build/ejer2py/prefix_override:/usr/lib/python3/dist-packages/colcon_core/task/python/colcon_distutils_commands:/home/kakurrix/Documents/Robotica/parcial1_ws/install/ejer2py/lib/python3.10/site-packages:${PYTHONPATH} /usr/bin/python3 -W ignore:setup.py install is deprecated -W ignore:easy_install command is deprecated setup.py egg_info --egg-base ../../build/ejer2py build --build-base /home/kakurrix/Documents/Robotica/parcial1_ws/build/ejer2py/build install --record /home/kakurrix/Documents/Robotica/parcial1_ws/build/ejer2py/install.log --single-version-externally-managed install_data
