[0.484s] Invoking command in '/home/kakurrix/Documents/Robotica/ejemplo1_ws/src/my_package': AMENT_PREFIX_PATH=/home/kakurrix/Documents/Robotica/ejemplo1_ws/install/ucb_interface:${AMENT_PREFIX_PATH} CMAKE_PREFIX_PATH=/home/kakurrix/Documents/Robotica/ejemplo1_ws/install/ucb_interface PYTHONPATH=/home/kakurrix/Documents/Robotica/ejemplo1_ws/build/my_package/prefix_override:/usr/lib/python3/dist-packages/colcon_core/task/python/colcon_distutils_commands:/home/kakurrix/Documents/Robotica/ejemplo1_ws/install/my_package/lib/python3.10/site-packages:${PYTHONPATH} /usr/bin/python3 -W ignore:setup.py install is deprecated -W ignore:easy_install command is deprecated setup.py egg_info --egg-base ../../build/my_package build --build-base /home/kakurrix/Documents/Robotica/ejemplo1_ws/build/my_package/build install --record /home/kakurrix/Documents/Robotica/ejemplo1_ws/build/my_package/install.log --single-version-externally-managed install_data
[0.675s] running egg_info
[0.675s] writing ../../build/my_package/my_package.egg-info/PKG-INFO
[0.675s] writing dependency_links to ../../build/my_package/my_package.egg-info/dependency_links.txt
[0.675s] writing entry points to ../../build/my_package/my_package.egg-info/entry_points.txt
[0.676s] writing requirements to ../../build/my_package/my_package.egg-info/requires.txt
[0.676s] writing top-level names to ../../build/my_package/my_package.egg-info/top_level.txt
[0.677s] reading manifest file '../../build/my_package/my_package.egg-info/SOURCES.txt'
[0.678s] writing manifest file '../../build/my_package/my_package.egg-info/SOURCES.txt'
[0.678s] running build
[0.678s] running build_py
[0.678s] copying my_package/pub_custom_msg.py -> /home/kakurrix/Documents/Robotica/ejemplo1_ws/build/my_package/build/lib/my_package
[0.678s] running install
[0.679s] running install_lib
[0.679s] copying /home/kakurrix/Documents/Robotica/ejemplo1_ws/build/my_package/build/lib/my_package/pub_custom_msg.py -> /home/kakurrix/Documents/Robotica/ejemplo1_ws/install/my_package/lib/python3.10/site-packages/my_package
[0.680s] byte-compiling /home/kakurrix/Documents/Robotica/ejemplo1_ws/install/my_package/lib/python3.10/site-packages/my_package/pub_custom_msg.py to pub_custom_msg.cpython-310.pyc
[0.680s] running install_data
[0.680s] copying package.xml -> /home/kakurrix/Documents/Robotica/ejemplo1_ws/install/my_package/share/my_package
[0.680s] running install_egg_info
[0.681s] removing '/home/kakurrix/Documents/Robotica/ejemplo1_ws/install/my_package/lib/python3.10/site-packages/my_package-0.0.0-py3.10.egg-info' (and everything under it)
[0.682s] Copying ../../build/my_package/my_package.egg-info to /home/kakurrix/Documents/Robotica/ejemplo1_ws/install/my_package/lib/python3.10/site-packages/my_package-0.0.0-py3.10.egg-info
[0.682s] running install_scripts
[0.699s] Installing ejemplo_int script to /home/kakurrix/Documents/Robotica/ejemplo1_ws/install/my_package/lib/my_package
[0.699s] Installing ejemplo_my_package.pub_custom_msg script to /home/kakurrix/Documents/Robotica/ejemplo1_ws/install/my_package/lib/my_package
[0.699s] Installing ejemplo_pub script to /home/kakurrix/Documents/Robotica/ejemplo1_ws/install/my_package/lib/my_package
[0.699s] Installing ejemplo_sub script to /home/kakurrix/Documents/Robotica/ejemplo1_ws/install/my_package/lib/my_package
[0.699s] writing list of installed files to '/home/kakurrix/Documents/Robotica/ejemplo1_ws/build/my_package/install.log'
[0.716s] Invoked command in '/home/kakurrix/Documents/Robotica/ejemplo1_ws/src/my_package' returned '0': AMENT_PREFIX_PATH=/home/kakurrix/Documents/Robotica/ejemplo1_ws/install/ucb_interface:${AMENT_PREFIX_PATH} CMAKE_PREFIX_PATH=/home/kakurrix/Documents/Robotica/ejemplo1_ws/install/ucb_interface PYTHONPATH=/home/kakurrix/Documents/Robotica/ejemplo1_ws/build/my_package/prefix_override:/usr/lib/python3/dist-packages/colcon_core/task/python/colcon_distutils_commands:/home/kakurrix/Documents/Robotica/ejemplo1_ws/install/my_package/lib/python3.10/site-packages:${PYTHONPATH} /usr/bin/python3 -W ignore:setup.py install is deprecated -W ignore:easy_install command is deprecated setup.py egg_info --egg-base ../../build/my_package build --build-base /home/kakurrix/Documents/Robotica/ejemplo1_ws/build/my_package/build install --record /home/kakurrix/Documents/Robotica/ejemplo1_ws/build/my_package/install.log --single-version-externally-managed install_data
